#
# There is insufficient memory for the Java Runtime Environment to continue.
# Native memory allocation (malloc) failed to allocate 284336 bytes for Chunk::new
# Possible reasons:
#   The system is out of physical RAM or swap space
#   The process is running with CompressedOops enabled, and the Java Heap may be blocking the growth of the native heap
# Possible solutions:
#   Reduce memory load on the system
#   Increase physical memory or swap space
#   Check if swap backing store is full
#   Decrease Java heap size (-Xmx/-Xms)
#   Decrease number of Java threads
#   Decrease Java thread stack sizes (-Xss)
#   Set larger code cache with -XX:ReservedCodeCacheSize=
#   JVM is running with Unscaled Compressed Oops mode in which the Java heap is
#     placed in the first 4GB address space. The Java Heap base address is the
#     maximum limit for the native heap growth. Please use -XX:HeapBaseMinAddress
#     to set the Java Heap base and to place the Java Heap above 4GB virtual address.
# This output file may be truncated or incomplete.
#
#  Out of Memory Error (arena.cpp:168), pid=15636, tid=18576
#
# JRE version: Java(TM) SE Runtime Environment (21.0.7+8) (build 21.0.7+8-LTS-245)
# Java VM: Java HotSpot(TM) 64-Bit Server VM (21.0.7+8-LTS-245, mixed mode, sharing, tiered, compressed oops, compressed class ptrs, g1 gc, windows-amd64)
# No core dump will be written. Minidumps are not enabled by default on client versions of Windows
#

---------------  S U M M A R Y ------------

Command Line: -Dfile.encoding=UTF-8 --enable-preview --module-path=C:\belajar netbeans\Aplikasi Kasir Laundryyy\build\classes GUI.main

Host: 12th Gen Intel(R) Core(TM) i5-12450H, 12 cores, 7G,  Windows 11 , 64 bit Build 22621 (10.0.22621.5415)
Time: Sat Jan  3 14:14:58 2026 SE Asia Standard Time elapsed time: 810.107736 seconds (0d 0h 13m 30s)

---------------  T H R E A D  ---------------

Current thread (0x000002a65727a760):  JavaThread "C2 CompilerThread0" daemon [_thread_in_native, id=18576, stack(0x000000e922800000,0x000000e922900000) (1024K)]


Current CompileTask:
C2: 810108 3951       4       javax.swing.RepaintManager::collectDirtyComponents (344 bytes)

Stack: [0x000000e922800000,0x000000e922900000]
Native frames: (J=compiled Java code, j=interpreted, Vv=VM code, C=native code)
V  [jvm.dll+0x6cae19]
V  [jvm.dll+0x855741]
V  [jvm.dll+0x857c6e]
V  [jvm.dll+0x858343]
V  [jvm.dll+0x27e0b6]
V  [jvm.dll+0xc4ecd]
V  [jvm.dll+0xc5403]
V  [jvm.dll+0x2f145d]
V  [jvm.dll+0x5f5a8a]
V  [jvm.dll+0x24fbc2]
V  [jvm.dll+0x24852f]
V  [jvm.dll+0x246004]
V  [jvm.dll+0x1c6efe]
V  [jvm.dll+0x255819]
V  [jvm.dll+0x253daa]
V  [jvm.dll+0x3eebb6]
V  [jvm.dll+0x7ffa1b]
V  [jvm.dll+0x6c94fd]
C  [ucrtbase.dll+0x29333]
C  [KERNEL32.DLL+0x1259d]
C  [ntdll.dll+0x5af78]


---------------  P R O C E S S  ---------------

Threads class SMR info:
_java_thread_list=0x000002a69fdfaa10, length=17, elements={
0x000002a65725d290, 0x000002a65725dfa0, 0x000002a6572688d0, 0x000002a65726b7c0,
0x000002a657262210, 0x000002a6572607d0, 0x000002a65727a760, 0x000002a65727de20,
0x000002a657262f30, 0x000002a6572635c0, 0x000002a657260e60, 0x000002a657261b80,
0x000002a6572628a0, 0x000002a657263c50, 0x000002a6572614f0, 0x000002a69e1f3550,
0x000002a69e1f21a0
}

Java Threads: ( => current thread )
  0x000002a65725d290 JavaThread "Reference Handler"          daemon [_thread_blocked, id=14160, stack(0x000000e922200000,0x000000e922300000) (1024K)]
  0x000002a65725dfa0 JavaThread "Finalizer"                  daemon [_thread_blocked, id=11372, stack(0x000000e922300000,0x000000e922400000) (1024K)]
  0x000002a6572688d0 JavaThread "Signal Dispatcher"          daemon [_thread_blocked, id=15936, stack(0x000000e922400000,0x000000e922500000) (1024K)]
  0x000002a65726b7c0 JavaThread "Attach Listener"            daemon [_thread_blocked, id=5368, stack(0x000000e922500000,0x000000e922600000) (1024K)]
  0x000002a657262210 JavaThread "Service Thread"             daemon [_thread_blocked, id=2360, stack(0x000000e922600000,0x000000e922700000) (1024K)]
  0x000002a6572607d0 JavaThread "Monitor Deflation Thread"   daemon [_thread_blocked, id=8352, stack(0x000000e922700000,0x000000e922800000) (1024K)]
=>0x000002a65727a760 JavaThread "C2 CompilerThread0"         daemon [_thread_in_native, id=18576, stack(0x000000e922800000,0x000000e922900000) (1024K)]
  0x000002a65727de20 JavaThread "C1 CompilerThread0"         daemon [_thread_blocked, id=2716, stack(0x000000e922900000,0x000000e922a00000) (1024K)]
  0x000002a657262f30 JavaThread "Common-Cleaner"             daemon [_thread_blocked, id=2600, stack(0x000000e922a00000,0x000000e922b00000) (1024K)]
  0x000002a6572635c0 JavaThread "Notification Thread"        daemon [_thread_blocked, id=15088, stack(0x000000e922b00000,0x000000e922c00000) (1024K)]
  0x000002a657260e60 JavaThread "Java2D Disposer"            daemon [_thread_blocked, id=10932, stack(0x000000e922d00000,0x000000e922e00000) (1024K)]
  0x000002a657261b80 JavaThread "AWT-Shutdown"                      [_thread_blocked, id=14780, stack(0x000000e922e00000,0x000000e922f00000) (1024K)]
  0x000002a6572628a0 JavaThread "AWT-Windows"                daemon [_thread_in_native, id=16156, stack(0x000000e922f00000,0x000000e923000000) (1024K)]
  0x000002a657263c50 JavaThread "AWT-EventQueue-0"                  [_thread_blocked, id=13108, stack(0x000000e923000000,0x000000e923100000) (1024K)]
  0x000002a6572614f0 JavaThread "DestroyJavaVM"                     [_thread_blocked, id=18636, stack(0x000000e921a00000,0x000000e921b00000) (1024K)]
  0x000002a69e1f3550 JavaThread "TimerQueue"                 daemon [_thread_blocked, id=12868, stack(0x000000e923400000,0x000000e923500000) (1024K)]
  0x000002a69e1f21a0 JavaThread "mysql-cj-abandoned-connection-cleanup" daemon [_thread_blocked, id=14228, stack(0x000000e922c00000,0x000000e922d00000) (1024K)]
Total: 17

Other Threads:
  0x000002a63836dc20 VMThread "VM Thread"                           [id=14696, stack(0x000000e922100000,0x000000e922200000) (1024K)]
  0x000002a657237920 WatcherThread "VM Periodic Task Thread"        [id=14424, stack(0x000000e922000000,0x000000e922100000) (1024K)]
  0x000002a63836cda0 WorkerThread "GC Thread#0"                     [id=1480, stack(0x000000e921b00000,0x000000e921c00000) (1024K)]
  0x000002a6575ab1f0 WorkerThread "GC Thread#1"                     [id=12876, stack(0x000000e923600000,0x000000e923700000) (1024K)]
  0x000002a6575ab590 WorkerThread "GC Thread#2"                     [id=10152, stack(0x000000e923700000,0x000000e923800000) (1024K)]
  0x000002a6575a9fd0 WorkerThread "GC Thread#3"                     [id=1212, stack(0x000000e923800000,0x000000e923900000) (1024K)]
  0x000002a6575a8db0 WorkerThread "GC Thread#4"                     [id=8040, stack(0x000000e923900000,0x000000e923a00000) (1024K)]
  0x000002a6575a9150 WorkerThread "GC Thread#5"                     [id=19988, stack(0x000000e923a00000,0x000000e923b00000) (1024K)]
  0x000002a6575ac070 WorkerThread "GC Thread#6"                     [id=6676, stack(0x000000e923b00000,0x000000e923c00000) (1024K)]
  0x000002a6575a8a10 WorkerThread "GC Thread#7"                     [id=4520, stack(0x000000e923c00000,0x000000e923d00000) (1024K)]
  0x000002a6575a94f0 WorkerThread "GC Thread#8"                     [id=11544, stack(0x000000e923d00000,0x000000e923e00000) (1024K)]
  0x000002a6575ab930 WorkerThread "GC Thread#9"                     [id=2620, stack(0x000000e923e00000,0x000000e923f00000) (1024K)]
  0x000002a63866e050 ConcurrentGCThread "G1 Main Marker"            [id=16224, stack(0x000000e921c00000,0x000000e921d00000) (1024K)]
  0x000002a63836d880 WorkerThread "G1 Conc#0"                       [id=9336, stack(0x000000e921d00000,0x000000e921e00000) (1024K)]
  0x000002a6575a8670 WorkerThread "G1 Conc#1"                       [id=4048, stack(0x000000e924000000,0x000000e924100000) (1024K)]
  0x000002a6575aa710 WorkerThread "G1 Conc#2"                       [id=14392, stack(0x000000e924100000,0x000000e924200000) (1024K)]
  0x000002a657103180 ConcurrentGCThread "G1 Refine#0"               [id=9712, stack(0x000000e921e00000,0x000000e921f00000) (1024K)]
  0x000002a657103cf0 ConcurrentGCThread "G1 Service"                [id=5924, stack(0x000000e921f00000,0x000000e922000000) (1024K)]
Total: 18

Threads with active compile tasks:
C2 CompilerThread0   810184 3951       4       javax.swing.RepaintManager::collectDirtyComponents (344 bytes)
Total: 1

VM state: not at safepoint (normal execution)

VM Mutex/Monitor currently owned by a thread: None

Heap address: 0x0000000084c00000, size: 1972 MB, Compressed Oops mode: 32-bit

CDS archive(s) mapped at: [0x000002a658000000-0x000002a658c90000-0x000002a658c90000), size 13172736, SharedBaseAddress: 0x000002a658000000, ArchiveRelocationMode: 1.
Compressed class space mapped at: 0x000002a659000000-0x000002a699000000, reserved size: 1073741824
Narrow klass base: 0x000002a658000000, Narrow klass shift: 0, Narrow klass range: 0x100000000

GC Precious Log:
 CardTable entry size: 512
 Card Set container configuration: InlinePtr #cards 5 size 8 Array Of Cards #cards 12 size 40 Howl #buckets 4 coarsen threshold 1843 Howl Bitmap #cards 512 size 80 coarsen threshold 460 Card regions per heap region 1 cards per card region 2048
 CPUs: 12 total, 12 available
 Memory: 7884M
 Large Page Support: Disabled
 NUMA Support: Disabled
 Compressed Oops: Enabled (32-bit)
 Heap Region Size: 1M
 Heap Min Capacity: 8M
 Heap Initial Capacity: 124M
 Heap Max Capacity: 1972M
 Pre-touch: Disabled
 Parallel Workers: 10
 Concurrent Workers: 3
 Concurrent Refinement Workers: 10
 Periodic GC: Disabled

Heap:
 garbage-first heap   total 99328K, used 61644K [0x0000000084c00000, 0x0000000100000000)
  region size 1024K, 38 young (38912K), 3 survivors (3072K)
 Metaspace       used 22844K, committed 23104K, reserved 1114112K
  class space    used 2499K, committed 2624K, reserved 1048576K

Heap Regions: E=young(eden), S=young(survivor), O=old, HS=humongous(starts), HC=humongous(continues), CS=collection set, F=free, TAMS=top-at-mark-start, PB=parsable bottom
|   0|0x0000000084c00000, 0x0000000084d00000, 0x0000000084d00000|100%|HS|  |TAMS 0x0000000084c00000| PB 0x0000000084c00000| Complete 
|   1|0x0000000084d00000, 0x0000000084e00000, 0x0000000084e00000|100%|HC|  |TAMS 0x0000000084d00000| PB 0x0000000084d00000| Complete 
|   2|0x0000000084e00000, 0x0000000084f00000, 0x0000000084f00000|100%| O|  |TAMS 0x0000000084e00000| PB 0x0000000084e00000| Untracked 
|   3|0x0000000084f00000, 0x0000000085000000, 0x0000000085000000|100%| O|  |TAMS 0x0000000084f00000| PB 0x0000000084f00000| Untracked 
|   4|0x0000000085000000, 0x0000000085100000, 0x0000000085100000|100%| O|  |TAMS 0x0000000085000000| PB 0x0000000085000000| Untracked 
|   5|0x0000000085100000, 0x0000000085200000, 0x0000000085200000|100%|HS|  |TAMS 0x0000000085100000| PB 0x0000000085100000| Complete 
|   6|0x0000000085200000, 0x0000000085300000, 0x0000000085300000|100%|HC|  |TAMS 0x0000000085200000| PB 0x0000000085200000| Complete 
|   7|0x0000000085300000, 0x0000000085400000, 0x0000000085400000|100%|HC|  |TAMS 0x0000000085300000| PB 0x0000000085300000| Complete 
|   8|0x0000000085400000, 0x0000000085500000, 0x0000000085500000|100%|HC|  |TAMS 0x0000000085400000| PB 0x0000000085400000| Complete 
|   9|0x0000000085500000, 0x0000000085600000, 0x0000000085600000|100%|HC|  |TAMS 0x0000000085500000| PB 0x0000000085500000| Complete 
|  10|0x0000000085600000, 0x0000000085700000, 0x0000000085700000|100%|HC|  |TAMS 0x0000000085600000| PB 0x0000000085600000| Complete 
|  11|0x0000000085700000, 0x0000000085800000, 0x0000000085800000|100%|HC|  |TAMS 0x0000000085700000| PB 0x0000000085700000| Complete 
|  12|0x0000000085800000, 0x0000000085900000, 0x0000000085900000|100%|HC|  |TAMS 0x0000000085800000| PB 0x0000000085800000| Complete 
|  13|0x0000000085900000, 0x0000000085a00000, 0x0000000085a00000|100%|HS|  |TAMS 0x0000000085900000| PB 0x0000000085900000| Complete 
|  14|0x0000000085a00000, 0x0000000085b00000, 0x0000000085b00000|100%|HC|  |TAMS 0x0000000085a00000| PB 0x0000000085a00000| Complete 
|  15|0x0000000085b00000, 0x0000000085c00000, 0x0000000085c00000|100%|HC|  |TAMS 0x0000000085b00000| PB 0x0000000085b00000| Complete 
|  16|0x0000000085c00000, 0x0000000085d00000, 0x0000000085d00000|100%|HC|  |TAMS 0x0000000085c00000| PB 0x0000000085c00000| Complete 
|  17|0x0000000085d00000, 0x0000000085e00000, 0x0000000085e00000|100%|HC|  |TAMS 0x0000000085d00000| PB 0x0000000085d00000| Complete 
|  18|0x0000000085e00000, 0x0000000085f00000, 0x0000000085f00000|100%|HC|  |TAMS 0x0000000085e00000| PB 0x0000000085e00000| Complete 
|  19|0x0000000085f00000, 0x0000000086000000, 0x0000000086000000|100%|HC|  |TAMS 0x0000000085f00000| PB 0x0000000085f00000| Complete 
|  20|0x0000000086000000, 0x0000000086100000, 0x0000000086100000|100%|HC|  |TAMS 0x0000000086000000| PB 0x0000000086000000| Complete 
|  21|0x0000000086100000, 0x0000000086200000, 0x0000000086200000|100%| O|  |TAMS 0x0000000086100000| PB 0x0000000086100000| Untracked 
|  22|0x0000000086200000, 0x0000000086300000, 0x0000000086300000|100%| O|  |TAMS 0x0000000086200000| PB 0x0000000086200000| Untracked 
|  23|0x0000000086300000, 0x00000000863be460, 0x0000000086400000| 74%| O|Cm|TAMS 0x0000000086300000| PB 0x0000000086300000| Complete 
|  24|0x0000000086400000, 0x0000000086400000, 0x0000000086500000|  0%| F|  |TAMS 0x0000000086400000| PB 0x0000000086400000| Untracked 
|  25|0x0000000086500000, 0x0000000086500000, 0x0000000086600000|  0%| F|  |TAMS 0x0000000086500000| PB 0x0000000086500000| Untracked 
|  26|0x0000000086600000, 0x0000000086600000, 0x0000000086700000|  0%| F|  |TAMS 0x0000000086600000| PB 0x0000000086600000| Untracked 
|  27|0x0000000086700000, 0x0000000086700000, 0x0000000086800000|  0%| F|  |TAMS 0x0000000086700000| PB 0x0000000086700000| Untracked 
|  28|0x0000000086800000, 0x0000000086800000, 0x0000000086900000|  0%| F|  |TAMS 0x0000000086800000| PB 0x0000000086800000| Untracked 
|  29|0x0000000086900000, 0x0000000086900000, 0x0000000086a00000|  0%| F|  |TAMS 0x0000000086900000| PB 0x0000000086900000| Untracked 
|  30|0x0000000086a00000, 0x0000000086a00000, 0x0000000086b00000|  0%| F|  |TAMS 0x0000000086a00000| PB 0x0000000086a00000| Untracked 
|  31|0x0000000086b00000, 0x0000000086b00000, 0x0000000086c00000|  0%| F|  |TAMS 0x0000000086b00000| PB 0x0000000086b00000| Untracked 
|  32|0x0000000086c00000, 0x0000000086c00000, 0x0000000086d00000|  0%| F|  |TAMS 0x0000000086c00000| PB 0x0000000086c00000| Untracked 
|  33|0x0000000086d00000, 0x0000000086d00000, 0x0000000086e00000|  0%| F|  |TAMS 0x0000000086d00000| PB 0x0000000086d00000| Untracked 
|  34|0x0000000086e00000, 0x0000000086e00000, 0x0000000086f00000|  0%| F|  |TAMS 0x0000000086e00000| PB 0x0000000086e00000| Untracked 
|  35|0x0000000086f00000, 0x0000000086f00000, 0x0000000087000000|  0%| F|  |TAMS 0x0000000086f00000| PB 0x0000000086f00000| Untracked 
|  36|0x0000000087000000, 0x0000000087000000, 0x0000000087100000|  0%| F|  |TAMS 0x0000000087000000| PB 0x0000000087000000| Untracked 
|  37|0x0000000087100000, 0x0000000087100000, 0x0000000087200000|  0%| F|  |TAMS 0x0000000087100000| PB 0x0000000087100000| Untracked 
|  38|0x0000000087200000, 0x0000000087200000, 0x0000000087300000|  0%| F|  |TAMS 0x0000000087200000| PB 0x0000000087200000| Untracked 
|  39|0x0000000087300000, 0x0000000087300000, 0x0000000087400000|  0%| F|  |TAMS 0x0000000087300000| PB 0x0000000087300000| Untracked 
|  40|0x0000000087400000, 0x0000000087400000, 0x0000000087500000|  0%| F|  |TAMS 0x0000000087400000| PB 0x0000000087400000| Untracked 
|  41|0x0000000087500000, 0x0000000087500000, 0x0000000087600000|  0%| F|  |TAMS 0x0000000087500000| PB 0x0000000087500000| Untracked 
|  42|0x0000000087600000, 0x0000000087600000, 0x0000000087700000|  0%| F|  |TAMS 0x0000000087600000| PB 0x0000000087600000| Untracked 
|  43|0x0000000087700000, 0x0000000087700000, 0x0000000087800000|  0%| F|  |TAMS 0x0000000087700000| PB 0x0000000087700000| Untracked 
|  44|0x0000000087800000, 0x0000000087800000, 0x0000000087900000|  0%| F|  |TAMS 0x0000000087800000| PB 0x0000000087800000| Untracked 
|  45|0x0000000087900000, 0x0000000087900000, 0x0000000087a00000|  0%| F|  |TAMS 0x0000000087900000| PB 0x0000000087900000| Untracked 
|  46|0x0000000087a00000, 0x0000000087a00000, 0x0000000087b00000|  0%| F|  |TAMS 0x0000000087a00000| PB 0x0000000087a00000| Untracked 
|  47|0x0000000087b00000, 0x0000000087b00000, 0x0000000087c00000|  0%| F|  |TAMS 0x0000000087b00000| PB 0x0000000087b00000| Untracked 
|  48|0x0000000087c00000, 0x0000000087c00000, 0x0000000087d00000|  0%| F|  |TAMS 0x0000000087c00000| PB 0x0000000087c00000| Untracked 
|  49|0x0000000087d00000, 0x0000000087d00000, 0x0000000087e00000|  0%| F|  |TAMS 0x0000000087d00000| PB 0x0000000087d00000| Untracked 
|  50|0x0000000087e00000, 0x0000000087e00000, 0x0000000087f00000|  0%| F|  |TAMS 0x0000000087e00000| PB 0x0000000087e00000| Untracked 
|  51|0x0000000087f00000, 0x0000000087f00000, 0x0000000088000000|  0%| F|  |TAMS 0x0000000087f00000| PB 0x0000000087f00000| Untracked 
|  52|0x0000000088000000, 0x0000000088000000, 0x0000000088100000|  0%| F|  |TAMS 0x0000000088000000| PB 0x0000000088000000| Untracked 
|  53|0x0000000088100000, 0x0000000088100000, 0x0000000088200000|  0%| F|  |TAMS 0x0000000088100000| PB 0x0000000088100000| Untracked 
|  54|0x0000000088200000, 0x0000000088200000, 0x0000000088300000|  0%| F|  |TAMS 0x0000000088200000| PB 0x0000000088200000| Untracked 
|  55|0x0000000088300000, 0x0000000088300000, 0x0000000088400000|  0%| F|  |TAMS 0x0000000088300000| PB 0x0000000088300000| Untracked 
|  56|0x0000000088400000, 0x0000000088400000, 0x0000000088500000|  0%| F|  |TAMS 0x0000000088400000| PB 0x0000000088400000| Untracked 
|  57|0x0000000088500000, 0x0000000088500000, 0x0000000088600000|  0%| F|  |TAMS 0x0000000088500000| PB 0x0000000088500000| Untracked 
|  58|0x0000000088600000, 0x0000000088600000, 0x0000000088700000|  0%| F|  |TAMS 0x0000000088600000| PB 0x0000000088600000| Untracked 
|  59|0x0000000088700000, 0x0000000088770568, 0x0000000088800000| 43%| E|  |TAMS 0x0000000088700000| PB 0x0000000088700000| Complete 
|  60|0x0000000088800000, 0x0000000088900000, 0x0000000088900000|100%| E|CS|TAMS 0x0000000088800000| PB 0x0000000088800000| Complete 
|  61|0x0000000088900000, 0x0000000088a00000, 0x0000000088a00000|100%| E|CS|TAMS 0x0000000088900000| PB 0x0000000088900000| Complete 
|  62|0x0000000088a00000, 0x0000000088b00000, 0x0000000088b00000|100%| E|CS|TAMS 0x0000000088a00000| PB 0x0000000088a00000| Complete 
|  63|0x0000000088b00000, 0x0000000088c00000, 0x0000000088c00000|100%| E|CS|TAMS 0x0000000088b00000| PB 0x0000000088b00000| Complete 
|  64|0x0000000088c00000, 0x0000000088d00000, 0x0000000088d00000|100%| E|CS|TAMS 0x0000000088c00000| PB 0x0000000088c00000| Complete 
|  65|0x0000000088d00000, 0x0000000088e00000, 0x0000000088e00000|100%| E|CS|TAMS 0x0000000088d00000| PB 0x0000000088d00000| Complete 
|  66|0x0000000088e00000, 0x0000000088f00000, 0x0000000088f00000|100%| E|CS|TAMS 0x0000000088e00000| PB 0x0000000088e00000| Complete 
|  67|0x0000000088f00000, 0x0000000089000000, 0x0000000089000000|100%| E|CS|TAMS 0x0000000088f00000| PB 0x0000000088f00000| Complete 
|  68|0x0000000089000000, 0x0000000089100000, 0x0000000089100000|100%| E|CS|TAMS 0x0000000089000000| PB 0x0000000089000000| Complete 
|  69|0x0000000089100000, 0x0000000089200000, 0x0000000089200000|100%| E|CS|TAMS 0x0000000089100000| PB 0x0000000089100000| Complete 
|  70|0x0000000089200000, 0x0000000089300000, 0x0000000089300000|100%| E|CS|TAMS 0x0000000089200000| PB 0x0000000089200000| Complete 
|  71|0x0000000089300000, 0x0000000089400000, 0x0000000089400000|100%| E|CS|TAMS 0x0000000089300000| PB 0x0000000089300000| Complete 
|  72|0x0000000089400000, 0x0000000089500000, 0x0000000089500000|100%| E|CS|TAMS 0x0000000089400000| PB 0x0000000089400000| Complete 
|  73|0x0000000089500000, 0x0000000089600000, 0x0000000089600000|100%| E|CS|TAMS 0x0000000089500000| PB 0x0000000089500000| Complete 
|  74|0x0000000089600000, 0x0000000089700000, 0x0000000089700000|100%| E|CS|TAMS 0x0000000089600000| PB 0x0000000089600000| Complete 
|  75|0x0000000089700000, 0x0000000089800000, 0x0000000089800000|100%| E|CS|TAMS 0x0000000089700000| PB 0x0000000089700000| Complete 
|  76|0x0000000089800000, 0x0000000089900000, 0x0000000089900000|100%| E|CS|TAMS 0x0000000089800000| PB 0x0000000089800000| Complete 
|  77|0x0000000089900000, 0x0000000089a00000, 0x0000000089a00000|100%| E|CS|TAMS 0x0000000089900000| PB 0x0000000089900000| Complete 
|  78|0x0000000089a00000, 0x0000000089b00000, 0x0000000089b00000|100%| E|CS|TAMS 0x0000000089a00000| PB 0x0000000089a00000| Complete 
|  79|0x0000000089b00000, 0x0000000089c00000, 0x0000000089c00000|100%| E|CS|TAMS 0x0000000089b00000| PB 0x0000000089b00000| Complete 
|  80|0x0000000089c00000, 0x0000000089d00000, 0x0000000089d00000|100%| E|CS|TAMS 0x0000000089c00000| PB 0x0000000089c00000| Complete 
|  81|0x0000000089d00000, 0x0000000089e00000, 0x0000000089e00000|100%| E|CS|TAMS 0x0000000089d00000| PB 0x0000000089d00000| Complete 
|  82|0x0000000089e00000, 0x0000000089f00000, 0x0000000089f00000|100%| E|CS|TAMS 0x0000000089e00000| PB 0x0000000089e00000| Complete 
|  83|0x0000000089f00000, 0x000000008a000000, 0x000000008a000000|100%| E|CS|TAMS 0x0000000089f00000| PB 0x0000000089f00000| Complete 
|  84|0x000000008a000000, 0x000000008a100000, 0x000000008a100000|100%| E|CS|TAMS 0x000000008a000000| PB 0x000000008a000000| Complete 
|  85|0x000000008a100000, 0x000000008a200000, 0x000000008a200000|100%| E|CS|TAMS 0x000000008a100000| PB 0x000000008a100000| Complete 
|  86|0x000000008a200000, 0x000000008a300000, 0x000000008a300000|100%| E|CS|TAMS 0x000000008a200000| PB 0x000000008a200000| Complete 
|  87|0x000000008a300000, 0x000000008a400000, 0x000000008a400000|100%| E|CS|TAMS 0x000000008a300000| PB 0x000000008a300000| Complete 
|  88|0x000000008a400000, 0x000000008a500000, 0x000000008a500000|100%| E|CS|TAMS 0x000000008a400000| PB 0x000000008a400000| Complete 
|  89|0x000000008a500000, 0x000000008a600000, 0x000000008a600000|100%| E|CS|TAMS 0x000000008a500000| PB 0x000000008a500000| Complete 
|  90|0x000000008a600000, 0x000000008a700000, 0x000000008a700000|100%| E|CS|TAMS 0x000000008a600000| PB 0x000000008a600000| Complete 
|  91|0x000000008a700000, 0x000000008a800000, 0x000000008a800000|100%| E|CS|TAMS 0x000000008a700000| PB 0x000000008a700000| Complete 
| 112|0x000000008bc00000, 0x000000008bc74ce8, 0x000000008bd00000| 45%| S|CS|TAMS 0x000000008bc00000| PB 0x000000008bc00000| Complete 
| 113|0x000000008bd00000, 0x000000008be00000, 0x000000008be00000|100%| S|CS|TAMS 0x000000008bd00000| PB 0x000000008bd00000| Complete 
| 114|0x000000008be00000, 0x000000008bf00000, 0x000000008bf00000|100%| S|CS|TAMS 0x000000008be00000| PB 0x000000008be00000| Complete 
| 122|0x000000008c600000, 0x000000008c700000, 0x000000008c700000|100%| E|CS|TAMS 0x000000008c600000| PB 0x000000008c600000| Complete 
| 123|0x000000008c700000, 0x000000008c800000, 0x000000008c800000|100%| E|CS|TAMS 0x000000008c700000| PB 0x000000008c700000| Complete 

Card table byte_map: [0x000002a6522e0000,0x000002a6526c0000] _byte_map_base: 0x000002a651eba000

Marking Bits: (CMBitMap*) 0x000002a63865c920
 Bits: [0x000002a6526c0000, 0x000002a654590000)

Polling page: 0x000002a6386d0000

Metaspace:

Usage:
  Non-class:     19.87 MB used.
      Class:      2.44 MB used.
       Both:     22.31 MB used.

Virtual space:
  Non-class space:       64.00 MB reserved,      20.00 MB ( 31%) committed,  1 nodes.
      Class space:        1.00 GB reserved,       2.56 MB ( <1%) committed,  1 nodes.
             Both:        1.06 GB reserved,      22.56 MB (  2%) committed. 

Chunk freelists:
   Non-Class:  12.03 MB
       Class:  13.25 MB
        Both:  25.28 MB

MaxMetaspaceSize: unlimited
CompressedClassSpaceSize: 1.00 GB
Initial GC threshold: 21.00 MB
Current GC threshold: 35.12 MB
CDS: on
 - commit_granule_bytes: 65536.
 - commit_granule_words: 8192.
 - virtual_space_node_default_size: 8388608.
 - enlarge_chunks_in_place: 1.
 - use_allocation_guard: 0.


Internal statistics:

num_allocs_failed_limit: 3.
num_arena_births: 222.
num_arena_deaths: 0.
num_vsnodes_births: 2.
num_vsnodes_deaths: 0.
num_space_committed: 361.
num_space_uncommitted: 0.
num_chunks_returned_to_freelist: 3.
num_chunks_taken_from_freelist: 491.
num_chunk_merges: 0.
num_chunk_splits: 292.
num_chunks_enlarged: 170.
num_inconsistent_stats: 0.

CodeHeap 'non-profiled nmethods': size=120000Kb used=1865Kb max_used=1865Kb free=118134Kb
 bounds [0x000002a649d50000, 0x000002a649fc0000, 0x000002a651280000]
CodeHeap 'profiled nmethods': size=120000Kb used=8058Kb max_used=8058Kb free=111942Kb
 bounds [0x000002a642280000, 0x000002a642a60000, 0x000002a6497b0000]
CodeHeap 'non-nmethods': size=5760Kb used=1736Kb max_used=1780Kb free=4023Kb
 bounds [0x000002a6497b0000, 0x000002a649a20000, 0x000002a649d50000]
 total_blobs=4710 nmethods=3949 adapters=664
 compilation: enabled
              stopped_count=0, restarted_count=0
 full_count=0

Compilation events (20 events):
Event: 698.297 Thread 0x000002a65727a760 nmethod 3941 0x000002a649f1a010 code [0x000002a649f1a2e0, 0x000002a649f1bac8]
Event: 706.317 Thread 0x000002a65727a760 3942       4       sun.awt.image.SunVolatileImage::getHeight (5 bytes)
Event: 706.317 Thread 0x000002a65727a760 nmethod 3942 0x000002a649f1c710 code [0x000002a649f1c8a0, 0x000002a649f1c928]
Event: 731.464 Thread 0x000002a65727a760 3943       4       java.awt.geom.Path2D$Float::append (229 bytes)
Event: 731.472 Thread 0x000002a65727a760 nmethod 3943 0x000002a649f1ca10 code [0x000002a649f1cc40, 0x000002a649f1d8c0]
Event: 744.545 Thread 0x000002a65727a760 3944       4       java.util.concurrent.locks.AbstractQueuedSynchronizer$Node::getAndUnsetStatus (14 bytes)
Event: 744.546 Thread 0x000002a65727a760 nmethod 3944 0x000002a649f1e010 code [0x000002a649f1e1a0, 0x000002a649f1e270]
Event: 749.877 Thread 0x000002a65727de20 3945       3       sun.net.util.IPAddressUtil::checkAuth (45 bytes)
Event: 749.878 Thread 0x000002a65727de20 nmethod 3945 0x000002a642a5d690 code [0x000002a642a5d920, 0x000002a642a5e378]
Event: 757.374 Thread 0x000002a65727a760 3946       4       java.lang.StringUTF16::getChars (42 bytes)
Event: 757.377 Thread 0x000002a65727a760 nmethod 3946 0x000002a649f1e310 code [0x000002a649f1e4a0, 0x000002a649f1e730]
Event: 781.545 Thread 0x000002a65727a760 3947       4       javax.swing.JComponent::revalidate (53 bytes)
Event: 781.569 Thread 0x000002a65727a760 nmethod 3947 0x000002a649f1e910 code [0x000002a649f1ec80, 0x000002a649f20b78]
Event: 785.879 Thread 0x000002a65727a760 3948  s    4       javax.swing.RepaintManager::getPaintManager (107 bytes)
Event: 785.880 Thread 0x000002a65727a760 nmethod 3948 0x000002a649f21b90 code [0x000002a649f21d20, 0x000002a649f21f10]
Event: 787.572 Thread 0x000002a65727a760 3949       4       java.util.concurrent.TimeUnit::toNanos (45 bytes)
Event: 787.573 Thread 0x000002a65727a760 nmethod 3949 0x000002a649f22010 code [0x000002a649f221a0, 0x000002a649f22298]
Event: 800.973 Thread 0x000002a65727a760 3950       4       sun.awt.NullComponentPeer::endLayout (1 bytes)
Event: 800.973 Thread 0x000002a65727a760 nmethod 3950 0x000002a649f22390 code [0x000002a649f22520, 0x000002a649f225a8]
Event: 810.081 Thread 0x000002a65727a760 3951       4       javax.swing.RepaintManager::collectDirtyComponents (344 bytes)

GC Heap History (4 events):
Event: 9.453 GC heap before
{Heap before GC invocations=0 (full 0):
 garbage-first heap   total 126976K, used 24576K [0x0000000084c00000, 0x0000000100000000)
  region size 1024K, 23 young (23552K), 0 survivors (0K)
 Metaspace       used 18301K, committed 18560K, reserved 1114112K
  class space    used 2004K, committed 2112K, reserved 1048576K
}
Event: 9.465 GC heap after
{Heap after GC invocations=1 (full 0):
 garbage-first heap   total 126976K, used 7795K [0x0000000084c00000, 0x0000000100000000)
  region size 1024K, 3 young (3072K), 3 survivors (3072K)
 Metaspace       used 18301K, committed 18560K, reserved 1114112K
  class space    used 2004K, committed 2112K, reserved 1048576K
}
Event: 12.341 GC heap before
{Heap before GC invocations=1 (full 0):
 garbage-first heap   total 126976K, used 32371K [0x0000000084c00000, 0x0000000100000000)
  region size 1024K, 12 young (12288K), 3 survivors (3072K)
 Metaspace       used 21296K, committed 21504K, reserved 1114112K
  class space    used 2377K, committed 2496K, reserved 1048576K
}
Event: 12.347 GC heap after
{Heap after GC invocations=2 (full 0):
 garbage-first heap   total 126976K, used 26828K [0x0000000084c00000, 0x0000000100000000)
  region size 1024K, 3 young (3072K), 3 survivors (3072K)
 Metaspace       used 21296K, committed 21504K, reserved 1114112K
  class space    used 2377K, committed 2496K, reserved 1048576K
}

Dll operation events (12 events):
Event: 0.015 Loaded shared library D:\Program Files\Java\jdk-21\bin\java.dll
Event: 0.073 Loaded shared library D:\Program Files\Java\jdk-21\bin\jsvml.dll
Event: 0.133 Loaded shared library D:\Program Files\Java\jdk-21\bin\net.dll
Event: 0.136 Loaded shared library D:\Program Files\Java\jdk-21\bin\nio.dll
Event: 0.175 Loaded shared library D:\Program Files\Java\jdk-21\bin\zip.dll
Event: 0.225 Loaded shared library D:\Program Files\Java\jdk-21\bin\jimage.dll
Event: 0.231 Loaded shared library D:\Program Files\Java\jdk-21\bin\awt.dll
Event: 0.527 Loaded shared library D:\Program Files\Java\jdk-21\bin\freetype.dll
Event: 0.529 Loaded shared library D:\Program Files\Java\jdk-21\bin\fontmanager.dll
Event: 8.782 Loaded shared library D:\Program Files\Java\jdk-21\bin\extnet.dll
Event: 8.923 Loaded shared library D:\Program Files\Java\jdk-21\bin\sunmscapi.dll
Event: 12.290 Loaded shared library D:\Program Files\Java\jdk-21\bin\verify.dll

Deoptimization events (20 events):
Event: 28.634 Thread 0x000002a657263c50 Uncommon trap: trap_request=0xffffff6e fr.pc=0x000002a649e8e5d0 relative=0x0000000000000890
Event: 28.634 Thread 0x000002a657263c50 Uncommon trap: reason=loop_limit_check action=maybe_recompile pc=0x000002a649e8e5d0 method=java.awt.geom.AffineTransform.transform([DI[DII)V @ 516 c2
Event: 28.634 Thread 0x000002a657263c50 DEOPT PACKING pc=0x000002a649e8e5d0 sp=0x000000e9230fd930
Event: 28.634 Thread 0x000002a657263c50 DEOPT UNPACKING pc=0x000002a6498046a2 sp=0x000000e9230fd880 mode 2
Event: 31.298 Thread 0x000002a657263c50 DEOPT PACKING pc=0x000002a642616916 sp=0x000000e9230fecf0
Event: 31.298 Thread 0x000002a657263c50 DEOPT UNPACKING pc=0x000002a649804e42 sp=0x000000e9230fe188 mode 0
Event: 31.799 Thread 0x000002a657263c50 DEOPT PACKING pc=0x000002a64260bf67 sp=0x000000e9230fd0b0
Event: 31.799 Thread 0x000002a657263c50 DEOPT UNPACKING pc=0x000002a649804e42 sp=0x000000e9230fc590 mode 0
Event: 83.740 Thread 0x000002a657263c50 Uncommon trap: trap_request=0xffffffcc fr.pc=0x000002a649ea220c relative=0x000000000000034c
Event: 83.740 Thread 0x000002a657263c50 Uncommon trap: reason=intrinsic_or_type_checked_inlining action=make_not_entrant pc=0x000002a649ea220c method=java.util.Arrays.copyOf([Ljava/lang/Object;ILjava/lang/Class;)[Ljava/lang/Object; @ 35 c2
Event: 83.740 Thread 0x000002a657263c50 DEOPT PACKING pc=0x000002a649ea220c sp=0x000000e9230fe830
Event: 83.740 Thread 0x000002a657263c50 DEOPT UNPACKING pc=0x000002a6498046a2 sp=0x000000e9230fe7c0 mode 2
Event: 269.185 Thread 0x000002a657263c50 Uncommon trap: trap_request=0xffffff6e fr.pc=0x000002a649ecf7d4 relative=0x0000000000000554
Event: 269.185 Thread 0x000002a657263c50 Uncommon trap: reason=loop_limit_check action=maybe_recompile pc=0x000002a649ecf7d4 method=java.awt.EventDispatchThread.filterAndCheckEvent(Ljava/awt/AWTEvent;)Z @ 22 c2
Event: 269.185 Thread 0x000002a657263c50 DEOPT PACKING pc=0x000002a649ecf7d4 sp=0x000000e9230ff170
Event: 269.185 Thread 0x000002a657263c50 DEOPT UNPACKING pc=0x000002a6498046a2 sp=0x000000e9230ff110 mode 2
Event: 269.185 Thread 0x000002a657263c50 Uncommon trap: trap_request=0xffffff6e fr.pc=0x000002a649ed054c relative=0x000000000000026c
Event: 269.185 Thread 0x000002a657263c50 Uncommon trap: reason=loop_limit_check action=maybe_recompile pc=0x000002a649ed054c method=java.awt.EventDispatchThread.filterAndCheckEvent(Ljava/awt/AWTEvent;)Z @ 22 c2
Event: 269.185 Thread 0x000002a657263c50 DEOPT PACKING pc=0x000002a649ed054c sp=0x000000e9230ff1f0
Event: 269.185 Thread 0x000002a657263c50 DEOPT UNPACKING pc=0x000002a6498046a2 sp=0x000000e9230ff130 mode 2

Classes loaded (20 events):
Event: 13.923 Loading class javax/swing/PopupFactory$ContainerPopup done
Event: 13.923 Loading class javax/swing/PopupFactory$LightWeightPopup done
Event: 13.943 Loading class sun/awt/UngrabEvent
Event: 13.943 Loading class sun/awt/UngrabEvent done
Event: 13.948 Loading class com/sun/java/swing/plaf/windows/WindowsMenuItemUI
Event: 13.949 Loading class javax/swing/plaf/basic/BasicMenuItemUI
Event: 13.949 Loading class javax/swing/plaf/MenuItemUI
Event: 13.949 Loading class javax/swing/plaf/MenuItemUI done
Event: 13.949 Loading class javax/swing/plaf/basic/BasicMenuItemUI done
Event: 13.950 Loading class com/sun/java/swing/plaf/windows/WindowsMenuItemUI done
Event: 13.959 Loading class javax/swing/event/AncestorEvent
Event: 13.959 Loading class javax/swing/event/AncestorEvent done
Event: 14.729 Loading class javax/swing/plaf/basic/BasicPopupMenuUI$MouseGrabber$2
Event: 14.729 Loading class javax/swing/plaf/basic/BasicPopupMenuUI$MouseGrabber$2 done
Event: 14.736 Loading class java/io/Console
Event: 14.739 Loading class java/io/Console done
Event: 30.152 Loading class javax/swing/JMenuBar
Event: 30.152 Loading class javax/swing/JMenuBar done
Event: 123.067 Loading class java/security/DomainCombiner
Event: 123.068 Loading class java/security/DomainCombiner done

Classes unloaded (0 events):
No events

Classes redefined (0 events):
No events

Internal exceptions (20 events):
Event: 0.460 Thread 0x000002a638388d20 Exception <a 'java/lang/ClassNotFoundException'{0x000000008c263020}: com/sun/swing/internal/plaf/basic/resources/spi/basicProvider> (0x000000008c263020) 
thrown [s\open\src\hotspot\share\classfile\systemDictionary.cpp, line 312]
Event: 0.471 Thread 0x000002a638388d20 Exception <a 'java/lang/NoSuchMethodError'{0x000000008c271010}: 'java.lang.Object java.lang.invoke.DirectMethodHandle$Holder.invokeStatic(java.lang.Object, java.lang.Object, int, java.lang.Object)'> (0x000000008c271010) 
thrown [s\open\src\hotspot\share\interpreter\linkResolver.cpp, line 773]
Event: 0.473 Thread 0x000002a638388d20 Exception <a 'java/lang/NoSuchMethodError'{0x000000008c277390}: 'java.lang.Object java.lang.invoke.DirectMethodHandle$Holder.newInvokeSpecial(java.lang.Object, java.lang.Object, int)'> (0x000000008c277390) 
thrown [s\open\src\hotspot\share\interpreter\linkResolver.cpp, line 773]
Event: 0.600 Thread 0x000002a657263c50 Exception <a 'java/lang/NoSuchMethodError'{0x000000008c1c6b98}: 'int java.lang.invoke.Invokers$Holder.invokeExact_MT(java.lang.Object, java.lang.Object)'> (0x000000008c1c6b98) 
thrown [s\open\src\hotspot\share\interpreter\linkResolver.cpp, line 773]
Event: 0.880 Thread 0x000002a69e1f2ec0 Exception <a 'java/lang/NoSuchMethodError'{0x000000008bf9ec10}: 'java.lang.Object java.lang.invoke.DirectMethodHandle$Holder.newInvokeSpecial(java.lang.Object, java.lang.Object, java.lang.Object, int, int, int, int, int)'> (0x000000008bf9ec10) 
thrown [s\open\src\hotspot\share\interpreter\linkResolver.cpp, line 773]
Event: 0.922 Thread 0x000002a6572628a0 Exception <a 'java/lang/NoSuchMethodError'{0x000000008c30e368}: 'void java.lang.invoke.DirectMethodHandle$Holder.invokeVirtual(java.lang.Object, java.lang.Object)'> (0x000000008c30e368) 
thrown [s\open\src\hotspot\share\interpreter\linkResolver.cpp, line 773]
Event: 8.646 Thread 0x000002a657263c50 Exception <a 'java/lang/NoSuchMethodError'{0x000000008bd710e0}: 'void java.lang.invoke.DirectMethodHandle$Holder.invokeStatic(java.lang.Object, java.lang.Object)'> (0x000000008bd710e0) 
thrown [s\open\src\hotspot\share\interpreter\linkResolver.cpp, line 773]
Event: 8.674 Thread 0x000002a657263c50 Exception <a 'java/lang/NoSuchMethodError'{0x000000008bc216e0}: 'java.lang.Object java.lang.invoke.DirectMethodHandle$Holder.invokeInterface(java.lang.Object, java.lang.Object)'> (0x000000008bc216e0) 
thrown [s\open\src\hotspot\share\interpreter\linkResolver.cpp, line 773]
Event: 8.694 Thread 0x000002a657263c50 Exception <a 'java/lang/NoSuchMethodError'{0x000000008bca8970}: 'void java.lang.invoke.DirectMethodHandle$Holder.invokeStatic(java.lang.Object, java.lang.Object, java.lang.Object)'> (0x000000008bca8970) 
thrown [s\open\src\hotspot\share\interpreter\linkResolver.cpp, line 773]
Event: 8.696 Thread 0x000002a657263c50 Exception <a 'java/lang/NoSuchMethodError'{0x000000008bcb5ee8}: 'java.lang.Object java.lang.invoke.DirectMethodHandle$Holder.invokeVirtual(java.lang.Object, java.lang.Object, java.lang.Object)'> (0x000000008bcb5ee8) 
thrown [s\open\src\hotspot\share\interpreter\linkResolver.cpp, line 773]
Event: 8.875 Thread 0x000002a657263c50 Exception <a 'java/lang/NoSuchMethodError'{0x000000008b6048f0}: 'void java.lang.invoke.DirectMethodHandle$Holder.invokeStaticInit(java.lang.Object, java.lang.Object)'> (0x000000008b6048f0) 
thrown [s\open\src\hotspot\share\interpreter\linkResolver.cpp, line 773]
Event: 8.979 Thread 0x000002a657263c50 Exception <a 'sun/nio/fs/WindowsException'{0x000000008b561290}> (0x000000008b561290) 
thrown [s\open\src\hotspot\share\prims\jni.cpp, line 520]
Event: 9.040 Thread 0x000002a657263c50 Exception <a 'java/lang/NoSuchMethodError'{0x000000008b4104f8}: 'java.lang.Object java.lang.invoke.DirectMethodHandle$Holder.invokeStaticInit(java.lang.Object, int, int, int, int)'> (0x000000008b4104f8) 
thrown [s\open\src\hotspot\share\interpreter\linkResolver.cpp, line 773]
Event: 9.061 Thread 0x000002a657263c50 Exception <a 'java/lang/NoSuchMethodError'{0x000000008b4ceea8}: 'java.lang.Object java.lang.invoke.DirectMethodHandle$Holder.invokeStaticInit(java.lang.Object, java.lang.Object, int, int, int, int)'> (0x000000008b4ceea8) 
thrown [s\open\src\hotspot\share\interpreter\linkResolver.cpp, line 773]
Event: 9.128 Thread 0x000002a657263c50 Exception <a 'java/lang/NoSuchMethodError'{0x000000008b329780}: 'int java.lang.invoke.DirectMethodHandle$Holder.invokeSpecial(java.lang.Object, java.lang.Object, java.lang.Object)'> (0x000000008b329780) 
thrown [s\open\src\hotspot\share\interpreter\linkResolver.cpp, line 773]
Event: 9.404 Thread 0x000002a657263c50 Exception <a 'java/lang/NoSuchMethodError'{0x000000008b1abbb8}: 'void java.lang.invoke.DirectMethodHandle$Holder.invokeStatic(java.lang.Object, java.lang.Object, java.lang.Object, java.lang.Object)'> (0x000000008b1abbb8) 
thrown [s\open\src\hotspot\share\interpreter\linkResolver.cpp, line 773]
Event: 9.474 Thread 0x000002a657263c50 Exception <a 'java/lang/NoSuchMethodError'{0x000000008c714e10}: 'void java.lang.invoke.DirectMethodHandle$Holder.invokeInterface(java.lang.Object, java.lang.Object, java.lang.Object, java.lang.Object)'> (0x000000008c714e10) 
thrown [s\open\src\hotspot\share\interpreter\linkResolver.cpp, line 773]
Event: 9.650 Thread 0x000002a657263c50 Exception <a 'java/lang/NoSuchMethodError'{0x000000008c6f87d8}: 'int java.lang.invoke.DirectMethodHandle$Holder.invokeStatic(java.lang.Object)'> (0x000000008c6f87d8) 
thrown [s\open\src\hotspot\share\interpreter\linkResolver.cpp, line 773]
Event: 9.659 Thread 0x000002a657263c50 Exception <a 'java/lang/NoSuchMethodError'{0x000000008c548628}: 'java.lang.Object java.lang.invoke.DirectMethodHandle$Holder.newInvokeSpecial(java.lang.Object, int, java.lang.Object)'> (0x000000008c548628) 
thrown [s\open\src\hotspot\share\interpreter\linkResolver.cpp, line 773]
Event: 10.848 Thread 0x000002a657263c50 Exception <a 'java/lang/NoSuchMethodError'{0x000000008c3d3b90}: 'java.lang.Object java.lang.invoke.DirectMethodHandle$Holder.newInvokeSpecial(java.lang.Object, java.lang.Object, int, java.lang.Object, double)'> (0x000000008c3d3b90) 
thrown [s\open\src\hotspot\share\interpreter\linkResolver.cpp, line 773]

ZGC Phase Switch (0 events):
No events

VM Operations (20 events):
Event: 300.615 Executing VM operation: HandshakeAllThreads (HandshakeForDeflation)
Event: 300.615 Executing VM operation: HandshakeAllThreads (HandshakeForDeflation) done
Event: 300.615 Executing VM operation: RendezvousGCThreads
Event: 300.615 Executing VM operation: RendezvousGCThreads done
Event: 375.148 Executing VM operation: Cleanup
Event: 375.148 Executing VM operation: Cleanup done
Event: 399.286 Executing VM operation: Cleanup
Event: 399.286 Executing VM operation: Cleanup done
Event: 545.203 Executing VM operation: Cleanup
Event: 545.203 Executing VM operation: Cleanup done
Event: 577.413 Executing VM operation: Cleanup
Event: 577.413 Executing VM operation: Cleanup done
Event: 622.711 Executing VM operation: Cleanup
Event: 622.712 Executing VM operation: Cleanup done
Event: 655.930 Executing VM operation: Cleanup
Event: 655.930 Executing VM operation: Cleanup done
Event: 707.303 Executing VM operation: Cleanup
Event: 707.303 Executing VM operation: Cleanup done
Event: 782.773 Executing VM operation: Cleanup
Event: 782.773 Executing VM operation: Cleanup done

Events (20 events):
Event: 0.485 Thread 0x000002a6572614f0 Thread added: 0x000002a6572614f0
Event: 0.565 Thread 0x000002a657656d10 Thread exited: 0x000002a657656d10
Event: 0.721 Thread 0x000002a69e1f2ec0 Thread added: 0x000002a69e1f2ec0
Event: 1.270 Thread 0x000002a69e1f3550 Thread added: 0x000002a69e1f3550
Event: 5.902 Thread 0x000002a69e1f2ec0 Thread exited: 0x000002a69e1f2ec0
Event: 8.647 Thread 0x000002a69e1f21a0 Thread added: 0x000002a69e1f21a0
Event: 8.725 Thread 0x000002a69e44c260 Thread added: 0x000002a69e44c260
Event: 9.197 Thread 0x000002a69e960950 Thread added: 0x000002a69e960950
Event: 9.451 Thread 0x000002a69e960950 Thread exited: 0x000002a69e960950
Event: 10.011 Thread 0x000002a69e44c260 Thread exited: 0x000002a69e44c260
Event: 10.637 Thread 0x000002a69e1f4900 Thread added: 0x000002a69e1f4900
Event: 10.871 Thread 0x000002a6a01137b0 Thread added: 0x000002a6a01137b0
Event: 11.088 Thread 0x000002a6a01137b0 Thread exited: 0x000002a6a01137b0
Event: 11.855 Thread 0x000002a69f877160 Thread added: 0x000002a69f877160
Event: 12.022 Thread 0x000002a69f877160 Thread exited: 0x000002a69f877160
Event: 12.318 Thread 0x000002a69f877160 Thread added: 0x000002a69f877160
Event: 12.849 Thread 0x000002a69f877160 Thread exited: 0x000002a69f877160
Event: 17.441 Thread 0x000002a69e1f4900 Thread exited: 0x000002a69e1f4900
Event: 25.191 Thread 0x000002a6a01c0ca0 Thread added: 0x000002a6a01c0ca0
Event: 25.959 Thread 0x000002a6a01c0ca0 Thread exited: 0x000002a6a01c0ca0


Dynamic libraries:
0x00007ff649e40000 - 0x00007ff649e50000 	D:\Program Files\Java\jdk-21\bin\java.exe
0x00007ff9f9190000 - 0x00007ff9f93a8000 	C:\Windows\SYSTEM32\ntdll.dll
0x00007ff9f89c0000 - 0x00007ff9f8a84000 	C:\Windows\System32\KERNEL32.DLL
0x00007ff9f68b0000 - 0x00007ff9f6c83000 	C:\Windows\System32\KERNELBASE.dll
0x00007ff9f6d10000 - 0x00007ff9f6e21000 	C:\Windows\System32\ucrtbase.dll
0x00007ff9eddd0000 - 0x00007ff9edde9000 	D:\Program Files\Java\jdk-21\bin\jli.dll
0x00007ff992a70000 - 0x00007ff992a8b000 	D:\Program Files\Java\jdk-21\bin\VCRUNTIME140.dll
0x00007ff9f8db0000 - 0x00007ff9f8e61000 	C:\Windows\System32\ADVAPI32.dll
0x00007ff9f8b10000 - 0x00007ff9f8bb7000 	C:\Windows\System32\msvcrt.dll
0x00007ff9f8c20000 - 0x00007ff9f8cc8000 	C:\Windows\System32\sechost.dll
0x00007ff9f6390000 - 0x00007ff9f63b8000 	C:\Windows\System32\bcrypt.dll
0x00007ff9f8250000 - 0x00007ff9f8368000 	C:\Windows\System32\RPCRT4.dll
0x00007ff9f8e70000 - 0x00007ff9f9022000 	C:\Windows\System32\USER32.dll
0x00007ff9f62a0000 - 0x00007ff9f62c6000 	C:\Windows\System32\win32u.dll
0x00007ff9de4c0000 - 0x00007ff9de75c000 	C:\Windows\WinSxS\amd64_microsoft.windows.common-controls_6595b64144ccf1df_6.0.22621.6060_none_2712eda17382d24b\COMCTL32.dll
0x00007ff9f70d0000 - 0x00007ff9f70f9000 	C:\Windows\System32\GDI32.dll
0x00007ff9f6530000 - 0x00007ff9f664b000 	C:\Windows\System32\gdi32full.dll
0x00007ff9f66d0000 - 0x00007ff9f676a000 	C:\Windows\System32\msvcp_win.dll
0x00007ff9dbe50000 - 0x00007ff9dbe5a000 	C:\Windows\SYSTEM32\VERSION.dll
0x00007ff9f8bc0000 - 0x00007ff9f8bf1000 	C:\Windows\System32\IMM32.DLL
0x00007ff9adfb0000 - 0x00007ff9adfbc000 	D:\Program Files\Java\jdk-21\bin\vcruntime140_1.dll
0x00007ff92c930000 - 0x00007ff92c9be000 	D:\Program Files\Java\jdk-21\bin\msvcp140.dll
0x00007ff924470000 - 0x00007ff92518a000 	D:\Program Files\Java\jdk-21\bin\server\jvm.dll
0x00007ff9f8530000 - 0x00007ff9f85a1000 	C:\Windows\System32\WS2_32.dll
0x00007ff9f5fc0000 - 0x00007ff9f600d000 	C:\Windows\SYSTEM32\POWRPROF.dll
0x00007ff9ee900000 - 0x00007ff9ee934000 	C:\Windows\SYSTEM32\WINMM.dll
0x00007ff9f5fa0000 - 0x00007ff9f5fb3000 	C:\Windows\SYSTEM32\UMPDC.dll
0x00007ff9f5280000 - 0x00007ff9f5298000 	C:\Windows\SYSTEM32\kernel.appcore.dll
0x00007ff9a7aa0000 - 0x00007ff9a7aaa000 	D:\Program Files\Java\jdk-21\bin\jimage.dll
0x00007ff9f38d0000 - 0x00007ff9f3b03000 	C:\Windows\SYSTEM32\DBGHELP.DLL
0x00007ff9f85b0000 - 0x00007ff9f8941000 	C:\Windows\System32\combase.dll
0x00007ff9f6ee0000 - 0x00007ff9f6fb8000 	C:\Windows\System32\OLEAUT32.dll
0x00007ff9c3420000 - 0x00007ff9c3452000 	C:\Windows\SYSTEM32\dbgcore.DLL
0x00007ff9f6c90000 - 0x00007ff9f6d0b000 	C:\Windows\System32\bcryptPrimitives.dll
0x00007ff991a00000 - 0x00007ff991a1f000 	D:\Program Files\Java\jdk-21\bin\java.dll
0x00007ff9f7100000 - 0x00007ff9f799c000 	C:\Windows\System32\SHELL32.dll
0x00007ff9f6770000 - 0x00007ff9f68af000 	C:\Windows\System32\wintypes.dll
0x00007ff9f4150000 - 0x00007ff9f4a6a000 	C:\Windows\SYSTEM32\windows.storage.dll
0x00007ff9f6fc0000 - 0x00007ff9f70c4000 	C:\Windows\System32\SHCORE.dll
0x00007ff9f8a90000 - 0x00007ff9f8af9000 	C:\Windows\System32\shlwapi.dll
0x00007ff9f61d0000 - 0x00007ff9f61f5000 	C:\Windows\SYSTEM32\profapi.dll
0x00007ff925ad0000 - 0x00007ff925ba7000 	D:\Program Files\Java\jdk-21\bin\jsvml.dll
0x00007ff9a7a70000 - 0x00007ff9a7a80000 	D:\Program Files\Java\jdk-21\bin\net.dll
0x00007ff9f1ef0000 - 0x00007ff9f201c000 	C:\Windows\SYSTEM32\WINHTTP.dll
0x00007ff9f5760000 - 0x00007ff9f57c9000 	C:\Windows\system32\mswsock.dll
0x00007ff98ce00000 - 0x00007ff98ce16000 	D:\Program Files\Java\jdk-21\bin\nio.dll
0x00007ff98cd50000 - 0x00007ff98cd68000 	D:\Program Files\Java\jdk-21\bin\zip.dll
0x00007ff9242e0000 - 0x00007ff92446f000 	D:\Program Files\Java\jdk-21\bin\awt.dll
0x00007ff9ee000000 - 0x00007ff9ee097000 	C:\Windows\SYSTEM32\apphelp.dll
0x00007ff9f32f0000 - 0x00007ff9f33a3000 	C:\Windows\system32\uxtheme.dll
0x00007ff9f8060000 - 0x00007ff9f81c0000 	C:\Windows\System32\MSCTF.dll
0x00007ff9f8370000 - 0x00007ff9f8511000 	C:\Windows\System32\ole32.dll
0x00007ff9f36e0000 - 0x00007ff9f370b000 	C:\Windows\system32\DWMAPI.DLL
0x00007ff9c5b10000 - 0x00007ff9c5c10000 	C:\Windows\system32\opengl32.dll
0x00007ff9c7e80000 - 0x00007ff9c7ead000 	C:\Windows\SYSTEM32\GLU32.dll
0x00007ff9f3570000 - 0x00007ff9f35a7000 	C:\Windows\SYSTEM32\dxcore.dll
0x00007ff92a200000 - 0x00007ff92a287000 	D:\Program Files\Java\jdk-21\bin\freetype.dll
0x00007ff9241f0000 - 0x00007ff9242d1000 	D:\Program Files\Java\jdk-21\bin\fontmanager.dll
0x00007ff9f6e30000 - 0x00007ff9f6ee0000 	C:\Windows\System32\clbcatq.dll
0x00007ff9f3050000 - 0x00007ff9f3202000 	C:\Windows\SYSTEM32\WindowsCodecs.dll
0x00007ff9bba50000 - 0x00007ff9bbaae000 	C:\Windows\system32\dataexchange.dll
0x00007ff9ee650000 - 0x00007ff9ee8f6000 	C:\Windows\system32\twinapi.appcore.dll
0x00007ff9ded30000 - 0x00007ff9dee75000 	C:\Windows\SYSTEM32\textinputframework.dll
0x00007ff9ed220000 - 0x00007ff9ed353000 	C:\Windows\SYSTEM32\CoreMessaging.dll
0x00007ff9eaba0000 - 0x00007ff9eaf0c000 	C:\Windows\SYSTEM32\CoreUIComponents.dll
0x00007ff9f59b0000 - 0x00007ff9f59bc000 	C:\Windows\SYSTEM32\CRYPTBASE.DLL
0x00007ff9f4d90000 - 0x00007ff9f4e88000 	C:\Windows\SYSTEM32\DNSAPI.dll
0x00007ff9f4d10000 - 0x00007ff9f4d3d000 	C:\Windows\SYSTEM32\IPHLPAPI.DLL
0x00007ff9f8520000 - 0x00007ff9f8529000 	C:\Windows\System32\NSI.dll
0x00007ff9f1ea0000 - 0x00007ff9f1eaa000 	C:\Windows\System32\rasadhlp.dll
0x00007ff9eb870000 - 0x00007ff9eb8f4000 	C:\Windows\System32\fwpuclnt.dll
0x00007ff9a7350000 - 0x00007ff9a7359000 	D:\Program Files\Java\jdk-21\bin\extnet.dll
0x00007ff9ef0c0000 - 0x00007ff9ef0ce000 	D:\Program Files\Java\jdk-21\bin\sunmscapi.dll
0x00007ff9f63c0000 - 0x00007ff9f6528000 	C:\Windows\System32\CRYPT32.dll
0x00007ff9f5b70000 - 0x00007ff9f5b9e000 	C:\Windows\SYSTEM32\ncrypt.dll
0x00007ff9f5b30000 - 0x00007ff9f5b67000 	C:\Windows\SYSTEM32\NTASN1.dll
0x00007ff9f59c0000 - 0x00007ff9f59db000 	C:\Windows\SYSTEM32\CRYPTSP.dll
0x00007ff9f51e0000 - 0x00007ff9f5217000 	C:\Windows\system32\rsaenh.dll
0x00007ff9f5850000 - 0x00007ff9f5878000 	C:\Windows\SYSTEM32\USERENV.dll
0x00007ff9c4dc0000 - 0x00007ff9c4e73000 	C:\Windows\WinSxS\amd64_microsoft.windows.common-controls_6595b64144ccf1df_5.82.22621.5983_none_b43eefe36389d177\comctl32.dll
0x00007ff9a73f0000 - 0x00007ff9a7400000 	D:\Program Files\Java\jdk-21\bin\verify.dll

dbghelp: loaded successfully - version: 4.0.5 - missing functions: none
symbol engine: initialized successfully - sym options: 0x614 - pdb path: .;D:\Program Files\Java\jdk-21\bin;C:\Windows\SYSTEM32;C:\Windows\WinSxS\amd64_microsoft.windows.common-controls_6595b64144ccf1df_6.0.22621.6060_none_2712eda17382d24b;D:\Program Files\Java\jdk-21\bin\server;C:\Windows\WinSxS\amd64_microsoft.windows.common-controls_6595b64144ccf1df_5.82.22621.5983_none_b43eefe36389d177

VM Arguments:
jvm_args: -Dfile.encoding=UTF-8 --enable-preview --module-path=C:\belajar netbeans\Aplikasi Kasir Laundryyy\build\classes 
java_command: GUI.main
java_class_path (initial): D:\Program Files\NetBeans-25\netbeans\java\modules\ext\AbsoluteLayout.jar;C:\Users\lenov\Downloads\mysql-connector-j-9.4.0.jar;C:\Users\lenov\Downloads\jcalendar-1.4.jar;C:\belajar netbeans\Aplikasi Kasir Laundryyy\build\classes
Launcher Type: SUN_STANDARD

[Global flags]
     intx CICompilerCount                          = 4                                         {product} {ergonomic}
     uint ConcGCThreads                            = 3                                         {product} {ergonomic}
     uint G1ConcRefinementThreads                  = 10                                        {product} {ergonomic}
   size_t G1HeapRegionSize                         = 1048576                                   {product} {ergonomic}
    uintx GCDrainStackTargetSize                   = 64                                        {product} {ergonomic}
   size_t InitialHeapSize                          = 130023424                                 {product} {ergonomic}
   size_t MarkStackSize                            = 4194304                                   {product} {ergonomic}
   size_t MaxHeapSize                              = 2067791872                                {product} {ergonomic}
   size_t MaxNewSize                               = 1240465408                                {product} {ergonomic}
   size_t MinHeapDeltaBytes                        = 1048576                                   {product} {ergonomic}
   size_t MinHeapSize                              = 8388608                                   {product} {ergonomic}
    uintx NonNMethodCodeHeapSize                   = 5839372                                {pd product} {ergonomic}
    uintx NonProfiledCodeHeapSize                  = 122909434                              {pd product} {ergonomic}
    uintx ProfiledCodeHeapSize                     = 122909434                              {pd product} {ergonomic}
    uintx ReservedCodeCacheSize                    = 251658240                              {pd product} {ergonomic}
     bool SegmentedCodeCache                       = true                                      {product} {ergonomic}
   size_t SoftMaxHeapSize                          = 2067791872                             {manageable} {ergonomic}
     bool UseCompressedOops                        = true                           {product lp64_product} {ergonomic}
     bool UseG1GC                                  = true                                      {product} {ergonomic}
     bool UseLargePagesIndividualAllocation        = false                                  {pd product} {ergonomic}

Logging:
Log output configuration:
 #0: stdout all=warning uptime,level,tags foldmultilines=false
 #1: stderr all=off uptime,level,tags foldmultilines=false

Environment Variables:
PATH=C:\Program Files\Volta\;C:\Program Files\Common Files\Oracle\Java\javapath;C:\Windows\system32;C:\Windows;C:\Windows\System32\Wbem;C:\Windows\System32\WindowsPowerShell\v1.0\;C:\Windows\System32\OpenSSH\;C:\Users\lenov\AppData\Roaming\npm;C:\Program Files\Git\cmd;D:\Program Files\cursor\resources\app\bin;C:\Users\lenov\AppData\Local\nvm;C:\nvm4w\nodejs;D:\Program Files\node\;C:\Users\lenov\AppData\Local\Volta\bin;C:\Users\lenov\AppData\Local\Programs\Python\Python312\Scripts\;C:\Users\lenov\AppData\Local\Programs\Python\Python312\;C:\Users\lenov\AppData\Local\Microsoft\WindowsApps;C:\Users\lenov\AppData\Local\Programs\Microsoft VS Code\bin;C:\Users\lenov\AppData\Local\Microsoft\WinGet\Packages\Schniz.fnm_Microsoft.Winget.Source_8wekyb3d8bbwe;C:\Users\lenov\AppData\Local\nvm;C:\nvm4w\nodejs;C:\Users\lenov\AppData\Roaming\npm
USERNAME=LENOVO
OS=Windows_NT
PROCESSOR_IDENTIFIER=Intel64 Family 6 Model 154 Stepping 3, GenuineIntel
TMP=C:\Users\lenov\AppData\Local\Temp
TEMP=C:\Users\lenov\AppData\Local\Temp




Periodic native trim disabled

---------------  S Y S T E M  ---------------

OS:
 Windows 11 , 64 bit Build 22621 (10.0.22621.5415)
OS uptime: 0 days 3:21 hours
Hyper-V role detected

CPU: total 12 (initial active 12) (6 cores per cpu, 2 threads per core) family 6 model 154 stepping 3 microcode 0x429, cx8, cmov, fxsr, ht, mmx, 3dnowpref, sse, sse2, sse3, ssse3, sse4.1, sse4.2, popcnt, lzcnt, tsc, tscinvbit, avx, avx2, aes, erms, clmul, bmi1, bmi2, adx, sha, fma, vzeroupper, clflush, clflushopt, clwb, hv, serialize, rdtscp, rdpid, fsrm, f16c, cet_ibt, cet_ss
Processor Information for processor 0
  Max Mhz: 2000, Current Mhz: 2000, Mhz Limit: 2000
Processor Information for processor 1
  Max Mhz: 2000, Current Mhz: 2000, Mhz Limit: 2000
Processor Information for processor 2
  Max Mhz: 2000, Current Mhz: 2000, Mhz Limit: 2000
Processor Information for processor 3
  Max Mhz: 2000, Current Mhz: 2000, Mhz Limit: 2000
Processor Information for processor 4
  Max Mhz: 2000, Current Mhz: 2000, Mhz Limit: 2000
Processor Information for processor 5
  Max Mhz: 2000, Current Mhz: 2000, Mhz Limit: 2000
Processor Information for processor 6
  Max Mhz: 2000, Current Mhz: 2000, Mhz Limit: 2000
Processor Information for processor 7
  Max Mhz: 2000, Current Mhz: 2000, Mhz Limit: 2000
Processor Information for processor 8
  Max Mhz: 2000, Current Mhz: 1500, Mhz Limit: 1500
Processor Information for processor 9
  Max Mhz: 2000, Current Mhz: 1500, Mhz Limit: 1500
Processor Information for processor 10
  Max Mhz: 2000, Current Mhz: 1500, Mhz Limit: 1500
Processor Information for processor 11
  Max Mhz: 2000, Current Mhz: 1500, Mhz Limit: 1500

Memory: 4k page, system-wide physical 7884M (384M free)
TotalPageFile size 17241M (AvailPageFile size 2M)
current process WorkingSet (physical memory assigned to process): 174M, peak: 175M
current process commit charge ("private bytes"): 248M, peak: 264M

vm_info: Java HotSpot(TM) 64-Bit Server VM (21.0.7+8-LTS-245) for windows-amd64 JRE (21.0.7+8-LTS-245), built on 2025-02-21T05:11:27Z by "mach5one" with MS VC++ 17.6 (VS2022)

END.
