#
# There is insufficient memory for the Java Runtime Environment to continue.
# Native memory allocation (malloc) failed to allocate 32744 bytes for Chunk::new
# Possible reasons:
#   The system is out of physical RAM or swap space
#   The process is running with CompressedOops enabled, and the Java Heap may be blocking the growth of the native heap
# Possible solutions:
#   Reduce memory load on the system
#   Increase physical memory or swap space
#   Check if swap backing store is full
#   Decrease Java heap size (-Xmx/-Xms)
#   Decrease number of Java threads
#   Decrease Java thread stack sizes (-Xss)
#   Set larger code cache with -XX:ReservedCodeCacheSize=
#   JVM is running with Unscaled Compressed Oops mode in which the Java heap is
#     placed in the first 4GB address space. The Java Heap base address is the
#     maximum limit for the native heap growth. Please use -XX:HeapBaseMinAddress
#     to set the Java Heap base and to place the Java Heap above 4GB virtual address.
# This output file may be truncated or incomplete.
#
#  Out of Memory Error (arena.cpp:168), pid=6692, tid=9960
#
# JRE version: Java(TM) SE Runtime Environment (21.0.7+8) (build 21.0.7+8-LTS-245)
# Java VM: Java HotSpot(TM) 64-Bit Server VM (21.0.7+8-LTS-245, mixed mode, sharing, tiered, compressed oops, compressed class ptrs, g1 gc, windows-amd64)
# No core dump will be written. Minidumps are not enabled by default on client versions of Windows
#

---------------  S U M M A R Y ------------

Command Line: -Dfile.encoding=UTF-8 --enable-preview --module-path=C:\belajar netbeans\Aplikasi Kasir Laundryyy\build\classes GUI.main

Host: 12th Gen Intel(R) Core(TM) i5-12450H, 12 cores, 7G,  Windows 11 , 64 bit Build 22621 (10.0.22621.5415)
Time: Sun Jan 11 20:03:33 2026 SE Asia Standard Time elapsed time: 2552.831245 seconds (0d 0h 42m 32s)

---------------  T H R E A D  ---------------

Current thread (0x00000247e6a74370):  JavaThread "C2 CompilerThread0" daemon [_thread_in_native, id=9960, stack(0x000000a8a8a00000,0x000000a8a8b00000) (1024K)]


Current CompileTask:
C2:2552831 3625   !   4       javax.swing.JComponent::paint (409 bytes)

Stack: [0x000000a8a8a00000,0x000000a8a8b00000]
Native frames: (J=compiled Java code, j=interpreted, Vv=VM code, C=native code)
V  [jvm.dll+0x6cae19]
V  [jvm.dll+0x855741]
V  [jvm.dll+0x857c6e]
V  [jvm.dll+0x858343]
V  [jvm.dll+0x27e0b6]
V  [jvm.dll+0xc4ecd]
V  [jvm.dll+0xc5403]
V  [jvm.dll+0x71d6fc]
V  [jvm.dll+0x6a6e28]
V  [jvm.dll+0x3934e3]
V  [jvm.dll+0x6daf4b]
V  [jvm.dll+0x6da71e]
V  [jvm.dll+0x1c9fbc]
V  [jvm.dll+0x1cab3c]
V  [jvm.dll+0x2f066f]
V  [jvm.dll+0x6e5078]
V  [jvm.dll+0x6dd2a5]
V  [jvm.dll+0x6dc76e]
V  [jvm.dll+0x6da98c]
V  [jvm.dll+0x1c9fbc]
V  [jvm.dll+0x245c7e]
V  [jvm.dll+0x1c6efe]
V  [jvm.dll+0x255819]
V  [jvm.dll+0x253daa]
V  [jvm.dll+0x3eebb6]
V  [jvm.dll+0x7ffa1b]
V  [jvm.dll+0x6c94fd]
C  [ucrtbase.dll+0x29333]
C  [KERNEL32.DLL+0x1259d]
C  [ntdll.dll+0x5af78]


---------------  P R O C E S S  ---------------

Threads class SMR info:
_java_thread_list=0x00000247ee653080, length=17, elements={
0x00000247e6a5c620, 0x00000247e6a5d330, 0x00000247e6a5f500, 0x00000247e6a65410,
0x00000247e6a6e690, 0x00000247e6a6f0e0, 0x00000247e6a74370, 0x00000247e6a74e00,
0x00000247e6c89520, 0x00000247e6d52270, 0x00000247e6ea4d80, 0x00000247e6ea6470,
0x00000247e6ea9390, 0x00000247e6ef2540, 0x00000247c9d992d0, 0x00000247ec767160,
0x00000247e6fce260
}

Java Threads: ( => current thread )
  0x00000247e6a5c620 JavaThread "Reference Handler"          daemon [_thread_blocked, id=15752, stack(0x000000a8a8400000,0x000000a8a8500000) (1024K)]
  0x00000247e6a5d330 JavaThread "Finalizer"                  daemon [_thread_blocked, id=14876, stack(0x000000a8a8500000,0x000000a8a8600000) (1024K)]
  0x00000247e6a5f500 JavaThread "Signal Dispatcher"          daemon [_thread_blocked, id=2800, stack(0x000000a8a8600000,0x000000a8a8700000) (1024K)]
  0x00000247e6a65410 JavaThread "Attach Listener"            daemon [_thread_blocked, id=19032, stack(0x000000a8a8700000,0x000000a8a8800000) (1024K)]
  0x00000247e6a6e690 JavaThread "Service Thread"             daemon [_thread_blocked, id=18632, stack(0x000000a8a8800000,0x000000a8a8900000) (1024K)]
  0x00000247e6a6f0e0 JavaThread "Monitor Deflation Thread"   daemon [_thread_blocked, id=9064, stack(0x000000a8a8900000,0x000000a8a8a00000) (1024K)]
=>0x00000247e6a74370 JavaThread "C2 CompilerThread0"         daemon [_thread_in_native, id=9960, stack(0x000000a8a8a00000,0x000000a8a8b00000) (1024K)]
  0x00000247e6a74e00 JavaThread "C1 CompilerThread0"         daemon [_thread_blocked, id=10064, stack(0x000000a8a8b00000,0x000000a8a8c00000) (1024K)]
  0x00000247e6c89520 JavaThread "Common-Cleaner"             daemon [_thread_blocked, id=19600, stack(0x000000a8a8c00000,0x000000a8a8d00000) (1024K)]
  0x00000247e6d52270 JavaThread "Notification Thread"        daemon [_thread_blocked, id=1764, stack(0x000000a8a8d00000,0x000000a8a8e00000) (1024K)]
  0x00000247e6ea4d80 JavaThread "Java2D Disposer"            daemon [_thread_blocked, id=9376, stack(0x000000a8a8e00000,0x000000a8a8f00000) (1024K)]
  0x00000247e6ea6470 JavaThread "AWT-Shutdown"                      [_thread_blocked, id=10028, stack(0x000000a8a8f00000,0x000000a8a9000000) (1024K)]
  0x00000247e6ea9390 JavaThread "AWT-Windows"                daemon [_thread_in_native, id=3292, stack(0x000000a8a9000000,0x000000a8a9100000) (1024K)]
  0x00000247e6ef2540 JavaThread "AWT-EventQueue-0"                  [_thread_blocked, id=1260, stack(0x000000a8a9100000,0x000000a8a9200000) (1024K)]
  0x00000247c9d992d0 JavaThread "DestroyJavaVM"                     [_thread_blocked, id=4820, stack(0x000000a8a7c00000,0x000000a8a7d00000) (1024K)]
  0x00000247ec767160 JavaThread "TimerQueue"                 daemon [_thread_blocked, id=4376, stack(0x000000a8a9300000,0x000000a8a9400000) (1024K)]
  0x00000247e6fce260 JavaThread "mysql-cj-abandoned-connection-cleanup" daemon [_thread_blocked, id=12784, stack(0x000000a8a9200000,0x000000a8a9300000) (1024K)]
Total: 17

Other Threads:
  0x00000247e6a44100 VMThread "VM Thread"                           [id=17948, stack(0x000000a8a8300000,0x000000a8a8400000) (1024K)]
  0x00000247e6a31e60 WatcherThread "VM Periodic Task Thread"        [id=12320, stack(0x000000a8a8200000,0x000000a8a8300000) (1024K)]
  0x00000247c9deb600 WorkerThread "GC Thread#0"                     [id=5988, stack(0x000000a8a7d00000,0x000000a8a7e00000) (1024K)]
  0x00000247ee8aba80 WorkerThread "GC Thread#1"                     [id=2588, stack(0x000000a8a9800000,0x000000a8a9900000) (1024K)]
  0x00000247edf70a10 WorkerThread "GC Thread#2"                     [id=14984, stack(0x000000a8a9900000,0x000000a8a9a00000) (1024K)]
  0x00000247edf70db0 WorkerThread "GC Thread#3"                     [id=18012, stack(0x000000a8a9a00000,0x000000a8a9b00000) (1024K)]
  0x00000247ee972850 WorkerThread "GC Thread#4"                     [id=17092, stack(0x000000a8a9b00000,0x000000a8a9c00000) (1024K)]
  0x00000247ee972bf0 WorkerThread "GC Thread#5"                     [id=18672, stack(0x000000a8a9c00000,0x000000a8a9d00000) (1024K)]
  0x00000247ee7f2bc0 WorkerThread "GC Thread#6"                     [id=14168, stack(0x000000a8a9d00000,0x000000a8a9e00000) (1024K)]
  0x00000247ee5495e0 WorkerThread "GC Thread#7"                     [id=4872, stack(0x000000a8a9e00000,0x000000a8a9f00000) (1024K)]
  0x00000247ee548760 WorkerThread "GC Thread#8"                     [id=2808, stack(0x000000a8a9f00000,0x000000a8aa000000) (1024K)]
  0x00000247ee548ea0 WorkerThread "GC Thread#9"                     [id=16100, stack(0x000000a8aa000000,0x000000a8aa100000) (1024K)]
  0x00000247c9dfcd20 ConcurrentGCThread "G1 Main Marker"            [id=18604, stack(0x000000a8a7e00000,0x000000a8a7f00000) (1024K)]
  0x00000247c9dfd720 WorkerThread "G1 Conc#0"                       [id=9284, stack(0x000000a8a7f00000,0x000000a8a8000000) (1024K)]
  0x00000247ee549240 WorkerThread "G1 Conc#1"                       [id=19200, stack(0x000000a8a7900000,0x000000a8a7a00000) (1024K)]
  0x00000247ee5483c0 WorkerThread "G1 Conc#2"                       [id=10436, stack(0x000000a8a7a00000,0x000000a8a7b00000) (1024K)]
  0x00000247e6904180 ConcurrentGCThread "G1 Refine#0"               [id=19072, stack(0x000000a8a8000000,0x000000a8a8100000) (1024K)]
  0x00000247e6904b00 ConcurrentGCThread "G1 Service"                [id=6856, stack(0x000000a8a8100000,0x000000a8a8200000) (1024K)]
Total: 18

Threads with active compile tasks:
C2 CompilerThread0  2552893 3625   !   4       javax.swing.JComponent::paint (409 bytes)
Total: 1

VM state: not at safepoint (normal execution)

VM Mutex/Monitor currently owned by a thread: None

Heap address: 0x0000000084c00000, size: 1972 MB, Compressed Oops mode: 32-bit

CDS archive(s) mapped at: [0x0000024780000000-0x0000024780c90000-0x0000024780c90000), size 13172736, SharedBaseAddress: 0x0000024780000000, ArchiveRelocationMode: 1.
Compressed class space mapped at: 0x0000024781000000-0x00000247c1000000, reserved size: 1073741824
Narrow klass base: 0x0000024780000000, Narrow klass shift: 0, Narrow klass range: 0x100000000

GC Precious Log:
 CardTable entry size: 512
 Card Set container configuration: InlinePtr #cards 5 size 8 Array Of Cards #cards 12 size 40 Howl #buckets 4 coarsen threshold 1843 Howl Bitmap #cards 512 size 80 coarsen threshold 460 Card regions per heap region 1 cards per card region 2048
 CPUs: 12 total, 12 available
 Memory: 7884M
 Large Page Support: Disabled
 NUMA Support: Disabled
 Compressed Oops: Enabled (32-bit)
 Heap Region Size: 1M
 Heap Min Capacity: 8M
 Heap Initial Capacity: 124M
 Heap Max Capacity: 1972M
 Pre-touch: Disabled
 Parallel Workers: 10
 Concurrent Workers: 3
 Concurrent Refinement Workers: 10
 Periodic GC: Disabled

Heap:
 garbage-first heap   total 68608K, used 31347K [0x0000000084c00000, 0x0000000100000000)
  region size 1024K, 16 young (16384K), 3 survivors (3072K)
 Metaspace       used 21263K, committed 21568K, reserved 1114112K
  class space    used 2256K, committed 2368K, reserved 1048576K

Heap Regions: E=young(eden), S=young(survivor), O=old, HS=humongous(starts), HC=humongous(continues), CS=collection set, F=free, TAMS=top-at-mark-start, PB=parsable bottom
|   0|0x0000000084c00000, 0x0000000084d00000, 0x0000000084d00000|100%|HS|  |TAMS 0x0000000084c00000| PB 0x0000000084c00000| Complete 
|   1|0x0000000084d00000, 0x0000000084e00000, 0x0000000084e00000|100%|HC|  |TAMS 0x0000000084d00000| PB 0x0000000084d00000| Complete 
|   2|0x0000000084e00000, 0x0000000084f00000, 0x0000000084f00000|100%| O|  |TAMS 0x0000000084e00000| PB 0x0000000084e00000| Untracked 
|   3|0x0000000084f00000, 0x0000000085000000, 0x0000000085000000|100%| O|  |TAMS 0x0000000084f00000| PB 0x0000000084f00000| Untracked 
|   4|0x0000000085000000, 0x0000000085100000, 0x0000000085100000|100%| O|Cm|TAMS 0x0000000085000000| PB 0x0000000085000000| Complete 
|   5|0x0000000085100000, 0x0000000085200000, 0x0000000085200000|100%|HS|  |TAMS 0x0000000085100000| PB 0x0000000085100000| Complete 
|   6|0x0000000085200000, 0x0000000085300000, 0x0000000085300000|100%|HC|  |TAMS 0x0000000085200000| PB 0x0000000085200000| Complete 
|   7|0x0000000085300000, 0x0000000085400000, 0x0000000085400000|100%|HC|  |TAMS 0x0000000085300000| PB 0x0000000085300000| Complete 
|   8|0x0000000085400000, 0x0000000085500000, 0x0000000085500000|100%|HC|  |TAMS 0x0000000085400000| PB 0x0000000085400000| Complete 
|   9|0x0000000085500000, 0x0000000085600000, 0x0000000085600000|100%|HC|  |TAMS 0x0000000085500000| PB 0x0000000085500000| Complete 
|  10|0x0000000085600000, 0x0000000085700000, 0x0000000085700000|100%|HC|  |TAMS 0x0000000085600000| PB 0x0000000085600000| Complete 
|  11|0x0000000085700000, 0x0000000085800000, 0x0000000085800000|100%|HC|  |TAMS 0x0000000085700000| PB 0x0000000085700000| Complete 
|  12|0x0000000085800000, 0x0000000085900000, 0x0000000085900000|100%|HC|  |TAMS 0x0000000085800000| PB 0x0000000085800000| Complete 
|  13|0x0000000085900000, 0x0000000085a00000, 0x0000000085a00000|100%| O|  |TAMS 0x0000000085900000| PB 0x0000000085900000| Untracked 
|  14|0x0000000085a00000, 0x0000000085b00000, 0x0000000085b00000|100%| O|  |TAMS 0x0000000085a00000| PB 0x0000000085a00000| Untracked 
|  15|0x0000000085b00000, 0x0000000085be3978, 0x0000000085c00000| 88%| O|  |TAMS 0x0000000085b00000| PB 0x0000000085b00000| Untracked 
|  16|0x0000000085c00000, 0x0000000085c00000, 0x0000000085d00000|  0%| F|  |TAMS 0x0000000085c00000| PB 0x0000000085c00000| Untracked 
|  17|0x0000000085d00000, 0x0000000085d00000, 0x0000000085e00000|  0%| F|  |TAMS 0x0000000085d00000| PB 0x0000000085d00000| Untracked 
|  18|0x0000000085e00000, 0x0000000085e00000, 0x0000000085f00000|  0%| F|  |TAMS 0x0000000085e00000| PB 0x0000000085e00000| Untracked 
|  19|0x0000000085f00000, 0x0000000085f00000, 0x0000000086000000|  0%| F|  |TAMS 0x0000000085f00000| PB 0x0000000085f00000| Untracked 
|  20|0x0000000086000000, 0x0000000086000000, 0x0000000086100000|  0%| F|  |TAMS 0x0000000086000000| PB 0x0000000086000000| Untracked 
|  21|0x0000000086100000, 0x0000000086100000, 0x0000000086200000|  0%| F|  |TAMS 0x0000000086100000| PB 0x0000000086100000| Untracked 
|  22|0x0000000086200000, 0x0000000086200000, 0x0000000086300000|  0%| F|  |TAMS 0x0000000086200000| PB 0x0000000086200000| Untracked 
|  23|0x0000000086300000, 0x0000000086300000, 0x0000000086400000|  0%| F|  |TAMS 0x0000000086300000| PB 0x0000000086300000| Untracked 
|  24|0x0000000086400000, 0x0000000086400000, 0x0000000086500000|  0%| F|  |TAMS 0x0000000086400000| PB 0x0000000086400000| Untracked 
|  25|0x0000000086500000, 0x0000000086500000, 0x0000000086600000|  0%| F|  |TAMS 0x0000000086500000| PB 0x0000000086500000| Untracked 
|  26|0x0000000086600000, 0x0000000086600000, 0x0000000086700000|  0%| F|  |TAMS 0x0000000086600000| PB 0x0000000086600000| Untracked 
|  27|0x0000000086700000, 0x0000000086700000, 0x0000000086800000|  0%| F|  |TAMS 0x0000000086700000| PB 0x0000000086700000| Untracked 
|  28|0x0000000086800000, 0x0000000086800000, 0x0000000086900000|  0%| F|  |TAMS 0x0000000086800000| PB 0x0000000086800000| Untracked 
|  29|0x0000000086900000, 0x0000000086900000, 0x0000000086a00000|  0%| F|  |TAMS 0x0000000086900000| PB 0x0000000086900000| Untracked 
|  30|0x0000000086a00000, 0x0000000086a00000, 0x0000000086b00000|  0%| F|  |TAMS 0x0000000086a00000| PB 0x0000000086a00000| Untracked 
|  31|0x0000000086b00000, 0x0000000086bb9440, 0x0000000086c00000| 72%| S|CS|TAMS 0x0000000086b00000| PB 0x0000000086b00000| Complete 
|  32|0x0000000086c00000, 0x0000000086d00000, 0x0000000086d00000|100%| S|CS|TAMS 0x0000000086c00000| PB 0x0000000086c00000| Complete 
|  33|0x0000000086d00000, 0x0000000086e00000, 0x0000000086e00000|100%| S|CS|TAMS 0x0000000086d00000| PB 0x0000000086d00000| Complete 
|  34|0x0000000086e00000, 0x0000000086e00000, 0x0000000086f00000|  0%| F|  |TAMS 0x0000000086e00000| PB 0x0000000086e00000| Untracked 
|  35|0x0000000086f00000, 0x0000000086f00000, 0x0000000087000000|  0%| F|  |TAMS 0x0000000086f00000| PB 0x0000000086f00000| Untracked 
|  36|0x0000000087000000, 0x0000000087000000, 0x0000000087100000|  0%| F|  |TAMS 0x0000000087000000| PB 0x0000000087000000| Untracked 
|  37|0x0000000087100000, 0x0000000087100000, 0x0000000087200000|  0%| F|  |TAMS 0x0000000087100000| PB 0x0000000087100000| Untracked 
|  38|0x0000000087200000, 0x0000000087200000, 0x0000000087300000|  0%| F|  |TAMS 0x0000000087200000| PB 0x0000000087200000| Untracked 
|  39|0x0000000087300000, 0x0000000087300000, 0x0000000087400000|  0%| F|  |TAMS 0x0000000087300000| PB 0x0000000087300000| Untracked 
|  40|0x0000000087400000, 0x0000000087400000, 0x0000000087500000|  0%| F|  |TAMS 0x0000000087400000| PB 0x0000000087400000| Untracked 
|  41|0x0000000087500000, 0x0000000087500000, 0x0000000087600000|  0%| F|  |TAMS 0x0000000087500000| PB 0x0000000087500000| Untracked 
|  42|0x0000000087600000, 0x0000000087600000, 0x0000000087700000|  0%| F|  |TAMS 0x0000000087600000| PB 0x0000000087600000| Untracked 
|  43|0x0000000087700000, 0x0000000087700000, 0x0000000087800000|  0%| F|  |TAMS 0x0000000087700000| PB 0x0000000087700000| Untracked 
|  44|0x0000000087800000, 0x0000000087800000, 0x0000000087900000|  0%| F|  |TAMS 0x0000000087800000| PB 0x0000000087800000| Untracked 
|  45|0x0000000087900000, 0x0000000087900000, 0x0000000087a00000|  0%| F|  |TAMS 0x0000000087900000| PB 0x0000000087900000| Untracked 
|  46|0x0000000087a00000, 0x0000000087a00000, 0x0000000087b00000|  0%| F|  |TAMS 0x0000000087a00000| PB 0x0000000087a00000| Untracked 
|  47|0x0000000087b00000, 0x0000000087b00000, 0x0000000087c00000|  0%| F|  |TAMS 0x0000000087b00000| PB 0x0000000087b00000| Untracked 
|  48|0x0000000087c00000, 0x0000000087c00000, 0x0000000087d00000|  0%| F|  |TAMS 0x0000000087c00000| PB 0x0000000087c00000| Untracked 
|  49|0x0000000087d00000, 0x0000000087d00000, 0x0000000087e00000|  0%| F|  |TAMS 0x0000000087d00000| PB 0x0000000087d00000| Untracked 
|  50|0x0000000087e00000, 0x0000000087e00000, 0x0000000087f00000|  0%| F|  |TAMS 0x0000000087e00000| PB 0x0000000087e00000| Untracked 
|  51|0x0000000087f00000, 0x0000000087f00000, 0x0000000088000000|  0%| F|  |TAMS 0x0000000087f00000| PB 0x0000000087f00000| Untracked 
|  52|0x0000000088000000, 0x0000000088000000, 0x0000000088100000|  0%| F|  |TAMS 0x0000000088000000| PB 0x0000000088000000| Untracked 
|  53|0x0000000088100000, 0x0000000088100000, 0x0000000088200000|  0%| F|  |TAMS 0x0000000088100000| PB 0x0000000088100000| Untracked 
|  54|0x0000000088200000, 0x0000000088280000, 0x0000000088300000| 50%| E|  |TAMS 0x0000000088200000| PB 0x0000000088200000| Complete 
|  55|0x0000000088300000, 0x0000000088400000, 0x0000000088400000|100%| E|CS|TAMS 0x0000000088300000| PB 0x0000000088300000| Complete 
|  56|0x0000000088400000, 0x0000000088500000, 0x0000000088500000|100%| E|CS|TAMS 0x0000000088400000| PB 0x0000000088400000| Complete 
|  57|0x0000000088500000, 0x0000000088600000, 0x0000000088600000|100%| E|CS|TAMS 0x0000000088500000| PB 0x0000000088500000| Complete 
|  58|0x0000000088600000, 0x0000000088700000, 0x0000000088700000|100%| E|CS|TAMS 0x0000000088600000| PB 0x0000000088600000| Complete 
|  59|0x0000000088700000, 0x0000000088800000, 0x0000000088800000|100%| E|CS|TAMS 0x0000000088700000| PB 0x0000000088700000| Complete 
|  60|0x0000000088800000, 0x0000000088900000, 0x0000000088900000|100%| E|CS|TAMS 0x0000000088800000| PB 0x0000000088800000| Complete 
|  61|0x0000000088900000, 0x0000000088a00000, 0x0000000088a00000|100%| E|CS|TAMS 0x0000000088900000| PB 0x0000000088900000| Complete 
|  62|0x0000000088a00000, 0x0000000088b00000, 0x0000000088b00000|100%| E|CS|TAMS 0x0000000088a00000| PB 0x0000000088a00000| Complete 
| 103|0x000000008b300000, 0x000000008b400000, 0x000000008b400000|100%| E|CS|TAMS 0x000000008b300000| PB 0x000000008b300000| Complete 
| 104|0x000000008b400000, 0x000000008b500000, 0x000000008b500000|100%| E|CS|TAMS 0x000000008b400000| PB 0x000000008b400000| Complete 
| 105|0x000000008b500000, 0x000000008b600000, 0x000000008b600000|100%| E|CS|TAMS 0x000000008b500000| PB 0x000000008b500000| Complete 
| 123|0x000000008c700000, 0x000000008c800000, 0x000000008c800000|100%| E|CS|TAMS 0x000000008c700000| PB 0x000000008c700000| Complete 

Card table byte_map: [0x00000247e1b70000,0x00000247e1f50000] _byte_map_base: 0x00000247e174a000

Marking Bits: (CMBitMap*) 0x00000247c9debc00
 Bits: [0x00000247e1f50000, 0x00000247e3e20000)

Polling page: 0x00000247c9560000

Metaspace:

Usage:
  Non-class:     18.56 MB used.
      Class:      2.20 MB used.
       Both:     20.77 MB used.

Virtual space:
  Non-class space:       64.00 MB reserved,      18.75 MB ( 29%) committed,  1 nodes.
      Class space:        1.00 GB reserved,       2.31 MB ( <1%) committed,  1 nodes.
             Both:        1.06 GB reserved,      21.06 MB (  2%) committed. 

Chunk freelists:
   Non-Class:  13.00 MB
       Class:  13.63 MB
        Both:  26.63 MB

MaxMetaspaceSize: unlimited
CompressedClassSpaceSize: 1.00 GB
Initial GC threshold: 21.00 MB
Current GC threshold: 35.12 MB
CDS: on
 - commit_granule_bytes: 65536.
 - commit_granule_words: 8192.
 - virtual_space_node_default_size: 8388608.
 - enlarge_chunks_in_place: 1.
 - use_allocation_guard: 0.


Internal statistics:

num_allocs_failed_limit: 3.
num_arena_births: 222.
num_arena_deaths: 0.
num_vsnodes_births: 2.
num_vsnodes_deaths: 0.
num_space_committed: 337.
num_space_uncommitted: 0.
num_chunks_returned_to_freelist: 3.
num_chunks_taken_from_freelist: 477.
num_chunk_merges: 0.
num_chunk_splits: 281.
num_chunks_enlarged: 166.
num_inconsistent_stats: 0.

CodeHeap 'non-profiled nmethods': size=120000Kb used=1956Kb max_used=1956Kb free=118043Kb
 bounds [0x00000247d9d00000, 0x00000247d9f70000, 0x00000247e1230000]
CodeHeap 'profiled nmethods': size=120000Kb used=7107Kb max_used=7107Kb free=112892Kb
 bounds [0x00000247d2230000, 0x00000247d2930000, 0x00000247d9760000]
CodeHeap 'non-nmethods': size=5760Kb used=1720Kb max_used=1764Kb free=4039Kb
 bounds [0x00000247d9760000, 0x00000247d99d0000, 0x00000247d9d00000]
 total_blobs=4376 nmethods=3623 adapters=656
 compilation: enabled
              stopped_count=0, restarted_count=0
 full_count=0

Compilation events (20 events):
Event: 2384.268 Thread 0x00000247e6a74370 nmethod 3615 0x00000247d9edd790 code [0x00000247d9edd940, 0x00000247d9eddd50]
Event: 2390.306 Thread 0x00000247e6a74370 3616 %     4       javax.swing.SwingUtilities::getPaintingOrigin @ 2 (33 bytes)
Event: 2390.311 Thread 0x00000247e6a74370 nmethod 3616% 0x00000247d9ede010 code [0x00000247d9ede1a0, 0x00000247d9ede338]
Event: 2393.325 Thread 0x00000247e6a74370 3617       4       javax.swing.JComponent::revalidate (53 bytes)
Event: 2393.432 Thread 0x00000247e6a74370 nmethod 3617 0x00000247d9ede490 code [0x00000247d9ede8e0, 0x00000247d9ee1448]
Event: 2429.601 Thread 0x00000247e6a74370 3618       4       java.awt.Container::invalidate (29 bytes)
Event: 2429.612 Thread 0x00000247e6a74370 nmethod 3618 0x00000247d9ee2890 code [0x00000247d9ee2a40, 0x00000247d9ee2f28]
Event: 2429.612 Thread 0x00000247e6a74370 3619   !   4       java.awt.Component::invalidate (63 bytes)
Event: 2429.618 Thread 0x00000247e6a74370 nmethod 3619 0x00000247d9ee3110 code [0x00000247d9ee32c0, 0x00000247d9ee3748]
Event: 2467.001 Thread 0x00000247e6a74370 3620   !   4       javax.swing.TimerQueue::containsTimer (45 bytes)
Event: 2467.010 Thread 0x00000247e6a74370 nmethod 3620 0x00000247d9ee3890 code [0x00000247d9ee3a80, 0x00000247d9ee3f20]
Event: 2519.483 Thread 0x00000247e6a74370 3621       4       sun.java2d.SunGraphics2D::clipRect (17 bytes)
Event: 2519.520 Thread 0x00000247e6a74370 nmethod 3621 0x00000247d9ee4290 code [0x00000247d9ee45a0, 0x00000247d9ee5520]
Event: 2531.582 Thread 0x00000247e6a74370 3622  s    4       sun.java2d.loops.RenderCache::get (100 bytes)
Event: 2531.590 Thread 0x00000247e6a74370 nmethod 3622 0x00000247d9ee6210 code [0x00000247d9ee63c0, 0x00000247d9ee67d0]
Event: 2546.702 Thread 0x00000247e6a74370 3623       4       javax.swing.JComponent::rectangleIsObscured (119 bytes)
Event: 2546.708 Thread 0x00000247e6a74370 nmethod 3623 0x00000247d9ee6990 code [0x00000247d9ee6b40, 0x00000247d9ee6d40]
Event: 2548.724 Thread 0x00000247e6a74370 3624   !   4       javax.swing.JComponent::paintChildren (684 bytes)
Event: 2548.757 Thread 0x00000247e6a74370 nmethod 3624 0x00000247d9ee6f90 code [0x00000247d9ee7300, 0x00000247d9ee8260]
Event: 2552.790 Thread 0x00000247e6a74370 3625   !   4       javax.swing.JComponent::paint (409 bytes)

GC Heap History (6 events):
Event: 8.768 GC heap before
{Heap before GC invocations=0 (full 0):
 garbage-first heap   total 126976K, used 24576K [0x0000000084c00000, 0x0000000100000000)
  region size 1024K, 23 young (23552K), 0 survivors (0K)
 Metaspace       used 18872K, committed 19072K, reserved 1114112K
  class space    used 2074K, committed 2176K, reserved 1048576K
}
Event: 8.777 GC heap after
{Heap after GC invocations=1 (full 0):
 garbage-first heap   total 126976K, used 7887K [0x0000000084c00000, 0x0000000100000000)
  region size 1024K, 3 young (3072K), 3 survivors (3072K)
 Metaspace       used 18872K, committed 19072K, reserved 1114112K
  class space    used 2074K, committed 2176K, reserved 1048576K
}
Event: 523.062 GC heap before
{Heap before GC invocations=1 (full 0):
 garbage-first heap   total 126976K, used 32463K [0x0000000084c00000, 0x0000000100000000)
  region size 1024K, 21 young (21504K), 3 survivors (3072K)
 Metaspace       used 21248K, committed 21504K, reserved 1114112K
  class space    used 2256K, committed 2368K, reserved 1048576K
}
Event: 523.116 GC heap after
{Heap after GC invocations=2 (full 0):
 garbage-first heap   total 126976K, used 19061K [0x0000000084c00000, 0x0000000100000000)
  region size 1024K, 3 young (3072K), 3 survivors (3072K)
 Metaspace       used 21248K, committed 21504K, reserved 1114112K
  class space    used 2256K, committed 2368K, reserved 1048576K
}
Event: 1953.419 GC heap before
{Heap before GC invocations=3 (full 0):
 garbage-first heap   total 68608K, used 49781K [0x0000000084c00000, 0x0000000100000000)
  region size 1024K, 33 young (33792K), 3 survivors (3072K)
 Metaspace       used 21263K, committed 21568K, reserved 1114112K
  class space    used 2256K, committed 2368K, reserved 1048576K
}
Event: 1953.452 GC heap after
{Heap after GC invocations=4 (full 0):
 garbage-first heap   total 68608K, used 19059K [0x0000000084c00000, 0x0000000100000000)
  region size 1024K, 3 young (3072K), 3 survivors (3072K)
 Metaspace       used 21263K, committed 21568K, reserved 1114112K
  class space    used 2256K, committed 2368K, reserved 1048576K
}

Dll operation events (11 events):
Event: 0.270 Loaded shared library D:\Program Files\Java\jdk-21\bin\java.dll
Event: 0.424 Loaded shared library D:\Program Files\Java\jdk-21\bin\jsvml.dll
Event: 0.510 Loaded shared library D:\Program Files\Java\jdk-21\bin\net.dll
Event: 0.596 Loaded shared library D:\Program Files\Java\jdk-21\bin\nio.dll
Event: 0.691 Loaded shared library D:\Program Files\Java\jdk-21\bin\zip.dll
Event: 0.774 Loaded shared library D:\Program Files\Java\jdk-21\bin\jimage.dll
Event: 0.860 Loaded shared library D:\Program Files\Java\jdk-21\bin\awt.dll
Event: 1.180 Loaded shared library D:\Program Files\Java\jdk-21\bin\freetype.dll
Event: 1.254 Loaded shared library D:\Program Files\Java\jdk-21\bin\fontmanager.dll
Event: 8.086 Loaded shared library D:\Program Files\Java\jdk-21\bin\extnet.dll
Event: 8.455 Loaded shared library D:\Program Files\Java\jdk-21\bin\sunmscapi.dll

Deoptimization events (20 events):
Event: 43.044 Thread 0x00000247e6ef2540 DEOPT PACKING pc=0x00000247d22f46c9 sp=0x000000a8a91fecb0
Event: 43.044 Thread 0x00000247e6ef2540 DEOPT UNPACKING pc=0x00000247d97b4e42 sp=0x000000a8a91fe150 mode 0
Event: 125.616 Thread 0x00000247e6ef2540 DEOPT PACKING pc=0x00000247d25c1396 sp=0x000000a8a91ff0e0
Event: 125.616 Thread 0x00000247e6ef2540 DEOPT UNPACKING pc=0x00000247d97b4e42 sp=0x000000a8a91fe570 mode 0
Event: 190.086 Thread 0x00000247e6ef2540 Uncommon trap: trap_request=0xffffffcc fr.pc=0x00000247d9e1e18c relative=0x000000000000034c
Event: 190.086 Thread 0x00000247e6ef2540 Uncommon trap: reason=intrinsic_or_type_checked_inlining action=make_not_entrant pc=0x00000247d9e1e18c method=java.util.Arrays.copyOf([Ljava/lang/Object;ILjava/lang/Class;)[Ljava/lang/Object; @ 35 c2
Event: 190.086 Thread 0x00000247e6ef2540 DEOPT PACKING pc=0x00000247d9e1e18c sp=0x000000a8a91fec00
Event: 190.086 Thread 0x00000247e6ef2540 DEOPT UNPACKING pc=0x00000247d97b46a2 sp=0x000000a8a91feb90 mode 2
Event: 362.587 Thread 0x00000247e6ef2540 Uncommon trap: trap_request=0xffffff6e fr.pc=0x00000247d9e38538 relative=0x0000000000000678
Event: 362.587 Thread 0x00000247e6ef2540 Uncommon trap: reason=loop_limit_check action=maybe_recompile pc=0x00000247d9e38538 method=java.awt.geom.AffineTransform.transform([DI[DII)V @ 454 c2
Event: 362.588 Thread 0x00000247e6ef2540 DEOPT PACKING pc=0x00000247d9e38538 sp=0x000000a8a91fda90
Event: 362.588 Thread 0x00000247e6ef2540 DEOPT UNPACKING pc=0x00000247d97b46a2 sp=0x000000a8a91fd9b0 mode 2
Event: 491.858 Thread 0x00000247e6ef2540 Uncommon trap: trap_request=0xffffff6e fr.pc=0x00000247d9e545d4 relative=0x0000000000000554
Event: 491.858 Thread 0x00000247e6ef2540 Uncommon trap: reason=loop_limit_check action=maybe_recompile pc=0x00000247d9e545d4 method=java.awt.EventDispatchThread.filterAndCheckEvent(Ljava/awt/AWTEvent;)Z @ 22 c2
Event: 491.858 Thread 0x00000247e6ef2540 DEOPT PACKING pc=0x00000247d9e545d4 sp=0x000000a8a91ff4f0
Event: 491.858 Thread 0x00000247e6ef2540 DEOPT UNPACKING pc=0x00000247d97b46a2 sp=0x000000a8a91ff490 mode 2
Event: 910.052 Thread 0x00000247e6ef2540 Uncommon trap: trap_request=0xffffffdc fr.pc=0x00000247d9e7c25c relative=0x00000000000060dc
Event: 910.052 Thread 0x00000247e6ef2540 Uncommon trap: reason=class_check action=make_not_entrant pc=0x00000247d9e7c25c method=java.util.ArrayList.toArray([Ljava/lang/Object;)[Ljava/lang/Object; @ 21 c2
Event: 910.052 Thread 0x00000247e6ef2540 DEOPT PACKING pc=0x00000247d9e7c25c sp=0x000000a8a91fef90
Event: 910.052 Thread 0x00000247e6ef2540 DEOPT UNPACKING pc=0x00000247d97b46a2 sp=0x000000a8a91fee20 mode 2

Classes loaded (20 events):
Event: 11.837 Loading class javax/swing/text/GapContent$RemoveUndo
Event: 11.837 Loading class javax/swing/text/GapContent$RemoveUndo done
Event: 11.837 Loading class javax/swing/text/GapContent$UndoPosRef
Event: 11.837 Loading class javax/swing/text/GapContent$UndoPosRef done
Event: 13.456 Loading class javax/swing/JTable$CellEditorRemover
Event: 13.456 Loading class javax/swing/JTable$CellEditorRemover done
Event: 13.456 Loading class javax/swing/JTable$GenericEditor
Event: 13.457 Loading class javax/swing/JTable$GenericEditor done
Event: 13.458 Loading class javax/swing/DefaultCellEditor$1
Event: 13.458 Loading class javax/swing/DefaultCellEditor$EditorDelegate
Event: 13.458 Loading class javax/swing/DefaultCellEditor$EditorDelegate done
Event: 13.458 Loading class javax/swing/DefaultCellEditor$1 done
Event: 13.458 Loading class javax/swing/event/ListSelectionEvent
Event: 13.459 Loading class javax/swing/event/ListSelectionEvent done
Event: 13.463 Loading class com/sun/java/swing/plaf/windows/WindowsBorders$ComplementDashedBorder
Event: 13.464 Loading class com/sun/java/swing/plaf/windows/WindowsBorders$ComplementDashedBorder done
Event: 32.928 Loading class javax/swing/MenuSelectionManager
Event: 32.929 Loading class javax/swing/MenuSelectionManager done
Event: 231.480 Loading class java/security/DomainCombiner
Event: 231.480 Loading class java/security/DomainCombiner done

Classes unloaded (0 events):
No events

Classes redefined (0 events):
No events

Internal exceptions (20 events):
Event: 1.065 Thread 0x00000247c9d992d0 Exception <a 'java/lang/ClassNotFoundException'{0x000000008c217688}: com/sun/swing/internal/plaf/basic/resources/spi/basicProvider> (0x000000008c217688) 
thrown [s\open\src\hotspot\share\classfile\systemDictionary.cpp, line 312]
Event: 1.071 Thread 0x00000247c9d992d0 Exception <a 'java/lang/NoSuchMethodError'{0x000000008c225678}: 'java.lang.Object java.lang.invoke.DirectMethodHandle$Holder.invokeStatic(java.lang.Object, java.lang.Object, int, java.lang.Object)'> (0x000000008c225678) 
thrown [s\open\src\hotspot\share\interpreter\linkResolver.cpp, line 773]
Event: 1.072 Thread 0x00000247c9d992d0 Exception <a 'java/lang/NoSuchMethodError'{0x000000008c22b788}: 'java.lang.Object java.lang.invoke.DirectMethodHandle$Holder.newInvokeSpecial(java.lang.Object, java.lang.Object, int)'> (0x000000008c22b788) 
thrown [s\open\src\hotspot\share\interpreter\linkResolver.cpp, line 773]
Event: 1.325 Thread 0x00000247e6ef2540 Exception <a 'java/lang/NoSuchMethodError'{0x000000008c2db710}: 'int java.lang.invoke.Invokers$Holder.invokeExact_MT(java.lang.Object, java.lang.Object)'> (0x000000008c2db710) 
thrown [s\open\src\hotspot\share\interpreter\linkResolver.cpp, line 773]
Event: 1.520 Thread 0x00000247e6fcbc80 Exception <a 'java/lang/NoSuchMethodError'{0x000000008bf14f88}: 'java.lang.Object java.lang.invoke.DirectMethodHandle$Holder.newInvokeSpecial(java.lang.Object, java.lang.Object, java.lang.Object, int, int, int, int, int)'> (0x000000008bf14f88) 
thrown [s\open\src\hotspot\share\interpreter\linkResolver.cpp, line 773]
Event: 1.544 Thread 0x00000247e6ea9390 Exception <a 'java/lang/NoSuchMethodError'{0x000000008c30e368}: 'void java.lang.invoke.DirectMethodHandle$Holder.invokeVirtual(java.lang.Object, java.lang.Object)'> (0x000000008c30e368) 
thrown [s\open\src\hotspot\share\interpreter\linkResolver.cpp, line 773]
Event: 7.946 Thread 0x00000247e6ef2540 Exception <a 'java/lang/NoSuchMethodError'{0x000000008be85360}: 'void java.lang.invoke.DirectMethodHandle$Holder.invokeStatic(java.lang.Object, java.lang.Object)'> (0x000000008be85360) 
thrown [s\open\src\hotspot\share\interpreter\linkResolver.cpp, line 773]
Event: 7.968 Thread 0x00000247e6ef2540 Exception <a 'java/lang/NoSuchMethodError'{0x000000008bd355b8}: 'java.lang.Object java.lang.invoke.DirectMethodHandle$Holder.invokeInterface(java.lang.Object, java.lang.Object)'> (0x000000008bd355b8) 
thrown [s\open\src\hotspot\share\interpreter\linkResolver.cpp, line 773]
Event: 7.987 Thread 0x00000247e6ef2540 Exception <a 'java/lang/NoSuchMethodError'{0x000000008bdbc858}: 'void java.lang.invoke.DirectMethodHandle$Holder.invokeStatic(java.lang.Object, java.lang.Object, java.lang.Object)'> (0x000000008bdbc858) 
thrown [s\open\src\hotspot\share\interpreter\linkResolver.cpp, line 773]
Event: 7.988 Thread 0x00000247e6ef2540 Exception <a 'java/lang/NoSuchMethodError'{0x000000008bdc9dd0}: 'java.lang.Object java.lang.invoke.DirectMethodHandle$Holder.invokeVirtual(java.lang.Object, java.lang.Object, java.lang.Object)'> (0x000000008bdc9dd0) 
thrown [s\open\src\hotspot\share\interpreter\linkResolver.cpp, line 773]
Event: 8.173 Thread 0x00000247e6ef2540 Exception <a 'java/lang/NoSuchMethodError'{0x000000008b716618}: 'void java.lang.invoke.DirectMethodHandle$Holder.invokeStaticInit(java.lang.Object, java.lang.Object)'> (0x000000008b716618) 
thrown [s\open\src\hotspot\share\interpreter\linkResolver.cpp, line 773]
Event: 8.241 Thread 0x00000247e6ef2540 Exception <a 'sun/nio/fs/WindowsException'{0x000000008b6505d0}> (0x000000008b6505d0) 
thrown [s\open\src\hotspot\share\prims\jni.cpp, line 520]
Event: 8.324 Thread 0x00000247e6ef2540 Exception <a 'java/lang/NoSuchMethodError'{0x000000008b6fdd78}: 'java.lang.Object java.lang.invoke.DirectMethodHandle$Holder.invokeStaticInit(java.lang.Object, int, int, int, int)'> (0x000000008b6fdd78) 
thrown [s\open\src\hotspot\share\interpreter\linkResolver.cpp, line 773]
Event: 8.381 Thread 0x00000247e6ef2540 Exception <a 'java/lang/NoSuchMethodError'{0x000000008b5c1878}: 'java.lang.Object java.lang.invoke.DirectMethodHandle$Holder.invokeStaticInit(java.lang.Object, java.lang.Object, int, int, int, int)'> (0x000000008b5c1878) 
thrown [s\open\src\hotspot\share\interpreter\linkResolver.cpp, line 773]
Event: 8.492 Thread 0x00000247e6ef2540 Exception <a 'java/lang/NoSuchMethodError'{0x000000008b440218}: 'int java.lang.invoke.DirectMethodHandle$Holder.invokeSpecial(java.lang.Object, java.lang.Object, java.lang.Object)'> (0x000000008b440218) 
thrown [s\open\src\hotspot\share\interpreter\linkResolver.cpp, line 773]
Event: 8.684 Thread 0x00000247e6ef2540 Exception <a 'java/lang/NoSuchMethodError'{0x000000008b2c1e38}: 'void java.lang.invoke.DirectMethodHandle$Holder.invokeStatic(java.lang.Object, java.lang.Object, java.lang.Object, java.lang.Object)'> (0x000000008b2c1e38) 
thrown [s\open\src\hotspot\share\interpreter\linkResolver.cpp, line 773]
Event: 8.705 Thread 0x00000247e6ef2540 Exception <a 'java/lang/NoSuchMethodError'{0x000000008b12a580}: 'void java.lang.invoke.DirectMethodHandle$Holder.invokeInterface(java.lang.Object, java.lang.Object, java.lang.Object, java.lang.Object)'> (0x000000008b12a580) 
thrown [s\open\src\hotspot\share\interpreter\linkResolver.cpp, line 773]
Event: 8.826 Thread 0x00000247e6ef2540 Exception <a 'java/lang/NoSuchMethodError'{0x000000008c71d028}: 'int java.lang.invoke.DirectMethodHandle$Holder.invokeStatic(java.lang.Object)'> (0x000000008c71d028) 
thrown [s\open\src\hotspot\share\interpreter\linkResolver.cpp, line 773]
Event: 8.835 Thread 0x00000247e6ef2540 Exception <a 'java/lang/NoSuchMethodError'{0x000000008c73b160}: 'java.lang.Object java.lang.invoke.DirectMethodHandle$Holder.newInvokeSpecial(java.lang.Object, int, java.lang.Object)'> (0x000000008c73b160) 
thrown [s\open\src\hotspot\share\interpreter\linkResolver.cpp, line 773]
Event: 9.824 Thread 0x00000247e6ef2540 Exception <a 'java/lang/NoSuchMethodError'{0x000000008c478098}: 'java.lang.Object java.lang.invoke.DirectMethodHandle$Holder.newInvokeSpecial(java.lang.Object, java.lang.Object, int, java.lang.Object, double)'> (0x000000008c478098) 
thrown [s\open\src\hotspot\share\interpreter\linkResolver.cpp, line 773]

ZGC Phase Switch (0 events):
No events

VM Operations (20 events):
Event: 1322.588 Executing VM operation: Cleanup
Event: 1322.588 Executing VM operation: Cleanup done
Event: 1360.873 Executing VM operation: Cleanup
Event: 1360.873 Executing VM operation: Cleanup done
Event: 1580.410 Executing VM operation: Cleanup
Event: 1580.410 Executing VM operation: Cleanup done
Event: 1796.092 Executing VM operation: Cleanup
Event: 1796.092 Executing VM operation: Cleanup done
Event: 1953.418 Executing VM operation: G1CollectForAllocation (G1 Evacuation Pause)
Event: 1953.452 Executing VM operation: G1CollectForAllocation (G1 Evacuation Pause) done
Event: 2068.304 Executing VM operation: Cleanup
Event: 2068.305 Executing VM operation: Cleanup done
Event: 2077.389 Executing VM operation: Cleanup
Event: 2077.389 Executing VM operation: Cleanup done
Event: 2261.686 Executing VM operation: Cleanup
Event: 2261.686 Executing VM operation: Cleanup done
Event: 2319.082 Executing VM operation: Cleanup
Event: 2319.082 Executing VM operation: Cleanup done
Event: 2430.849 Executing VM operation: Cleanup
Event: 2430.849 Executing VM operation: Cleanup done

Events (20 events):
Event: 0.943 Thread 0x00000247e6ea4d80 Thread added: 0x00000247e6ea4d80
Event: 0.946 Thread 0x00000247e6ea6470 Thread added: 0x00000247e6ea6470
Event: 0.948 Thread 0x00000247e6ea9390 Thread added: 0x00000247e6ea9390
Event: 1.080 Thread 0x00000247e6ef2540 Thread added: 0x00000247e6ef2540
Event: 1.081 Thread 0x00000247c9d992d0 Thread exited: 0x00000247c9d992d0
Event: 1.081 Thread 0x00000247c9d992d0 Thread added: 0x00000247c9d992d0
Event: 1.384 Thread 0x00000247e6fcbc80 Thread added: 0x00000247e6fcbc80
Event: 1.520 Thread 0x00000247ec501d40 Thread added: 0x00000247ec501d40
Event: 1.812 Thread 0x00000247ec501d40 Thread exited: 0x00000247ec501d40
Event: 1.846 Thread 0x00000247ec767160 Thread added: 0x00000247ec767160
Event: 6.542 Thread 0x00000247e6fcbc80 Thread exited: 0x00000247e6fcbc80
Event: 7.947 Thread 0x00000247e6fce260 Thread added: 0x00000247e6fce260
Event: 7.977 Thread 0x00000247e6bd4090 Thread added: 0x00000247e6bd4090
Event: 8.962 Thread 0x00000247e6bd4090 Thread exited: 0x00000247e6bd4090
Event: 9.643 Thread 0x00000247ec792e00 Thread added: 0x00000247ec792e00
Event: 9.839 Thread 0x00000247ee73e3c0 Thread added: 0x00000247ee73e3c0
Event: 10.231 Thread 0x00000247ee73e3c0 Thread exited: 0x00000247ee73e3c0
Event: 10.835 Thread 0x00000247ec7c67b0 Thread added: 0x00000247ec7c67b0
Event: 11.836 Thread 0x00000247ec7c67b0 Thread exited: 0x00000247ec7c67b0
Event: 14.661 Thread 0x00000247ec792e00 Thread exited: 0x00000247ec792e00


Dynamic libraries:
0x00007ff6c4570000 - 0x00007ff6c4580000 	D:\Program Files\Java\jdk-21\bin\java.exe
0x00007ffef2970000 - 0x00007ffef2b88000 	C:\Windows\SYSTEM32\ntdll.dll
0x00007ffef0ed0000 - 0x00007ffef0f94000 	C:\Windows\System32\KERNEL32.DLL
0x00007ffeefff0000 - 0x00007ffef03c3000 	C:\Windows\System32\KERNELBASE.dll
0x00007ffeefed0000 - 0x00007ffeeffe1000 	C:\Windows\System32\ucrtbase.dll
0x00007ffe8a4f0000 - 0x00007ffe8a509000 	D:\Program Files\Java\jdk-21\bin\jli.dll
0x00007ffef23a0000 - 0x00007ffef2451000 	C:\Windows\System32\ADVAPI32.dll
0x00007ffef0720000 - 0x00007ffef07c7000 	C:\Windows\System32\msvcrt.dll
0x00007ffef1500000 - 0x00007ffef15a8000 	C:\Windows\System32\sechost.dll
0x00007ffeefbf0000 - 0x00007ffeefc18000 	C:\Windows\System32\bcrypt.dll
0x00007ffef13a0000 - 0x00007ffef14b8000 	C:\Windows\System32\RPCRT4.dll
0x00007ffef2060000 - 0x00007ffef2212000 	C:\Windows\System32\USER32.dll
0x00007ffeefa80000 - 0x00007ffeefaa6000 	C:\Windows\System32\win32u.dll
0x00007ffed8120000 - 0x00007ffed83bc000 	C:\Windows\WinSxS\amd64_microsoft.windows.common-controls_6595b64144ccf1df_6.0.22621.6060_none_2712eda17382d24b\COMCTL32.dll
0x00007ffef2900000 - 0x00007ffef2929000 	C:\Windows\System32\GDI32.dll
0x00007ffef04f0000 - 0x00007ffef060b000 	C:\Windows\System32\gdi32full.dll
0x00007ffef03d0000 - 0x00007ffef046a000 	C:\Windows\System32\msvcp_win.dll
0x00007ffed56e0000 - 0x00007ffed56ea000 	C:\Windows\SYSTEM32\VERSION.dll
0x00007ffed5f30000 - 0x00007ffed5f4b000 	D:\Program Files\Java\jdk-21\bin\VCRUNTIME140.dll
0x00007ffef14c0000 - 0x00007ffef14f1000 	C:\Windows\System32\IMM32.DLL
0x00007ffee2660000 - 0x00007ffee266c000 	D:\Program Files\Java\jdk-21\bin\vcruntime140_1.dll
0x00007ffe9b270000 - 0x00007ffe9b2fe000 	D:\Program Files\Java\jdk-21\bin\msvcp140.dll
0x00007ffe359b0000 - 0x00007ffe366ca000 	D:\Program Files\Java\jdk-21\bin\server\jvm.dll
0x00007ffef0e50000 - 0x00007ffef0ec1000 	C:\Windows\System32\WS2_32.dll
0x00007ffeef8a0000 - 0x00007ffeef8ed000 	C:\Windows\SYSTEM32\POWRPROF.dll
0x00007ffee71a0000 - 0x00007ffee71d4000 	C:\Windows\SYSTEM32\WINMM.dll
0x00007ffeef880000 - 0x00007ffeef893000 	C:\Windows\SYSTEM32\UMPDC.dll
0x00007ffeeea30000 - 0x00007ffeeea48000 	C:\Windows\SYSTEM32\kernel.appcore.dll
0x00007ffed5f20000 - 0x00007ffed5f2a000 	D:\Program Files\Java\jdk-21\bin\jimage.dll
0x00007ffeeccb0000 - 0x00007ffeecee3000 	C:\Windows\SYSTEM32\DBGHELP.DLL
0x00007ffef1000000 - 0x00007ffef1391000 	C:\Windows\System32\combase.dll
0x00007ffef1f50000 - 0x00007ffef2028000 	C:\Windows\System32\OLEAUT32.dll
0x00007ffebf5c0000 - 0x00007ffebf5f2000 	C:\Windows\SYSTEM32\dbgcore.DLL
0x00007ffef0470000 - 0x00007ffef04eb000 	C:\Windows\System32\bcryptPrimitives.dll
0x00007ffed5ca0000 - 0x00007ffed5cbf000 	D:\Program Files\Java\jdk-21\bin\java.dll
0x00007ffef16b0000 - 0x00007ffef1f4c000 	C:\Windows\System32\SHELL32.dll
0x00007ffeefc20000 - 0x00007ffeefd5f000 	C:\Windows\System32\wintypes.dll
0x00007ffeed930000 - 0x00007ffeee24a000 	C:\Windows\SYSTEM32\windows.storage.dll
0x00007ffef2220000 - 0x00007ffef2324000 	C:\Windows\System32\SHCORE.dll
0x00007ffef0ac0000 - 0x00007ffef0b29000 	C:\Windows\System32\shlwapi.dll
0x00007ffeef9b0000 - 0x00007ffeef9d5000 	C:\Windows\SYSTEM32\profapi.dll
0x00007ffea0c30000 - 0x00007ffea0d07000 	D:\Program Files\Java\jdk-21\bin\jsvml.dll
0x00007ffed5c90000 - 0x00007ffed5ca0000 	D:\Program Files\Java\jdk-21\bin\net.dll
0x00007ffeeb740000 - 0x00007ffeeb86c000 	C:\Windows\SYSTEM32\WINHTTP.dll
0x00007ffeeef40000 - 0x00007ffeeefa9000 	C:\Windows\system32\mswsock.dll
0x00007ffed5c10000 - 0x00007ffed5c26000 	D:\Program Files\Java\jdk-21\bin\nio.dll
0x00007ffecd0f0000 - 0x00007ffecd108000 	D:\Program Files\Java\jdk-21\bin\zip.dll
0x00007ffe95190000 - 0x00007ffe9531f000 	D:\Program Files\Java\jdk-21\bin\awt.dll
0x00007ffee70e0000 - 0x00007ffee7177000 	C:\Windows\SYSTEM32\apphelp.dll
0x00007ffeecf20000 - 0x00007ffeecfd3000 	C:\Windows\system32\uxtheme.dll
0x00007ffef0cf0000 - 0x00007ffef0e50000 	C:\Windows\System32\MSCTF.dll
0x00007ffef0850000 - 0x00007ffef09f1000 	C:\Windows\System32\ole32.dll
0x00007ffeed290000 - 0x00007ffeed2bb000 	C:\Windows\system32\DWMAPI.DLL
0x00007ffea5200000 - 0x00007ffea5300000 	C:\Windows\system32\opengl32.dll
0x00007ffea4dc0000 - 0x00007ffea4ded000 	C:\Windows\SYSTEM32\GLU32.dll
0x00007ffeed120000 - 0x00007ffeed157000 	C:\Windows\SYSTEM32\dxcore.dll
0x00007ffe9ad90000 - 0x00007ffe9ae17000 	D:\Program Files\Java\jdk-21\bin\freetype.dll
0x00007ffe8a5a0000 - 0x00007ffe8a681000 	D:\Program Files\Java\jdk-21\bin\fontmanager.dll
0x00007ffef0a10000 - 0x00007ffef0ac0000 	C:\Windows\System32\clbcatq.dll
0x00007ffeec860000 - 0x00007ffeeca12000 	C:\Windows\SYSTEM32\WindowsCodecs.dll
0x00007ffeb7ce0000 - 0x00007ffeb7d3e000 	C:\Windows\system32\dataexchange.dll
0x00007ffee9a90000 - 0x00007ffee9d36000 	C:\Windows\system32\twinapi.appcore.dll
0x00007ffed89b0000 - 0x00007ffed8af5000 	C:\Windows\SYSTEM32\textinputframework.dll
0x00007ffee6df0000 - 0x00007ffee6f23000 	C:\Windows\SYSTEM32\CoreMessaging.dll
0x00007ffee3cd0000 - 0x00007ffee403c000 	C:\Windows\SYSTEM32\CoreUIComponents.dll
0x00007ffeef190000 - 0x00007ffeef19c000 	C:\Windows\SYSTEM32\CRYPTBASE.DLL
0x00007ffeee560000 - 0x00007ffeee658000 	C:\Windows\SYSTEM32\DNSAPI.dll
0x00007ffeee4e0000 - 0x00007ffeee50d000 	C:\Windows\SYSTEM32\IPHLPAPI.DLL
0x00007ffef1690000 - 0x00007ffef1699000 	C:\Windows\System32\NSI.dll
0x00007ffee9d40000 - 0x00007ffee9d4a000 	C:\Windows\System32\rasadhlp.dll
0x00007ffeea090000 - 0x00007ffeea114000 	C:\Windows\System32\fwpuclnt.dll
0x00007ffecd0e0000 - 0x00007ffecd0e9000 	D:\Program Files\Java\jdk-21\bin\extnet.dll
0x00007ffeef1a0000 - 0x00007ffeef1bb000 	C:\Windows\SYSTEM32\CRYPTSP.dll
0x00007ffeee990000 - 0x00007ffeee9c7000 	C:\Windows\system32\rsaenh.dll
0x00007ffeef030000 - 0x00007ffeef058000 	C:\Windows\SYSTEM32\USERENV.dll
0x00007ffeac390000 - 0x00007ffeac39e000 	D:\Program Files\Java\jdk-21\bin\sunmscapi.dll
0x00007ffeefd60000 - 0x00007ffeefec8000 	C:\Windows\System32\CRYPT32.dll
0x00007ffeef350000 - 0x00007ffeef37e000 	C:\Windows\SYSTEM32\ncrypt.dll
0x00007ffeef310000 - 0x00007ffeef347000 	C:\Windows\SYSTEM32\NTASN1.dll
0x00007ffec0c50000 - 0x00007ffec0d03000 	C:\Windows\WinSxS\amd64_microsoft.windows.common-controls_6595b64144ccf1df_5.82.22621.5983_none_b43eefe36389d177\comctl32.dll

dbghelp: loaded successfully - version: 4.0.5 - missing functions: none
symbol engine: initialized successfully - sym options: 0x614 - pdb path: .;D:\Program Files\Java\jdk-21\bin;C:\Windows\SYSTEM32;C:\Windows\WinSxS\amd64_microsoft.windows.common-controls_6595b64144ccf1df_6.0.22621.6060_none_2712eda17382d24b;D:\Program Files\Java\jdk-21\bin\server;C:\Windows\WinSxS\amd64_microsoft.windows.common-controls_6595b64144ccf1df_5.82.22621.5983_none_b43eefe36389d177

VM Arguments:
jvm_args: -Dfile.encoding=UTF-8 --enable-preview --module-path=C:\belajar netbeans\Aplikasi Kasir Laundryyy\build\classes 
java_command: GUI.main
java_class_path (initial): D:\Program Files\NetBeans-25\netbeans\java\modules\ext\AbsoluteLayout.jar;C:\Users\lenov\Downloads\mysql-connector-j-9.4.0.jar;C:\Users\lenov\Downloads\jcalendar-1.4.jar;C:\Users\lenov\Downloads\jfreechart-1.5.4.jar;C:\belajar netbeans\Aplikasi Kasir Laundryyy\build\classes
Launcher Type: SUN_STANDARD

[Global flags]
     intx CICompilerCount                          = 4                                         {product} {ergonomic}
     uint ConcGCThreads                            = 3                                         {product} {ergonomic}
     uint G1ConcRefinementThreads                  = 10                                        {product} {ergonomic}
   size_t G1HeapRegionSize                         = 1048576                                   {product} {ergonomic}
    uintx GCDrainStackTargetSize                   = 64                                        {product} {ergonomic}
   size_t InitialHeapSize                          = 130023424                                 {product} {ergonomic}
   size_t MarkStackSize                            = 4194304                                   {product} {ergonomic}
   size_t MaxHeapSize                              = 2067791872                                {product} {ergonomic}
   size_t MaxNewSize                               = 1240465408                                {product} {ergonomic}
   size_t MinHeapDeltaBytes                        = 1048576                                   {product} {ergonomic}
   size_t MinHeapSize                              = 8388608                                   {product} {ergonomic}
    uintx NonNMethodCodeHeapSize                   = 5839372                                {pd product} {ergonomic}
    uintx NonProfiledCodeHeapSize                  = 122909434                              {pd product} {ergonomic}
    uintx ProfiledCodeHeapSize                     = 122909434                              {pd product} {ergonomic}
    uintx ReservedCodeCacheSize                    = 251658240                              {pd product} {ergonomic}
     bool SegmentedCodeCache                       = true                                      {product} {ergonomic}
   size_t SoftMaxHeapSize                          = 2067791872                             {manageable} {ergonomic}
     bool UseCompressedOops                        = true                           {product lp64_product} {ergonomic}
     bool UseG1GC                                  = true                                      {product} {ergonomic}
     bool UseLargePagesIndividualAllocation        = false                                  {pd product} {ergonomic}

Logging:
Log output configuration:
 #0: stdout all=warning uptime,level,tags foldmultilines=false
 #1: stderr all=off uptime,level,tags foldmultilines=false

Environment Variables:
PATH=C:\Program Files\Volta\;C:\Program Files\Common Files\Oracle\Java\javapath;C:\Windows\system32;C:\Windows;C:\Windows\System32\Wbem;C:\Windows\System32\WindowsPowerShell\v1.0\;C:\Windows\System32\OpenSSH\;C:\Users\lenov\AppData\Roaming\npm;C:\Program Files\Git\cmd;D:\Program Files\cursor\resources\app\bin;C:\Users\lenov\AppData\Local\nvm;C:\nvm4w\nodejs;D:\Program Files\node\;C:\Users\lenov\AppData\Local\Volta\bin;C:\Users\lenov\AppData\Local\Programs\Python\Python312\Scripts\;C:\Users\lenov\AppData\Local\Programs\Python\Python312\;C:\Users\lenov\AppData\Local\Microsoft\WindowsApps;C:\Users\lenov\AppData\Local\Programs\Microsoft VS Code\bin;C:\Users\lenov\AppData\Local\Microsoft\WinGet\Packages\Schniz.fnm_Microsoft.Winget.Source_8wekyb3d8bbwe;C:\Users\lenov\AppData\Local\nvm;C:\nvm4w\nodejs;C:\Users\lenov\AppData\Roaming\npm
USERNAME=LENOVO
OS=Windows_NT
PROCESSOR_IDENTIFIER=Intel64 Family 6 Model 154 Stepping 3, GenuineIntel
TMP=C:\Users\lenov\AppData\Local\Temp
TEMP=C:\Users\lenov\AppData\Local\Temp




Periodic native trim disabled

---------------  S Y S T E M  ---------------

OS:
 Windows 11 , 64 bit Build 22621 (10.0.22621.5415)
OS uptime: 0 days 6:13 hours
Hyper-V role detected

CPU: total 12 (initial active 12) (6 cores per cpu, 2 threads per core) family 6 model 154 stepping 3 microcode 0x429, cx8, cmov, fxsr, ht, mmx, 3dnowpref, sse, sse2, sse3, ssse3, sse4.1, sse4.2, popcnt, lzcnt, tsc, tscinvbit, avx, avx2, aes, erms, clmul, bmi1, bmi2, adx, sha, fma, vzeroupper, clflush, clflushopt, clwb, hv, serialize, rdtscp, rdpid, fsrm, f16c, cet_ibt, cet_ss
Processor Information for processor 0
  Max Mhz: 2000, Current Mhz: 2000, Mhz Limit: 2000
Processor Information for processor 1
  Max Mhz: 2000, Current Mhz: 2000, Mhz Limit: 2000
Processor Information for processor 2
  Max Mhz: 2000, Current Mhz: 2000, Mhz Limit: 2000
Processor Information for processor 3
  Max Mhz: 2000, Current Mhz: 2000, Mhz Limit: 2000
Processor Information for processor 4
  Max Mhz: 2000, Current Mhz: 2000, Mhz Limit: 2000
Processor Information for processor 5
  Max Mhz: 2000, Current Mhz: 2000, Mhz Limit: 2000
Processor Information for processor 6
  Max Mhz: 2000, Current Mhz: 2000, Mhz Limit: 2000
Processor Information for processor 7
  Max Mhz: 2000, Current Mhz: 2000, Mhz Limit: 2000
Processor Information for processor 8
  Max Mhz: 2000, Current Mhz: 1500, Mhz Limit: 1500
Processor Information for processor 9
  Max Mhz: 2000, Current Mhz: 1500, Mhz Limit: 1500
Processor Information for processor 10
  Max Mhz: 2000, Current Mhz: 1500, Mhz Limit: 1500
Processor Information for processor 11
  Max Mhz: 2000, Current Mhz: 1500, Mhz Limit: 1500

Memory: 4k page, system-wide physical 7884M (338M free)
TotalPageFile size 16835M (AvailPageFile size 29M)
current process WorkingSet (physical memory assigned to process): 48M, peak: 144M
current process commit charge ("private bytes"): 200M, peak: 270M

vm_info: Java HotSpot(TM) 64-Bit Server VM (21.0.7+8-LTS-245) for windows-amd64 JRE (21.0.7+8-LTS-245), built on 2025-02-21T05:11:27Z by "mach5one" with MS VC++ 17.6 (VS2022)

END.
