#
# There is insufficient memory for the Java Runtime Environment to continue.
# Native memory allocation (malloc) failed to allocate 547936 bytes for Chunk::new
# Possible reasons:
#   The system is out of physical RAM or swap space
#   The process is running with CompressedOops enabled, and the Java Heap may be blocking the growth of the native heap
# Possible solutions:
#   Reduce memory load on the system
#   Increase physical memory or swap space
#   Check if swap backing store is full
#   Decrease Java heap size (-Xmx/-Xms)
#   Decrease number of Java threads
#   Decrease Java thread stack sizes (-Xss)
#   Set larger code cache with -XX:ReservedCodeCacheSize=
#   JVM is running with Unscaled Compressed Oops mode in which the Java heap is
#     placed in the first 4GB address space. The Java Heap base address is the
#     maximum limit for the native heap growth. Please use -XX:HeapBaseMinAddress
#     to set the Java Heap base and to place the Java Heap above 4GB virtual address.
# This output file may be truncated or incomplete.
#
#  Out of Memory Error (arena.cpp:168), pid=8716, tid=12032
#
# JRE version: Java(TM) SE Runtime Environment (21.0.7+8) (build 21.0.7+8-LTS-245)
# Java VM: Java HotSpot(TM) 64-Bit Server VM (21.0.7+8-LTS-245, mixed mode, sharing, tiered, compressed oops, compressed class ptrs, g1 gc, windows-amd64)
# No core dump will be written. Minidumps are not enabled by default on client versions of Windows
#

---------------  S U M M A R Y ------------

Command Line: -Dfile.encoding=UTF-8 --enable-preview --module-path=C:\belajar netbeans\Aplikasi Kasir Laundryyy\build\classes GUI.main

Host: 12th Gen Intel(R) Core(TM) i5-12450H, 12 cores, 7G,  Windows 11 , 64 bit Build 22621 (10.0.22621.5415)
Time: Wed Dec 31 12:04:13 2025 SE Asia Standard Time elapsed time: 26.528265 seconds (0d 0h 0m 26s)

---------------  T H R E A D  ---------------

Current thread (0x0000022b79dfec20):  JavaThread "C2 CompilerThread0" daemon [_thread_in_native, id=12032, stack(0x000000efc3c00000,0x000000efc3d00000) (1024K)]


Current CompileTask:
C2:  26528 2955   !   4       sun.awt.PostEventQueue::flush (168 bytes)

Stack: [0x000000efc3c00000,0x000000efc3d00000]
Native frames: (J=compiled Java code, j=interpreted, Vv=VM code, C=native code)
V  [jvm.dll+0x6cae19]
V  [jvm.dll+0x855741]
V  [jvm.dll+0x857c6e]
V  [jvm.dll+0x858343]
V  [jvm.dll+0x27e0b6]
V  [jvm.dll+0xc4ecd]
V  [jvm.dll+0xc5403]
V  [jvm.dll+0x2f145d]
V  [jvm.dll+0x5f5a8a]
V  [jvm.dll+0x24fbc2]
V  [jvm.dll+0x24ff7f]
V  [jvm.dll+0x248a9c]
V  [jvm.dll+0x246004]
V  [jvm.dll+0x1c6efe]
V  [jvm.dll+0x255819]
V  [jvm.dll+0x253daa]
V  [jvm.dll+0x3eebb6]
V  [jvm.dll+0x7ffa1b]
V  [jvm.dll+0x6c94fd]
C  [ucrtbase.dll+0x29333]
C  [KERNEL32.DLL+0x1259d]
C  [ntdll.dll+0x5af78]


---------------  P R O C E S S  ---------------

Threads class SMR info:
_java_thread_list=0x0000022b518e0410, length=17, elements={
0x0000022b79ded4f0, 0x0000022b79dee200, 0x0000022b79df3dd0, 0x0000022b79df7100,
0x0000022b79df49a0, 0x0000022b79df5030, 0x0000022b79dfec20, 0x0000022b79e02410,
0x0000022b79df6a70, 0x0000022b79df7790, 0x0000022b79df56c0, 0x0000022b79df5d50,
0x0000022b79df7e20, 0x0000022b79df63e0, 0x0000022b7e310500, 0x0000022b7e30fe70,
0x0000022b7e30afb0
}

Java Threads: ( => current thread )
  0x0000022b79ded4f0 JavaThread "Reference Handler"          daemon [_thread_blocked, id=17672, stack(0x000000efc3600000,0x000000efc3700000) (1024K)]
  0x0000022b79dee200 JavaThread "Finalizer"                  daemon [_thread_blocked, id=17860, stack(0x000000efc3700000,0x000000efc3800000) (1024K)]
  0x0000022b79df3dd0 JavaThread "Signal Dispatcher"          daemon [_thread_blocked, id=12368, stack(0x000000efc3800000,0x000000efc3900000) (1024K)]
  0x0000022b79df7100 JavaThread "Attach Listener"            daemon [_thread_blocked, id=15932, stack(0x000000efc3900000,0x000000efc3a00000) (1024K)]
  0x0000022b79df49a0 JavaThread "Service Thread"             daemon [_thread_blocked, id=23776, stack(0x000000efc3a00000,0x000000efc3b00000) (1024K)]
  0x0000022b79df5030 JavaThread "Monitor Deflation Thread"   daemon [_thread_blocked, id=22940, stack(0x000000efc3b00000,0x000000efc3c00000) (1024K)]
=>0x0000022b79dfec20 JavaThread "C2 CompilerThread0"         daemon [_thread_in_native, id=12032, stack(0x000000efc3c00000,0x000000efc3d00000) (1024K)]
  0x0000022b79e02410 JavaThread "C1 CompilerThread0"         daemon [_thread_blocked, id=10544, stack(0x000000efc3d00000,0x000000efc3e00000) (1024K)]
  0x0000022b79df6a70 JavaThread "Common-Cleaner"             daemon [_thread_blocked, id=20768, stack(0x000000efc3e00000,0x000000efc3f00000) (1024K)]
  0x0000022b79df7790 JavaThread "Notification Thread"        daemon [_thread_blocked, id=8688, stack(0x000000efc3f00000,0x000000efc4000000) (1024K)]
  0x0000022b79df56c0 JavaThread "Java2D Disposer"            daemon [_thread_blocked, id=19816, stack(0x000000efc4100000,0x000000efc4200000) (1024K)]
  0x0000022b79df5d50 JavaThread "AWT-Shutdown"                      [_thread_blocked, id=9852, stack(0x000000efc4200000,0x000000efc4300000) (1024K)]
  0x0000022b79df7e20 JavaThread "AWT-Windows"                daemon [_thread_in_native, id=14396, stack(0x000000efc4300000,0x000000efc4400000) (1024K)]
  0x0000022b79df63e0 JavaThread "AWT-EventQueue-0"                  [_thread_blocked, id=20580, stack(0x000000efc4400000,0x000000efc4500000) (1024K)]
  0x0000022b7e310500 JavaThread "DestroyJavaVM"                     [_thread_blocked, id=25084, stack(0x000000efc2e00000,0x000000efc2f00000) (1024K)]
  0x0000022b7e30fe70 JavaThread "TimerQueue"                 daemon [_thread_blocked, id=25280, stack(0x000000efc4900000,0x000000efc4a00000) (1024K)]
  0x0000022b7e30afb0 JavaThread "mysql-cj-abandoned-connection-cleanup" daemon [_thread_blocked, id=11492, stack(0x000000efc4000000,0x000000efc4100000) (1024K)]
Total: 17

Other Threads:
  0x0000022b79ddc2e0 VMThread "VM Thread"                           [id=10216, stack(0x000000efc3500000,0x000000efc3600000) (1024K)]
  0x0000022b79dc5da0 WatcherThread "VM Periodic Task Thread"        [id=15412, stack(0x000000efc3400000,0x000000efc3500000) (1024K)]
  0x0000022b6c16bf30 WorkerThread "GC Thread#0"                     [id=10888, stack(0x000000efc2f00000,0x000000efc3000000) (1024K)]
  0x0000022b519588b0 WorkerThread "GC Thread#1"                     [id=21356, stack(0x000000efc4b00000,0x000000efc4c00000) (1024K)]
  0x0000022b51316f40 WorkerThread "GC Thread#2"                     [id=21072, stack(0x000000efc4c00000,0x000000efc4d00000) (1024K)]
  0x0000022b513172e0 WorkerThread "GC Thread#3"                     [id=304, stack(0x000000efc4d00000,0x000000efc4e00000) (1024K)]
  0x0000022b518d72c0 WorkerThread "GC Thread#4"                     [id=2472, stack(0x000000efc4e00000,0x000000efc4f00000) (1024K)]
  0x0000022b518d7660 WorkerThread "GC Thread#5"                     [id=15936, stack(0x000000efc4f00000,0x000000efc5000000) (1024K)]
  0x0000022b515b3c10 WorkerThread "GC Thread#6"                     [id=7796, stack(0x000000efc5000000,0x000000efc5100000) (1024K)]
  0x0000022b51a792a0 WorkerThread "GC Thread#7"                     [id=22124, stack(0x000000efc5100000,0x000000efc5200000) (1024K)]
  0x0000022b51a78080 WorkerThread "GC Thread#8"                     [id=14408, stack(0x000000efc5200000,0x000000efc5300000) (1024K)]
  0x0000022b51a79640 WorkerThread "GC Thread#9"                     [id=16584, stack(0x000000efc5300000,0x000000efc5400000) (1024K)]
  0x0000022b6c17d750 ConcurrentGCThread "G1 Main Marker"            [id=15568, stack(0x000000efc3000000,0x000000efc3100000) (1024K)]
  0x0000022b6c17e9f0 WorkerThread "G1 Conc#0"                       [id=14744, stack(0x000000efc3100000,0x000000efc3200000) (1024K)]
  0x0000022b6c1deac0 ConcurrentGCThread "G1 Refine#0"               [id=4380, stack(0x000000efc3200000,0x000000efc3300000) (1024K)]
  0x0000022b79c978e0 ConcurrentGCThread "G1 Service"                [id=22372, stack(0x000000efc3300000,0x000000efc3400000) (1024K)]
Total: 16

Threads with active compile tasks:
C2 CompilerThread0    26551 2955   !   4       sun.awt.PostEventQueue::flush (168 bytes)
Total: 1

VM state: not at safepoint (normal execution)

VM Mutex/Monitor currently owned by a thread: None

Heap address: 0x0000000084c00000, size: 1972 MB, Compressed Oops mode: 32-bit

CDS archive(s) mapped at: [0x0000022b0f000000-0x0000022b0fc90000-0x0000022b0fc90000), size 13172736, SharedBaseAddress: 0x0000022b0f000000, ArchiveRelocationMode: 1.
Compressed class space mapped at: 0x0000022b10000000-0x0000022b50000000, reserved size: 1073741824
Narrow klass base: 0x0000022b0f000000, Narrow klass shift: 0, Narrow klass range: 0x100000000

GC Precious Log:
 CardTable entry size: 512
 Card Set container configuration: InlinePtr #cards 5 size 8 Array Of Cards #cards 12 size 40 Howl #buckets 4 coarsen threshold 1843 Howl Bitmap #cards 512 size 80 coarsen threshold 460 Card regions per heap region 1 cards per card region 2048
 CPUs: 12 total, 12 available
 Memory: 7884M
 Large Page Support: Disabled
 NUMA Support: Disabled
 Compressed Oops: Enabled (32-bit)
 Heap Region Size: 1M
 Heap Min Capacity: 8M
 Heap Initial Capacity: 124M
 Heap Max Capacity: 1972M
 Pre-touch: Disabled
 Parallel Workers: 10
 Concurrent Workers: 3
 Concurrent Refinement Workers: 10
 Periodic GC: Disabled

Heap:
 garbage-first heap   total 126976K, used 31308K [0x0000000084c00000, 0x0000000100000000)
  region size 1024K, 12 young (12288K), 3 survivors (3072K)
 Metaspace       used 20788K, committed 21056K, reserved 1114112K
  class space    used 2254K, committed 2368K, reserved 1048576K

Heap Regions: E=young(eden), S=young(survivor), O=old, HS=humongous(starts), HC=humongous(continues), CS=collection set, F=free, TAMS=top-at-mark-start, PB=parsable bottom
|   0|0x0000000084c00000, 0x0000000084d00000, 0x0000000084d00000|100%|HS|  |TAMS 0x0000000084c00000| PB 0x0000000084c00000| Complete 
|   1|0x0000000084d00000, 0x0000000084e00000, 0x0000000084e00000|100%|HC|  |TAMS 0x0000000084d00000| PB 0x0000000084d00000| Complete 
|   2|0x0000000084e00000, 0x0000000084f00000, 0x0000000084f00000|100%| O|  |TAMS 0x0000000084e00000| PB 0x0000000084e00000| Untracked 
|   3|0x0000000084f00000, 0x0000000085000000, 0x0000000085000000|100%| O|  |TAMS 0x0000000084f00000| PB 0x0000000084f00000| Untracked 
|   4|0x0000000085000000, 0x0000000085093010, 0x0000000085100000| 57%| O|  |TAMS 0x0000000085000000| PB 0x0000000085000000| Untracked 
|   5|0x0000000085100000, 0x0000000085200000, 0x0000000085200000|100%|HS|  |TAMS 0x0000000085100000| PB 0x0000000085100000| Complete 
|   6|0x0000000085200000, 0x0000000085300000, 0x0000000085300000|100%|HC|  |TAMS 0x0000000085200000| PB 0x0000000085200000| Complete 
|   7|0x0000000085300000, 0x0000000085400000, 0x0000000085400000|100%|HC|  |TAMS 0x0000000085300000| PB 0x0000000085300000| Complete 
|   8|0x0000000085400000, 0x0000000085500000, 0x0000000085500000|100%|HC|  |TAMS 0x0000000085400000| PB 0x0000000085400000| Complete 
|   9|0x0000000085500000, 0x0000000085600000, 0x0000000085600000|100%|HC|  |TAMS 0x0000000085500000| PB 0x0000000085500000| Complete 
|  10|0x0000000085600000, 0x0000000085700000, 0x0000000085700000|100%|HC|  |TAMS 0x0000000085600000| PB 0x0000000085600000| Complete 
|  11|0x0000000085700000, 0x0000000085800000, 0x0000000085800000|100%|HC|  |TAMS 0x0000000085700000| PB 0x0000000085700000| Complete 
|  12|0x0000000085800000, 0x0000000085900000, 0x0000000085900000|100%|HS|  |TAMS 0x0000000085800000| PB 0x0000000085800000| Complete 
|  13|0x0000000085900000, 0x0000000085a00000, 0x0000000085a00000|100%|HC|  |TAMS 0x0000000085900000| PB 0x0000000085900000| Complete 
|  14|0x0000000085a00000, 0x0000000085b00000, 0x0000000085b00000|100%|HC|  |TAMS 0x0000000085a00000| PB 0x0000000085a00000| Complete 
|  15|0x0000000085b00000, 0x0000000085c00000, 0x0000000085c00000|100%|HC|  |TAMS 0x0000000085b00000| PB 0x0000000085b00000| Complete 
|  16|0x0000000085c00000, 0x0000000085d00000, 0x0000000085d00000|100%|HC|  |TAMS 0x0000000085c00000| PB 0x0000000085c00000| Complete 
|  17|0x0000000085d00000, 0x0000000085e00000, 0x0000000085e00000|100%|HC|  |TAMS 0x0000000085d00000| PB 0x0000000085d00000| Complete 
|  18|0x0000000085e00000, 0x0000000085f00000, 0x0000000085f00000|100%|HC|  |TAMS 0x0000000085e00000| PB 0x0000000085e00000| Complete 
|  19|0x0000000085f00000, 0x0000000086000000, 0x0000000086000000|100%|HC|  |TAMS 0x0000000085f00000| PB 0x0000000085f00000| Complete 
|  20|0x0000000086000000, 0x0000000086000000, 0x0000000086100000|  0%| F|  |TAMS 0x0000000086000000| PB 0x0000000086000000| Untracked 
|  21|0x0000000086100000, 0x0000000086100000, 0x0000000086200000|  0%| F|  |TAMS 0x0000000086100000| PB 0x0000000086100000| Untracked 
|  22|0x0000000086200000, 0x0000000086200000, 0x0000000086300000|  0%| F|  |TAMS 0x0000000086200000| PB 0x0000000086200000| Untracked 
|  23|0x0000000086300000, 0x0000000086300000, 0x0000000086400000|  0%| F|  |TAMS 0x0000000086300000| PB 0x0000000086300000| Untracked 
|  24|0x0000000086400000, 0x0000000086400000, 0x0000000086500000|  0%| F|  |TAMS 0x0000000086400000| PB 0x0000000086400000| Untracked 
|  25|0x0000000086500000, 0x0000000086500000, 0x0000000086600000|  0%| F|  |TAMS 0x0000000086500000| PB 0x0000000086500000| Untracked 
|  26|0x0000000086600000, 0x0000000086600000, 0x0000000086700000|  0%| F|  |TAMS 0x0000000086600000| PB 0x0000000086600000| Untracked 
|  27|0x0000000086700000, 0x0000000086700000, 0x0000000086800000|  0%| F|  |TAMS 0x0000000086700000| PB 0x0000000086700000| Untracked 
|  28|0x0000000086800000, 0x0000000086800000, 0x0000000086900000|  0%| F|  |TAMS 0x0000000086800000| PB 0x0000000086800000| Untracked 
|  29|0x0000000086900000, 0x0000000086900000, 0x0000000086a00000|  0%| F|  |TAMS 0x0000000086900000| PB 0x0000000086900000| Untracked 
|  30|0x0000000086a00000, 0x0000000086a00000, 0x0000000086b00000|  0%| F|  |TAMS 0x0000000086a00000| PB 0x0000000086a00000| Untracked 
|  31|0x0000000086b00000, 0x0000000086b00000, 0x0000000086c00000|  0%| F|  |TAMS 0x0000000086b00000| PB 0x0000000086b00000| Untracked 
|  32|0x0000000086c00000, 0x0000000086c00000, 0x0000000086d00000|  0%| F|  |TAMS 0x0000000086c00000| PB 0x0000000086c00000| Untracked 
|  33|0x0000000086d00000, 0x0000000086d00000, 0x0000000086e00000|  0%| F|  |TAMS 0x0000000086d00000| PB 0x0000000086d00000| Untracked 
|  34|0x0000000086e00000, 0x0000000086e00000, 0x0000000086f00000|  0%| F|  |TAMS 0x0000000086e00000| PB 0x0000000086e00000| Untracked 
|  35|0x0000000086f00000, 0x0000000086f00000, 0x0000000087000000|  0%| F|  |TAMS 0x0000000086f00000| PB 0x0000000086f00000| Untracked 
|  36|0x0000000087000000, 0x0000000087000000, 0x0000000087100000|  0%| F|  |TAMS 0x0000000087000000| PB 0x0000000087000000| Untracked 
|  37|0x0000000087100000, 0x0000000087100000, 0x0000000087200000|  0%| F|  |TAMS 0x0000000087100000| PB 0x0000000087100000| Untracked 
|  38|0x0000000087200000, 0x0000000087200000, 0x0000000087300000|  0%| F|  |TAMS 0x0000000087200000| PB 0x0000000087200000| Untracked 
|  39|0x0000000087300000, 0x0000000087300000, 0x0000000087400000|  0%| F|  |TAMS 0x0000000087300000| PB 0x0000000087300000| Untracked 
|  40|0x0000000087400000, 0x0000000087400000, 0x0000000087500000|  0%| F|  |TAMS 0x0000000087400000| PB 0x0000000087400000| Untracked 
|  41|0x0000000087500000, 0x0000000087500000, 0x0000000087600000|  0%| F|  |TAMS 0x0000000087500000| PB 0x0000000087500000| Untracked 
|  42|0x0000000087600000, 0x0000000087600000, 0x0000000087700000|  0%| F|  |TAMS 0x0000000087600000| PB 0x0000000087600000| Untracked 
|  43|0x0000000087700000, 0x0000000087700000, 0x0000000087800000|  0%| F|  |TAMS 0x0000000087700000| PB 0x0000000087700000| Untracked 
|  44|0x0000000087800000, 0x0000000087800000, 0x0000000087900000|  0%| F|  |TAMS 0x0000000087800000| PB 0x0000000087800000| Untracked 
|  45|0x0000000087900000, 0x0000000087900000, 0x0000000087a00000|  0%| F|  |TAMS 0x0000000087900000| PB 0x0000000087900000| Untracked 
|  46|0x0000000087a00000, 0x0000000087a00000, 0x0000000087b00000|  0%| F|  |TAMS 0x0000000087a00000| PB 0x0000000087a00000| Untracked 
|  47|0x0000000087b00000, 0x0000000087b00000, 0x0000000087c00000|  0%| F|  |TAMS 0x0000000087b00000| PB 0x0000000087b00000| Untracked 
|  48|0x0000000087c00000, 0x0000000087c00000, 0x0000000087d00000|  0%| F|  |TAMS 0x0000000087c00000| PB 0x0000000087c00000| Untracked 
|  49|0x0000000087d00000, 0x0000000087d00000, 0x0000000087e00000|  0%| F|  |TAMS 0x0000000087d00000| PB 0x0000000087d00000| Untracked 
|  50|0x0000000087e00000, 0x0000000087e00000, 0x0000000087f00000|  0%| F|  |TAMS 0x0000000087e00000| PB 0x0000000087e00000| Untracked 
|  51|0x0000000087f00000, 0x0000000087f00000, 0x0000000088000000|  0%| F|  |TAMS 0x0000000087f00000| PB 0x0000000087f00000| Untracked 
|  52|0x0000000088000000, 0x0000000088000000, 0x0000000088100000|  0%| F|  |TAMS 0x0000000088000000| PB 0x0000000088000000| Untracked 
|  53|0x0000000088100000, 0x0000000088100000, 0x0000000088200000|  0%| F|  |TAMS 0x0000000088100000| PB 0x0000000088100000| Untracked 
|  54|0x0000000088200000, 0x0000000088200000, 0x0000000088300000|  0%| F|  |TAMS 0x0000000088200000| PB 0x0000000088200000| Untracked 
|  55|0x0000000088300000, 0x0000000088300000, 0x0000000088400000|  0%| F|  |TAMS 0x0000000088300000| PB 0x0000000088300000| Untracked 
|  56|0x0000000088400000, 0x0000000088400000, 0x0000000088500000|  0%| F|  |TAMS 0x0000000088400000| PB 0x0000000088400000| Untracked 
|  57|0x0000000088500000, 0x0000000088500000, 0x0000000088600000|  0%| F|  |TAMS 0x0000000088500000| PB 0x0000000088500000| Untracked 
|  58|0x0000000088600000, 0x0000000088600000, 0x0000000088700000|  0%| F|  |TAMS 0x0000000088600000| PB 0x0000000088600000| Untracked 
|  59|0x0000000088700000, 0x0000000088700000, 0x0000000088800000|  0%| F|  |TAMS 0x0000000088700000| PB 0x0000000088700000| Untracked 
|  60|0x0000000088800000, 0x0000000088800000, 0x0000000088900000|  0%| F|  |TAMS 0x0000000088800000| PB 0x0000000088800000| Untracked 
|  61|0x0000000088900000, 0x0000000088900000, 0x0000000088a00000|  0%| F|  |TAMS 0x0000000088900000| PB 0x0000000088900000| Untracked 
|  62|0x0000000088a00000, 0x0000000088a00000, 0x0000000088b00000|  0%| F|  |TAMS 0x0000000088a00000| PB 0x0000000088a00000| Untracked 
|  63|0x0000000088b00000, 0x0000000088b00000, 0x0000000088c00000|  0%| F|  |TAMS 0x0000000088b00000| PB 0x0000000088b00000| Untracked 
|  64|0x0000000088c00000, 0x0000000088c00000, 0x0000000088d00000|  0%| F|  |TAMS 0x0000000088c00000| PB 0x0000000088c00000| Untracked 
|  65|0x0000000088d00000, 0x0000000088d00000, 0x0000000088e00000|  0%| F|  |TAMS 0x0000000088d00000| PB 0x0000000088d00000| Untracked 
|  66|0x0000000088e00000, 0x0000000088e00000, 0x0000000088f00000|  0%| F|  |TAMS 0x0000000088e00000| PB 0x0000000088e00000| Untracked 
|  67|0x0000000088f00000, 0x0000000088f00000, 0x0000000089000000|  0%| F|  |TAMS 0x0000000088f00000| PB 0x0000000088f00000| Untracked 
|  68|0x0000000089000000, 0x0000000089000000, 0x0000000089100000|  0%| F|  |TAMS 0x0000000089000000| PB 0x0000000089000000| Untracked 
|  69|0x0000000089100000, 0x0000000089100000, 0x0000000089200000|  0%| F|  |TAMS 0x0000000089100000| PB 0x0000000089100000| Untracked 
|  70|0x0000000089200000, 0x0000000089200000, 0x0000000089300000|  0%| F|  |TAMS 0x0000000089200000| PB 0x0000000089200000| Untracked 
|  71|0x0000000089300000, 0x0000000089300000, 0x0000000089400000|  0%| F|  |TAMS 0x0000000089300000| PB 0x0000000089300000| Untracked 
|  72|0x0000000089400000, 0x0000000089400000, 0x0000000089500000|  0%| F|  |TAMS 0x0000000089400000| PB 0x0000000089400000| Untracked 
|  73|0x0000000089500000, 0x0000000089500000, 0x0000000089600000|  0%| F|  |TAMS 0x0000000089500000| PB 0x0000000089500000| Untracked 
|  74|0x0000000089600000, 0x0000000089600000, 0x0000000089700000|  0%| F|  |TAMS 0x0000000089600000| PB 0x0000000089600000| Untracked 
|  75|0x0000000089700000, 0x0000000089700000, 0x0000000089800000|  0%| F|  |TAMS 0x0000000089700000| PB 0x0000000089700000| Untracked 
|  76|0x0000000089800000, 0x0000000089800000, 0x0000000089900000|  0%| F|  |TAMS 0x0000000089800000| PB 0x0000000089800000| Untracked 
|  77|0x0000000089900000, 0x0000000089900000, 0x0000000089a00000|  0%| F|  |TAMS 0x0000000089900000| PB 0x0000000089900000| Untracked 
|  78|0x0000000089a00000, 0x0000000089a00000, 0x0000000089b00000|  0%| F|  |TAMS 0x0000000089a00000| PB 0x0000000089a00000| Untracked 
|  79|0x0000000089b00000, 0x0000000089b00000, 0x0000000089c00000|  0%| F|  |TAMS 0x0000000089b00000| PB 0x0000000089b00000| Untracked 
|  80|0x0000000089c00000, 0x0000000089c00000, 0x0000000089d00000|  0%| F|  |TAMS 0x0000000089c00000| PB 0x0000000089c00000| Untracked 
|  81|0x0000000089d00000, 0x0000000089d00000, 0x0000000089e00000|  0%| F|  |TAMS 0x0000000089d00000| PB 0x0000000089d00000| Untracked 
|  82|0x0000000089e00000, 0x0000000089e00000, 0x0000000089f00000|  0%| F|  |TAMS 0x0000000089e00000| PB 0x0000000089e00000| Untracked 
|  83|0x0000000089f00000, 0x0000000089f00000, 0x000000008a000000|  0%| F|  |TAMS 0x0000000089f00000| PB 0x0000000089f00000| Untracked 
|  84|0x000000008a000000, 0x000000008a000000, 0x000000008a100000|  0%| F|  |TAMS 0x000000008a000000| PB 0x000000008a000000| Untracked 
|  85|0x000000008a100000, 0x000000008a100000, 0x000000008a200000|  0%| F|  |TAMS 0x000000008a100000| PB 0x000000008a100000| Untracked 
|  86|0x000000008a200000, 0x000000008a200000, 0x000000008a300000|  0%| F|  |TAMS 0x000000008a200000| PB 0x000000008a200000| Untracked 
|  87|0x000000008a300000, 0x000000008a300000, 0x000000008a400000|  0%| F|  |TAMS 0x000000008a300000| PB 0x000000008a300000| Untracked 
|  88|0x000000008a400000, 0x000000008a400000, 0x000000008a500000|  0%| F|  |TAMS 0x000000008a400000| PB 0x000000008a400000| Untracked 
|  89|0x000000008a500000, 0x000000008a500000, 0x000000008a600000|  0%| F|  |TAMS 0x000000008a500000| PB 0x000000008a500000| Untracked 
|  90|0x000000008a600000, 0x000000008a600000, 0x000000008a700000|  0%| F|  |TAMS 0x000000008a600000| PB 0x000000008a600000| Untracked 
|  91|0x000000008a700000, 0x000000008a700000, 0x000000008a800000|  0%| F|  |TAMS 0x000000008a700000| PB 0x000000008a700000| Untracked 
|  92|0x000000008a800000, 0x000000008a800000, 0x000000008a900000|  0%| F|  |TAMS 0x000000008a800000| PB 0x000000008a800000| Untracked 
|  93|0x000000008a900000, 0x000000008a900000, 0x000000008aa00000|  0%| F|  |TAMS 0x000000008a900000| PB 0x000000008a900000| Untracked 
|  94|0x000000008aa00000, 0x000000008aa00000, 0x000000008ab00000|  0%| F|  |TAMS 0x000000008aa00000| PB 0x000000008aa00000| Untracked 
|  95|0x000000008ab00000, 0x000000008ab00000, 0x000000008ac00000|  0%| F|  |TAMS 0x000000008ab00000| PB 0x000000008ab00000| Untracked 
|  96|0x000000008ac00000, 0x000000008ac00000, 0x000000008ad00000|  0%| F|  |TAMS 0x000000008ac00000| PB 0x000000008ac00000| Untracked 
|  97|0x000000008ad00000, 0x000000008ad00000, 0x000000008ae00000|  0%| F|  |TAMS 0x000000008ad00000| PB 0x000000008ad00000| Untracked 
|  98|0x000000008ae00000, 0x000000008af00000, 0x000000008af00000|100%| S|CS|TAMS 0x000000008ae00000| PB 0x000000008ae00000| Complete 
|  99|0x000000008af00000, 0x000000008b000000, 0x000000008b000000|100%| S|CS|TAMS 0x000000008af00000| PB 0x000000008af00000| Complete 
| 100|0x000000008b000000, 0x000000008b100000, 0x000000008b100000|100%| S|CS|TAMS 0x000000008b000000| PB 0x000000008b000000| Complete 
| 101|0x000000008b100000, 0x000000008b100000, 0x000000008b200000|  0%| F|  |TAMS 0x000000008b100000| PB 0x000000008b100000| Untracked 
| 102|0x000000008b200000, 0x000000008b200000, 0x000000008b300000|  0%| F|  |TAMS 0x000000008b200000| PB 0x000000008b200000| Untracked 
| 103|0x000000008b300000, 0x000000008b300000, 0x000000008b400000|  0%| F|  |TAMS 0x000000008b300000| PB 0x000000008b300000| Untracked 
| 104|0x000000008b400000, 0x000000008b400000, 0x000000008b500000|  0%| F|  |TAMS 0x000000008b400000| PB 0x000000008b400000| Untracked 
| 105|0x000000008b500000, 0x000000008b500000, 0x000000008b600000|  0%| F|  |TAMS 0x000000008b500000| PB 0x000000008b500000| Untracked 
| 106|0x000000008b600000, 0x000000008b600000, 0x000000008b700000|  0%| F|  |TAMS 0x000000008b600000| PB 0x000000008b600000| Untracked 
| 107|0x000000008b700000, 0x000000008b700000, 0x000000008b800000|  0%| F|  |TAMS 0x000000008b700000| PB 0x000000008b700000| Untracked 
| 108|0x000000008b800000, 0x000000008b800000, 0x000000008b900000|  0%| F|  |TAMS 0x000000008b800000| PB 0x000000008b800000| Untracked 
| 109|0x000000008b900000, 0x000000008b900000, 0x000000008ba00000|  0%| F|  |TAMS 0x000000008b900000| PB 0x000000008b900000| Untracked 
| 110|0x000000008ba00000, 0x000000008ba00000, 0x000000008bb00000|  0%| F|  |TAMS 0x000000008ba00000| PB 0x000000008ba00000| Untracked 
| 111|0x000000008bb00000, 0x000000008bb00000, 0x000000008bc00000|  0%| F|  |TAMS 0x000000008bb00000| PB 0x000000008bb00000| Untracked 
| 112|0x000000008bc00000, 0x000000008bc00000, 0x000000008bd00000|  0%| F|  |TAMS 0x000000008bc00000| PB 0x000000008bc00000| Untracked 
| 113|0x000000008bd00000, 0x000000008bd00000, 0x000000008be00000|  0%| F|  |TAMS 0x000000008bd00000| PB 0x000000008bd00000| Untracked 
| 114|0x000000008be00000, 0x000000008be00000, 0x000000008bf00000|  0%| F|  |TAMS 0x000000008be00000| PB 0x000000008be00000| Untracked 
| 115|0x000000008bf00000, 0x000000008c000000, 0x000000008c000000|100%| E|  |TAMS 0x000000008bf00000| PB 0x000000008bf00000| Complete 
| 116|0x000000008c000000, 0x000000008c100000, 0x000000008c100000|100%| E|CS|TAMS 0x000000008c000000| PB 0x000000008c000000| Complete 
| 117|0x000000008c100000, 0x000000008c200000, 0x000000008c200000|100%| E|CS|TAMS 0x000000008c100000| PB 0x000000008c100000| Complete 
| 118|0x000000008c200000, 0x000000008c300000, 0x000000008c300000|100%| E|CS|TAMS 0x000000008c200000| PB 0x000000008c200000| Complete 
| 119|0x000000008c300000, 0x000000008c400000, 0x000000008c400000|100%| E|CS|TAMS 0x000000008c300000| PB 0x000000008c300000| Complete 
| 120|0x000000008c400000, 0x000000008c500000, 0x000000008c500000|100%| E|CS|TAMS 0x000000008c400000| PB 0x000000008c400000| Complete 
| 121|0x000000008c500000, 0x000000008c600000, 0x000000008c600000|100%| E|CS|TAMS 0x000000008c500000| PB 0x000000008c500000| Complete 
| 122|0x000000008c600000, 0x000000008c700000, 0x000000008c700000|100%| E|CS|TAMS 0x000000008c600000| PB 0x000000008c600000| Complete 
| 123|0x000000008c700000, 0x000000008c800000, 0x000000008c800000|100%| E|CS|TAMS 0x000000008c700000| PB 0x000000008c700000| Complete 

Card table byte_map: [0x0000022b74ee0000,0x0000022b752c0000] _byte_map_base: 0x0000022b74aba000

Marking Bits: (CMBitMap*) 0x0000022b6c16c630
 Bits: [0x0000022b752c0000, 0x0000022b77190000)

Polling page: 0x0000022b6a120000

Metaspace:

Usage:
  Non-class:     18.10 MB used.
      Class:      2.20 MB used.
       Both:     20.30 MB used.

Virtual space:
  Non-class space:       64.00 MB reserved,      18.25 MB ( 29%) committed,  1 nodes.
      Class space:        1.00 GB reserved,       2.31 MB ( <1%) committed,  1 nodes.
             Both:        1.06 GB reserved,      20.56 MB (  2%) committed. 

Chunk freelists:
   Non-Class:  12.98 MB
       Class:  13.63 MB
        Both:  26.61 MB

MaxMetaspaceSize: unlimited
CompressedClassSpaceSize: 1.00 GB
Initial GC threshold: 21.00 MB
Current GC threshold: 21.00 MB
CDS: on
 - commit_granule_bytes: 65536.
 - commit_granule_words: 8192.
 - virtual_space_node_default_size: 8388608.
 - enlarge_chunks_in_place: 1.
 - use_allocation_guard: 0.


Internal statistics:

num_allocs_failed_limit: 0.
num_arena_births: 222.
num_arena_deaths: 0.
num_vsnodes_births: 2.
num_vsnodes_deaths: 0.
num_space_committed: 329.
num_space_uncommitted: 0.
num_chunks_returned_to_freelist: 0.
num_chunks_taken_from_freelist: 477.
num_chunk_merges: 0.
num_chunk_splits: 284.
num_chunks_enlarged: 164.
num_inconsistent_stats: 0.

CodeHeap 'non-profiled nmethods': size=120000Kb used=1013Kb max_used=1013Kb free=118987Kb
 bounds [0x0000022b07ad0000, 0x0000022b07d40000, 0x0000022b0f000000]
CodeHeap 'profiled nmethods': size=120000Kb used=5639Kb max_used=5639Kb free=114360Kb
 bounds [0x0000022b00000000, 0x0000022b00590000, 0x0000022b07530000]
CodeHeap 'non-nmethods': size=5760Kb used=1722Kb max_used=1748Kb free=4037Kb
 bounds [0x0000022b07530000, 0x0000022b077a0000, 0x0000022b07ad0000]
 total_blobs=3708 nmethods=2955 adapters=656
 compilation: enabled
              stopped_count=0, restarted_count=0
 full_count=0

Compilation events (20 events):
Event: 24.998 Thread 0x0000022b79e02410 nmethod 2945 0x0000022b0057ab90 code [0x0000022b0057ad40, 0x0000022b0057aef0]
Event: 25.248 Thread 0x0000022b79dfec20 2946       4       java.awt.Component::getContainer (5 bytes)
Event: 25.249 Thread 0x0000022b79dfec20 nmethod 2946 0x0000022b07bcc690 code [0x0000022b07bcc820, 0x0000022b07bcc8b0]
Event: 25.249 Thread 0x0000022b79dfec20 2947       4       java.awt.Component::getInputContext (16 bytes)
Event: 25.249 Thread 0x0000022b79dfec20 nmethod 2947 0x0000022b07bcc990 code [0x0000022b07bccb20, 0x0000022b07bccbf8]
Event: 25.249 Thread 0x0000022b79e02410 2948       3       javax.swing.UIManager::get (8 bytes)
Event: 25.250 Thread 0x0000022b79e02410 nmethod 2948 0x0000022b0057b010 code [0x0000022b0057b1e0, 0x0000022b0057b3e8]
Event: 25.251 Thread 0x0000022b79dfec20 2949       4       java.util.IdentityHashMap$IdentityHashMapIterator::hasNext (50 bytes)
Event: 25.253 Thread 0x0000022b79dfec20 nmethod 2949 0x0000022b07bccc90 code [0x0000022b07bcce20, 0x0000022b07bcd020]
Event: 26.010 Thread 0x0000022b79e02410 2950       3       java.util.Vector::<init> (7 bytes)
Event: 26.011 Thread 0x0000022b79e02410 nmethod 2950 0x0000022b0057b510 code [0x0000022b0057b6c0, 0x0000022b0057b800]
Event: 26.011 Thread 0x0000022b79e02410 2951       3       java.util.Vector::<init> (49 bytes)
Event: 26.011 Thread 0x0000022b79e02410 nmethod 2951 0x0000022b0057b890 code [0x0000022b0057bae0, 0x0000022b0057c2f0]
Event: 26.255 Thread 0x0000022b79e02410 2952       3       javax.swing.RepaintManager::scheduleProcessingRunnable (69 bytes)
Event: 26.256 Thread 0x0000022b79e02410 nmethod 2952 0x0000022b0057c610 code [0x0000022b0057c960, 0x0000022b0057db60]
Event: 26.256 Thread 0x0000022b79e02410 2953       3       sun.java2d.SunGraphics2D::checkFontInfo (760 bytes)
Event: 26.257 Thread 0x0000022b79e02410 nmethod 2953 0x0000022b0057e110 code [0x0000022b0057e5a0, 0x0000022b00580b60]
Event: 26.367 Thread 0x0000022b79dfec20 2954       4       java.util.concurrent.locks.ReentrantLock$Sync::isHeldExclusively (16 bytes)
Event: 26.368 Thread 0x0000022b79dfec20 nmethod 2954 0x0000022b07bcd110 code [0x0000022b07bcd2a0, 0x0000022b07bcd360]
Event: 26.495 Thread 0x0000022b79dfec20 2955   !   4       sun.awt.PostEventQueue::flush (168 bytes)

GC Heap History (2 events):
Event: 8.555 GC heap before
{Heap before GC invocations=0 (full 0):
 garbage-first heap   total 126976K, used 24576K [0x0000000084c00000, 0x0000000100000000)
  region size 1024K, 23 young (23552K), 0 survivors (0K)
 Metaspace       used 18322K, committed 18624K, reserved 1114112K
  class space    used 1993K, committed 2112K, reserved 1048576K
}
Event: 8.564 GC heap after
{Heap after GC invocations=1 (full 0):
 garbage-first heap   total 126976K, used 7756K [0x0000000084c00000, 0x0000000100000000)
  region size 1024K, 3 young (3072K), 3 survivors (3072K)
 Metaspace       used 18322K, committed 18624K, reserved 1114112K
  class space    used 1993K, committed 2112K, reserved 1048576K
}

Dll operation events (11 events):
Event: 0.011 Loaded shared library D:\Program Files\Java\jdk-21\bin\java.dll
Event: 0.065 Loaded shared library D:\Program Files\Java\jdk-21\bin\jsvml.dll
Event: 0.098 Loaded shared library D:\Program Files\Java\jdk-21\bin\net.dll
Event: 0.100 Loaded shared library D:\Program Files\Java\jdk-21\bin\nio.dll
Event: 0.126 Loaded shared library D:\Program Files\Java\jdk-21\bin\zip.dll
Event: 0.163 Loaded shared library D:\Program Files\Java\jdk-21\bin\jimage.dll
Event: 0.167 Loaded shared library D:\Program Files\Java\jdk-21\bin\awt.dll
Event: 0.346 Loaded shared library D:\Program Files\Java\jdk-21\bin\freetype.dll
Event: 0.347 Loaded shared library D:\Program Files\Java\jdk-21\bin\fontmanager.dll
Event: 8.048 Loaded shared library D:\Program Files\Java\jdk-21\bin\extnet.dll
Event: 8.171 Loaded shared library D:\Program Files\Java\jdk-21\bin\sunmscapi.dll

Deoptimization events (20 events):
Event: 9.934 Thread 0x0000022b79df63e0 Uncommon trap: trap_request=0xffffffbe fr.pc=0x0000022b07ba76ac relative=0x0000000000000fec
Event: 9.934 Thread 0x0000022b79df63e0 Uncommon trap: reason=profile_predicate action=maybe_recompile pc=0x0000022b07ba76ac method=javax.swing.GroupLayout$Group.calculateSize(II)I @ 71 c2
Event: 9.934 Thread 0x0000022b79df63e0 DEOPT PACKING pc=0x0000022b07ba76ac sp=0x000000efc44fdcb0
Event: 9.934 Thread 0x0000022b79df63e0 DEOPT UNPACKING pc=0x0000022b075846a2 sp=0x000000efc44fdc58 mode 2
Event: 9.934 Thread 0x0000022b79df63e0 Uncommon trap: trap_request=0xffffffbe fr.pc=0x0000022b07ba76ac relative=0x0000000000000fec
Event: 9.934 Thread 0x0000022b79df63e0 Uncommon trap: reason=profile_predicate action=maybe_recompile pc=0x0000022b07ba76ac method=javax.swing.GroupLayout$Group.calculateSize(II)I @ 71 c2
Event: 9.934 Thread 0x0000022b79df63e0 DEOPT PACKING pc=0x0000022b07ba76ac sp=0x000000efc44fdb00
Event: 9.934 Thread 0x0000022b79df63e0 DEOPT UNPACKING pc=0x0000022b075846a2 sp=0x000000efc44fdaa8 mode 2
Event: 9.934 Thread 0x0000022b79df63e0 Uncommon trap: trap_request=0xffffffbe fr.pc=0x0000022b07ba76ac relative=0x0000000000000fec
Event: 9.934 Thread 0x0000022b79df63e0 Uncommon trap: reason=profile_predicate action=maybe_recompile pc=0x0000022b07ba76ac method=javax.swing.GroupLayout$Group.calculateSize(II)I @ 71 c2
Event: 9.934 Thread 0x0000022b79df63e0 DEOPT PACKING pc=0x0000022b07ba76ac sp=0x000000efc44fd8d0
Event: 9.934 Thread 0x0000022b79df63e0 DEOPT UNPACKING pc=0x0000022b075846a2 sp=0x000000efc44fd878 mode 2
Event: 9.934 Thread 0x0000022b79df63e0 Uncommon trap: trap_request=0xffffffbe fr.pc=0x0000022b07ba76ac relative=0x0000000000000fec
Event: 9.934 Thread 0x0000022b79df63e0 Uncommon trap: reason=profile_predicate action=maybe_recompile pc=0x0000022b07ba76ac method=javax.swing.GroupLayout$Group.calculateSize(II)I @ 71 c2
Event: 9.934 Thread 0x0000022b79df63e0 DEOPT PACKING pc=0x0000022b07ba76ac sp=0x000000efc44fd8d0
Event: 9.934 Thread 0x0000022b79df63e0 DEOPT UNPACKING pc=0x0000022b075846a2 sp=0x000000efc44fd878 mode 2
Event: 10.888 Thread 0x0000022b79df63e0 Uncommon trap: trap_request=0xffffff45 fr.pc=0x0000022b07b6cfd8 relative=0x0000000000000cd8
Event: 10.888 Thread 0x0000022b79df63e0 Uncommon trap: reason=unstable_if action=reinterpret pc=0x0000022b07b6cfd8 method=java.util.regex.Pattern$Start.match(Ljava/util/regex/Matcher;ILjava/lang/CharSequence;)Z @ 10 c2
Event: 10.888 Thread 0x0000022b79df63e0 DEOPT PACKING pc=0x0000022b07b6cfd8 sp=0x000000efc44fdfb0
Event: 10.888 Thread 0x0000022b79df63e0 DEOPT UNPACKING pc=0x0000022b075846a2 sp=0x000000efc44fdf40 mode 2

Classes loaded (20 events):
Event: 9.843 Loading class javax/swing/JTable$PrintMode
Event: 9.843 Loading class javax/swing/JTable$PrintMode done
Event: 9.843 Loading class javax/swing/table/DefaultTableCellRenderer$UIResource
Event: 9.843 Loading class javax/swing/table/DefaultTableCellRenderer$UIResource done
Event: 10.888 Loading class sun/util/locale/provider/BaseLocaleDataMetaInfo
Event: 10.888 Loading class sun/util/locale/provider/BaseLocaleDataMetaInfo done
Event: 10.890 Loading class sun/util/resources/LocaleData$CommonResourceBundleProvider
Event: 10.891 Loading class sun/util/resources/LocaleData$LocaleDataResourceBundleProvider
Event: 10.891 Loading class java/util/spi/ResourceBundleProvider
Event: 10.891 Loading class java/util/spi/ResourceBundleProvider done
Event: 10.891 Loading class sun/util/resources/LocaleData$LocaleDataResourceBundleProvider done
Event: 10.891 Loading class sun/util/resources/LocaleData$CommonResourceBundleProvider done
Event: 11.889 Loading class javax/swing/text/GapContent$RemoveUndo
Event: 11.889 Loading class javax/swing/text/GapContent$RemoveUndo done
Event: 11.889 Loading class javax/swing/text/GapContent$UndoPosRef
Event: 11.889 Loading class javax/swing/text/GapContent$UndoPosRef done
Event: 17.112 Loading class javax/swing/JToggleButton$1
Event: 17.113 Loading class javax/swing/JToggleButton$1 done
Event: 17.192 Loading class java/awt/event/ItemEvent
Event: 17.192 Loading class java/awt/event/ItemEvent done

Classes unloaded (0 events):
No events

Classes redefined (0 events):
No events

Internal exceptions (20 events):
Event: 0.305 Thread 0x0000022b69fcece0 Exception <a 'java/lang/ClassNotFoundException'{0x000000008c3fb380}: com/sun/swing/internal/plaf/basic/resources/spi/basicProvider> (0x000000008c3fb380) 
thrown [s\open\src\hotspot\share\classfile\systemDictionary.cpp, line 312]
Event: 0.312 Thread 0x0000022b69fcece0 Exception <a 'java/lang/NoSuchMethodError'{0x000000008c2095b0}: 'java.lang.Object java.lang.invoke.DirectMethodHandle$Holder.invokeStatic(java.lang.Object, java.lang.Object, int, java.lang.Object)'> (0x000000008c2095b0) 
thrown [s\open\src\hotspot\share\interpreter\linkResolver.cpp, line 773]
Event: 0.313 Thread 0x0000022b69fcece0 Exception <a 'java/lang/NoSuchMethodError'{0x000000008c20f6c0}: 'java.lang.Object java.lang.invoke.DirectMethodHandle$Holder.newInvokeSpecial(java.lang.Object, java.lang.Object, int)'> (0x000000008c20f6c0) 
thrown [s\open\src\hotspot\share\interpreter\linkResolver.cpp, line 773]
Event: 0.390 Thread 0x0000022b79df63e0 Exception <a 'java/lang/NoSuchMethodError'{0x000000008c2dafc0}: 'int java.lang.invoke.Invokers$Holder.invokeExact_MT(java.lang.Object, java.lang.Object)'> (0x000000008c2dafc0) 
thrown [s\open\src\hotspot\share\interpreter\linkResolver.cpp, line 773]
Event: 0.528 Thread 0x0000022b7e30a290 Exception <a 'java/lang/NoSuchMethodError'{0x000000008bf14f88}: 'java.lang.Object java.lang.invoke.DirectMethodHandle$Holder.newInvokeSpecial(java.lang.Object, java.lang.Object, java.lang.Object, int, int, int, int, int)'> (0x000000008bf14f88) 
thrown [s\open\src\hotspot\share\interpreter\linkResolver.cpp, line 773]
Event: 0.546 Thread 0x0000022b79df7e20 Exception <a 'java/lang/NoSuchMethodError'{0x000000008c4f9fe8}: 'void java.lang.invoke.DirectMethodHandle$Holder.invokeVirtual(java.lang.Object, java.lang.Object)'> (0x000000008c4f9fe8) 
thrown [s\open\src\hotspot\share\interpreter\linkResolver.cpp, line 773]
Event: 7.929 Thread 0x0000022b79df63e0 Exception <a 'java/lang/NoSuchMethodError'{0x000000008bd9e8c0}: 'void java.lang.invoke.DirectMethodHandle$Holder.invokeStatic(java.lang.Object, java.lang.Object)'> (0x000000008bd9e8c0) 
thrown [s\open\src\hotspot\share\interpreter\linkResolver.cpp, line 773]
Event: 7.954 Thread 0x0000022b79df63e0 Exception <a 'java/lang/NoSuchMethodError'{0x000000008bc4ec00}: 'java.lang.Object java.lang.invoke.DirectMethodHandle$Holder.invokeInterface(java.lang.Object, java.lang.Object)'> (0x000000008bc4ec00) 
thrown [s\open\src\hotspot\share\interpreter\linkResolver.cpp, line 773]
Event: 7.973 Thread 0x0000022b79df63e0 Exception <a 'java/lang/NoSuchMethodError'{0x000000008bcd5ea0}: 'void java.lang.invoke.DirectMethodHandle$Holder.invokeStatic(java.lang.Object, java.lang.Object, java.lang.Object)'> (0x000000008bcd5ea0) 
thrown [s\open\src\hotspot\share\interpreter\linkResolver.cpp, line 773]
Event: 7.976 Thread 0x0000022b79df63e0 Exception <a 'java/lang/NoSuchMethodError'{0x000000008bce3418}: 'java.lang.Object java.lang.invoke.DirectMethodHandle$Holder.invokeVirtual(java.lang.Object, java.lang.Object, java.lang.Object)'> (0x000000008bce3418) 
thrown [s\open\src\hotspot\share\interpreter\linkResolver.cpp, line 773]
Event: 8.129 Thread 0x0000022b79df63e0 Exception <a 'java/lang/NoSuchMethodError'{0x000000008b62cb28}: 'void java.lang.invoke.DirectMethodHandle$Holder.invokeStaticInit(java.lang.Object, java.lang.Object)'> (0x000000008b62cb28) 
thrown [s\open\src\hotspot\share\interpreter\linkResolver.cpp, line 773]
Event: 8.214 Thread 0x0000022b79df63e0 Exception <a 'sun/nio/fs/WindowsException'{0x000000008b57f360}> (0x000000008b57f360) 
thrown [s\open\src\hotspot\share\prims\jni.cpp, line 520]
Event: 8.263 Thread 0x0000022b79df63e0 Exception <a 'java/lang/NoSuchMethodError'{0x000000008b42c7a0}: 'java.lang.Object java.lang.invoke.DirectMethodHandle$Holder.invokeStaticInit(java.lang.Object, int, int, int, int)'> (0x000000008b42c7a0) 
thrown [s\open\src\hotspot\share\interpreter\linkResolver.cpp, line 773]
Event: 8.287 Thread 0x0000022b79df63e0 Exception <a 'java/lang/NoSuchMethodError'{0x000000008b4eabf8}: 'java.lang.Object java.lang.invoke.DirectMethodHandle$Holder.invokeStaticInit(java.lang.Object, java.lang.Object, int, int, int, int)'> (0x000000008b4eabf8) 
thrown [s\open\src\hotspot\share\interpreter\linkResolver.cpp, line 773]
Event: 8.335 Thread 0x0000022b79df63e0 Exception <a 'java/lang/NoSuchMethodError'{0x000000008b350d20}: 'int java.lang.invoke.DirectMethodHandle$Holder.invokeSpecial(java.lang.Object, java.lang.Object, java.lang.Object)'> (0x000000008b350d20) 
thrown [s\open\src\hotspot\share\interpreter\linkResolver.cpp, line 773]
Event: 8.545 Thread 0x0000022b79df63e0 Exception <a 'java/lang/NoSuchMethodError'{0x000000008b1d33d8}: 'void java.lang.invoke.DirectMethodHandle$Holder.invokeStatic(java.lang.Object, java.lang.Object, java.lang.Object, java.lang.Object)'> (0x000000008b1d33d8) 
thrown [s\open\src\hotspot\share\interpreter\linkResolver.cpp, line 773]
Event: 8.579 Thread 0x0000022b79df63e0 Exception <a 'java/lang/NoSuchMethodError'{0x000000008c73ea90}: 'void java.lang.invoke.DirectMethodHandle$Holder.invokeInterface(java.lang.Object, java.lang.Object, java.lang.Object, java.lang.Object)'> (0x000000008c73ea90) 
thrown [s\open\src\hotspot\share\interpreter\linkResolver.cpp, line 773]
Event: 8.706 Thread 0x0000022b79df63e0 Exception <a 'java/lang/NoSuchMethodError'{0x000000008c53da98}: 'int java.lang.invoke.DirectMethodHandle$Holder.invokeStatic(java.lang.Object)'> (0x000000008c53da98) 
thrown [s\open\src\hotspot\share\interpreter\linkResolver.cpp, line 773]
Event: 8.714 Thread 0x0000022b79df63e0 Exception <a 'java/lang/NoSuchMethodError'{0x000000008c55a5a0}: 'java.lang.Object java.lang.invoke.DirectMethodHandle$Holder.newInvokeSpecial(java.lang.Object, int, java.lang.Object)'> (0x000000008c55a5a0) 
thrown [s\open\src\hotspot\share\interpreter\linkResolver.cpp, line 773]
Event: 9.886 Thread 0x0000022b79df63e0 Exception <a 'java/lang/NoSuchMethodError'{0x000000008c3ea698}: 'java.lang.Object java.lang.invoke.DirectMethodHandle$Holder.newInvokeSpecial(java.lang.Object, java.lang.Object, int, java.lang.Object, double)'> (0x000000008c3ea698) 
thrown [s\open\src\hotspot\share\interpreter\linkResolver.cpp, line 773]

ZGC Phase Switch (0 events):
No events

VM Operations (20 events):
Event: 12.976 Executing VM operation: Cleanup
Event: 12.976 Executing VM operation: Cleanup done
Event: 13.981 Executing VM operation: Cleanup
Event: 13.981 Executing VM operation: Cleanup done
Event: 15.995 Executing VM operation: Cleanup
Event: 15.995 Executing VM operation: Cleanup done
Event: 16.996 Executing VM operation: Cleanup
Event: 16.996 Executing VM operation: Cleanup done
Event: 19.011 Executing VM operation: Cleanup
Event: 19.011 Executing VM operation: Cleanup done
Event: 20.025 Executing VM operation: Cleanup
Event: 20.025 Executing VM operation: Cleanup done
Event: 22.030 Executing VM operation: Cleanup
Event: 22.030 Executing VM operation: Cleanup done
Event: 23.045 Executing VM operation: Cleanup
Event: 23.045 Executing VM operation: Cleanup done
Event: 24.057 Executing VM operation: Cleanup
Event: 24.057 Executing VM operation: Cleanup done
Event: 26.072 Executing VM operation: Cleanup
Event: 26.072 Executing VM operation: Cleanup done

Events (20 events):
Event: 0.319 Thread 0x0000022b79df63e0 Thread added: 0x0000022b79df63e0
Event: 0.319 Thread 0x0000022b69fcece0 Thread exited: 0x0000022b69fcece0
Event: 0.319 Thread 0x0000022b7e310500 Thread added: 0x0000022b7e310500
Event: 0.449 Thread 0x0000022b7e30a290 Thread added: 0x0000022b7e30a290
Event: 0.781 Thread 0x0000022b7e30fe70 Thread added: 0x0000022b7e30fe70
Event: 1.215 Thread 0x0000022b7e23c210 Thread exited: 0x0000022b7e23c210
Event: 5.544 Thread 0x0000022b7e30a290 Thread exited: 0x0000022b7e30a290
Event: 7.930 Thread 0x0000022b7e30afb0 Thread added: 0x0000022b7e30afb0
Event: 7.966 Thread 0x0000022b7e3f39a0 Thread added: 0x0000022b7e3f39a0
Event: 8.390 Thread 0x0000022b7fe9d770 Thread added: 0x0000022b7fe9d770
Event: 8.774 Thread 0x0000022b7fe9d770 Thread exited: 0x0000022b7fe9d770
Event: 9.081 Thread 0x0000022b7e3f39a0 Thread exited: 0x0000022b7e3f39a0
Event: 9.665 Thread 0x0000022b7e311220 Thread added: 0x0000022b7e311220
Event: 9.909 Thread 0x0000022b51375750 Thread added: 0x0000022b51375750
Event: 9.909 Thread 0x0000022b513764f0 Thread added: 0x0000022b513764f0
Event: 10.042 Thread 0x0000022b513764f0 Thread exited: 0x0000022b513764f0
Event: 10.057 Thread 0x0000022b51375750 Thread exited: 0x0000022b51375750
Event: 10.891 Thread 0x0000022b513749b0 Thread added: 0x0000022b513749b0
Event: 11.889 Thread 0x0000022b513749b0 Thread exited: 0x0000022b513749b0
Event: 14.700 Thread 0x0000022b7e311220 Thread exited: 0x0000022b7e311220


Dynamic libraries:
0x00007ff7614c0000 - 0x00007ff7614d0000 	D:\Program Files\Java\jdk-21\bin\java.exe
0x00007fff5a370000 - 0x00007fff5a588000 	C:\Windows\SYSTEM32\ntdll.dll
0x00007fff58d40000 - 0x00007fff58e04000 	C:\Windows\System32\KERNEL32.DLL
0x00007fff57a40000 - 0x00007fff57e13000 	C:\Windows\System32\KERNELBASE.dll
0x00007fff57480000 - 0x00007fff57591000 	C:\Windows\System32\ucrtbase.dll
0x00007fff49df0000 - 0x00007fff49e0b000 	D:\Program Files\Java\jdk-21\bin\VCRUNTIME140.dll
0x00007fff49030000 - 0x00007fff49049000 	D:\Program Files\Java\jdk-21\bin\jli.dll
0x00007fff58c80000 - 0x00007fff58d31000 	C:\Windows\System32\ADVAPI32.dll
0x00007fff58b20000 - 0x00007fff58bc7000 	C:\Windows\System32\msvcrt.dll
0x00007fff58bd0000 - 0x00007fff58c78000 	C:\Windows\System32\sechost.dll
0x00007fff57a10000 - 0x00007fff57a38000 	C:\Windows\System32\bcrypt.dll
0x00007fff59f40000 - 0x00007fff5a058000 	C:\Windows\System32\RPCRT4.dll
0x00007fff59d20000 - 0x00007fff59ed2000 	C:\Windows\System32\USER32.dll
0x00007fff57780000 - 0x00007fff577a6000 	C:\Windows\System32\win32u.dll
0x00007fff3fcc0000 - 0x00007fff3ff5c000 	C:\Windows\WinSxS\amd64_microsoft.windows.common-controls_6595b64144ccf1df_6.0.22621.6060_none_2712eda17382d24b\COMCTL32.dll
0x00007fff5a080000 - 0x00007fff5a0a9000 	C:\Windows\System32\GDI32.dll
0x00007fff575a0000 - 0x00007fff576bb000 	C:\Windows\System32\gdi32full.dll
0x00007fff577b0000 - 0x00007fff5784a000 	C:\Windows\System32\msvcp_win.dll
0x00007fff3cfd0000 - 0x00007fff3cfda000 	C:\Windows\SYSTEM32\VERSION.dll
0x00007fff598c0000 - 0x00007fff598f1000 	C:\Windows\System32\IMM32.DLL
0x00007fff52630000 - 0x00007fff5263c000 	D:\Program Files\Java\jdk-21\bin\vcruntime140_1.dll
0x00007fff1dfa0000 - 0x00007fff1e02e000 	D:\Program Files\Java\jdk-21\bin\msvcp140.dll
0x00007ffeb8000000 - 0x00007ffeb8d1a000 	D:\Program Files\Java\jdk-21\bin\server\jvm.dll
0x00007fff59760000 - 0x00007fff597d1000 	C:\Windows\System32\WS2_32.dll
0x00007fff57350000 - 0x00007fff5739d000 	C:\Windows\SYSTEM32\POWRPROF.dll
0x00007fff4efc0000 - 0x00007fff4eff4000 	C:\Windows\SYSTEM32\WINMM.dll
0x00007fff57330000 - 0x00007fff57343000 	C:\Windows\SYSTEM32\UMPDC.dll
0x00007fff56420000 - 0x00007fff56438000 	C:\Windows\SYSTEM32\kernel.appcore.dll
0x00007fff52590000 - 0x00007fff5259a000 	D:\Program Files\Java\jdk-21\bin\jimage.dll
0x00007fff54840000 - 0x00007fff54a73000 	C:\Windows\SYSTEM32\DBGHELP.DLL
0x00007fff59900000 - 0x00007fff59c91000 	C:\Windows\System32\combase.dll
0x00007fff589d0000 - 0x00007fff58aa8000 	C:\Windows\System32\OLEAUT32.dll
0x00007fff23d30000 - 0x00007fff23d62000 	C:\Windows\SYSTEM32\dbgcore.DLL
0x00007fff57850000 - 0x00007fff578cb000 	C:\Windows\System32\bcryptPrimitives.dll
0x00007fff49810000 - 0x00007fff4982f000 	D:\Program Files\Java\jdk-21\bin\java.dll
0x00007fff58120000 - 0x00007fff589bc000 	C:\Windows\System32\SHELL32.dll
0x00007fff578d0000 - 0x00007fff57a0f000 	C:\Windows\System32\wintypes.dll
0x00007fff55330000 - 0x00007fff55c4a000 	C:\Windows\SYSTEM32\windows.storage.dll
0x00007fff58010000 - 0x00007fff58114000 	C:\Windows\System32\SHCORE.dll
0x00007fff59830000 - 0x00007fff59899000 	C:\Windows\System32\shlwapi.dll
0x00007fff573b0000 - 0x00007fff573d5000 	C:\Windows\SYSTEM32\profapi.dll
0x00007fff08ec0000 - 0x00007fff08f97000 	D:\Program Files\Java\jdk-21\bin\jsvml.dll
0x00007fff52550000 - 0x00007fff52560000 	D:\Program Files\Java\jdk-21\bin\net.dll
0x00007fff53090000 - 0x00007fff531bc000 	C:\Windows\SYSTEM32\WINHTTP.dll
0x00007fff568f0000 - 0x00007fff56959000 	C:\Windows\system32\mswsock.dll
0x00007fff497a0000 - 0x00007fff497b6000 	D:\Program Files\Java\jdk-21\bin\nio.dll
0x00007fff493a0000 - 0x00007fff493b8000 	D:\Program Files\Java\jdk-21\bin\zip.dll
0x00007fff03da0000 - 0x00007fff03f2f000 	D:\Program Files\Java\jdk-21\bin\awt.dll
0x00007fff4e970000 - 0x00007fff4ea07000 	C:\Windows\SYSTEM32\apphelp.dll
0x00007fff54530000 - 0x00007fff545e3000 	C:\Windows\system32\uxtheme.dll
0x00007fff594e0000 - 0x00007fff59640000 	C:\Windows\System32\MSCTF.dll
0x00007fff5a0b0000 - 0x00007fff5a251000 	C:\Windows\System32\ole32.dll
0x00007fff54bb0000 - 0x00007fff54bdb000 	C:\Windows\system32\DWMAPI.DLL
0x00007fff3e530000 - 0x00007fff3e630000 	C:\Windows\system32\opengl32.dll
0x00007fff3e770000 - 0x00007fff3e79d000 	C:\Windows\SYSTEM32\GLU32.dll
0x00007fff54800000 - 0x00007fff54837000 	C:\Windows\SYSTEM32\dxcore.dll
0x00007fff0aab0000 - 0x00007fff0ab37000 	D:\Program Files\Java\jdk-21\bin\freetype.dll
0x00007fff04ce0000 - 0x00007fff04dc1000 	D:\Program Files\Java\jdk-21\bin\fontmanager.dll
0x00007fff5a280000 - 0x00007fff5a330000 	C:\Windows\System32\clbcatq.dll
0x00007fff54180000 - 0x00007fff54332000 	C:\Windows\SYSTEM32\WindowsCodecs.dll
0x00007fff26c50000 - 0x00007fff26cae000 	C:\Windows\system32\dataexchange.dll
0x00007fff51830000 - 0x00007fff51ad6000 	C:\Windows\system32\twinapi.appcore.dll
0x00007fff409a0000 - 0x00007fff40ae5000 	C:\Windows\SYSTEM32\textinputframework.dll
0x00007fff4e4a0000 - 0x00007fff4e5d3000 	C:\Windows\SYSTEM32\CoreMessaging.dll
0x00007fff4b680000 - 0x00007fff4b9ec000 	C:\Windows\SYSTEM32\CoreUIComponents.dll
0x00007fff56b30000 - 0x00007fff56b3c000 	C:\Windows\SYSTEM32\CRYPTBASE.DLL
0x00007fff55f70000 - 0x00007fff56068000 	C:\Windows\SYSTEM32\DNSAPI.dll
0x00007fff55ef0000 - 0x00007fff55f1d000 	C:\Windows\SYSTEM32\IPHLPAPI.DLL
0x00007fff59750000 - 0x00007fff59759000 	C:\Windows\System32\NSI.dll
0x00007fff52bd0000 - 0x00007fff52bda000 	C:\Windows\System32\rasadhlp.dll
0x00007fff4ea80000 - 0x00007fff4eb04000 	C:\Windows\System32\fwpuclnt.dll
0x00007fff49fb0000 - 0x00007fff49fb9000 	D:\Program Files\Java\jdk-21\bin\extnet.dll
0x00007fff49100000 - 0x00007fff4910e000 	D:\Program Files\Java\jdk-21\bin\sunmscapi.dll
0x00007fff57e20000 - 0x00007fff57f88000 	C:\Windows\System32\CRYPT32.dll
0x00007fff56d50000 - 0x00007fff56d7e000 	C:\Windows\SYSTEM32\ncrypt.dll
0x00007fff56d10000 - 0x00007fff56d47000 	C:\Windows\SYSTEM32\NTASN1.dll
0x00007fff56b10000 - 0x00007fff56b2b000 	C:\Windows\SYSTEM32\CRYPTSP.dll
0x00007fff56380000 - 0x00007fff563b7000 	C:\Windows\system32\rsaenh.dll
0x00007fff56990000 - 0x00007fff569b8000 	C:\Windows\SYSTEM32\USERENV.dll
0x00007fff27070000 - 0x00007fff27123000 	C:\Windows\WinSxS\amd64_microsoft.windows.common-controls_6595b64144ccf1df_5.82.22621.5983_none_b43eefe36389d177\comctl32.dll

dbghelp: loaded successfully - version: 4.0.5 - missing functions: none
symbol engine: initialized successfully - sym options: 0x614 - pdb path: .;D:\Program Files\Java\jdk-21\bin;C:\Windows\SYSTEM32;C:\Windows\WinSxS\amd64_microsoft.windows.common-controls_6595b64144ccf1df_6.0.22621.6060_none_2712eda17382d24b;D:\Program Files\Java\jdk-21\bin\server;C:\Windows\WinSxS\amd64_microsoft.windows.common-controls_6595b64144ccf1df_5.82.22621.5983_none_b43eefe36389d177

VM Arguments:
jvm_args: -Dfile.encoding=UTF-8 --enable-preview --module-path=C:\belajar netbeans\Aplikasi Kasir Laundryyy\build\classes 
java_command: GUI.main
java_class_path (initial): D:\Program Files\NetBeans-25\netbeans\java\modules\ext\AbsoluteLayout.jar;C:\Users\lenov\Downloads\mysql-connector-j-9.4.0.jar;C:\belajar netbeans\Aplikasi Kasir Laundryyy\build\classes
Launcher Type: SUN_STANDARD

[Global flags]
     intx CICompilerCount                          = 4                                         {product} {ergonomic}
     uint ConcGCThreads                            = 3                                         {product} {ergonomic}
     uint G1ConcRefinementThreads                  = 10                                        {product} {ergonomic}
   size_t G1HeapRegionSize                         = 1048576                                   {product} {ergonomic}
    uintx GCDrainStackTargetSize                   = 64                                        {product} {ergonomic}
   size_t InitialHeapSize                          = 130023424                                 {product} {ergonomic}
   size_t MarkStackSize                            = 4194304                                   {product} {ergonomic}
   size_t MaxHeapSize                              = 2067791872                                {product} {ergonomic}
   size_t MaxNewSize                               = 1240465408                                {product} {ergonomic}
   size_t MinHeapDeltaBytes                        = 1048576                                   {product} {ergonomic}
   size_t MinHeapSize                              = 8388608                                   {product} {ergonomic}
    uintx NonNMethodCodeHeapSize                   = 5839372                                {pd product} {ergonomic}
    uintx NonProfiledCodeHeapSize                  = 122909434                              {pd product} {ergonomic}
    uintx ProfiledCodeHeapSize                     = 122909434                              {pd product} {ergonomic}
    uintx ReservedCodeCacheSize                    = 251658240                              {pd product} {ergonomic}
     bool SegmentedCodeCache                       = true                                      {product} {ergonomic}
   size_t SoftMaxHeapSize                          = 2067791872                             {manageable} {ergonomic}
     bool UseCompressedOops                        = true                           {product lp64_product} {ergonomic}
     bool UseG1GC                                  = true                                      {product} {ergonomic}
     bool UseLargePagesIndividualAllocation        = false                                  {pd product} {ergonomic}

Logging:
Log output configuration:
 #0: stdout all=warning uptime,level,tags foldmultilines=false
 #1: stderr all=off uptime,level,tags foldmultilines=false

Environment Variables:
PATH=C:\Program Files\Volta\;C:\Program Files\Common Files\Oracle\Java\javapath;C:\Windows\system32;C:\Windows;C:\Windows\System32\Wbem;C:\Windows\System32\WindowsPowerShell\v1.0\;C:\Windows\System32\OpenSSH\;C:\Users\lenov\AppData\Roaming\npm;C:\Program Files\Git\cmd;D:\Program Files\cursor\resources\app\bin;C:\Users\lenov\AppData\Local\nvm;C:\nvm4w\nodejs;D:\Program Files\node\;C:\Users\lenov\AppData\Local\Volta\bin;C:\Users\lenov\AppData\Local\Programs\Python\Python312\Scripts\;C:\Users\lenov\AppData\Local\Programs\Python\Python312\;C:\Users\lenov\AppData\Local\Microsoft\WindowsApps;C:\Users\lenov\AppData\Local\Programs\Microsoft VS Code\bin;C:\Users\lenov\AppData\Local\Microsoft\WinGet\Packages\Schniz.fnm_Microsoft.Winget.Source_8wekyb3d8bbwe;C:\Users\lenov\AppData\Local\nvm;C:\nvm4w\nodejs;C:\Users\lenov\AppData\Roaming\npm
USERNAME=LENOVO
OS=Windows_NT
PROCESSOR_IDENTIFIER=Intel64 Family 6 Model 154 Stepping 3, GenuineIntel
TMP=C:\Users\lenov\AppData\Local\Temp
TEMP=C:\Users\lenov\AppData\Local\Temp




Periodic native trim disabled

---------------  S Y S T E M  ---------------

OS:
 Windows 11 , 64 bit Build 22621 (10.0.22621.5415)
OS uptime: 2 days 22:14 hours
Hyper-V role detected

CPU: total 12 (initial active 12) (6 cores per cpu, 2 threads per core) family 6 model 154 stepping 3 microcode 0x429, cx8, cmov, fxsr, ht, mmx, 3dnowpref, sse, sse2, sse3, ssse3, sse4.1, sse4.2, popcnt, lzcnt, tsc, tscinvbit, avx, avx2, aes, erms, clmul, bmi1, bmi2, adx, sha, fma, vzeroupper, clflush, clflushopt, clwb, hv, serialize, rdtscp, rdpid, fsrm, f16c, cet_ibt, cet_ss
Processor Information for processor 0
  Max Mhz: 2000, Current Mhz: 2000, Mhz Limit: 2000
Processor Information for processor 1
  Max Mhz: 2000, Current Mhz: 2000, Mhz Limit: 2000
Processor Information for processor 2
  Max Mhz: 2000, Current Mhz: 2000, Mhz Limit: 2000
Processor Information for processor 3
  Max Mhz: 2000, Current Mhz: 2000, Mhz Limit: 2000
Processor Information for processor 4
  Max Mhz: 2000, Current Mhz: 2000, Mhz Limit: 2000
Processor Information for processor 5
  Max Mhz: 2000, Current Mhz: 2000, Mhz Limit: 2000
Processor Information for processor 6
  Max Mhz: 2000, Current Mhz: 2000, Mhz Limit: 2000
Processor Information for processor 7
  Max Mhz: 2000, Current Mhz: 2000, Mhz Limit: 2000
Processor Information for processor 8
  Max Mhz: 2000, Current Mhz: 1500, Mhz Limit: 1500
Processor Information for processor 9
  Max Mhz: 2000, Current Mhz: 1500, Mhz Limit: 1500
Processor Information for processor 10
  Max Mhz: 2000, Current Mhz: 1500, Mhz Limit: 1500
Processor Information for processor 11
  Max Mhz: 2000, Current Mhz: 1500, Mhz Limit: 1500

Memory: 4k page, system-wide physical 7884M (565M free)
TotalPageFile size 19164M (AvailPageFile size 3M)
current process WorkingSet (physical memory assigned to process): 144M, peak: 150M
current process commit charge ("private bytes"): 262M, peak: 269M

vm_info: Java HotSpot(TM) 64-Bit Server VM (21.0.7+8-LTS-245) for windows-amd64 JRE (21.0.7+8-LTS-245), built on 2025-02-21T05:11:27Z by "mach5one" with MS VC++ 17.6 (VS2022)

END.
